{"/Users/oliviervoisin/projects/inventory-processor/app.js": {"path":"/Users/oliviervoisin/projects/inventory-processor/app.js","statementMap":{"0":{"start":{"line":4,"column":16},"end":{"line":4,"column":34}},"1":{"start":{"line":5,"column":13},"end":{"line":5,"column":28}},"2":{"start":{"line":6,"column":15},"end":{"line":6,"column":32}},"3":{"start":{"line":7,"column":13},"end":{"line":7,"column":28}},"4":{"start":{"line":8,"column":15},"end":{"line":8,"column":32}},"5":{"start":{"line":9,"column":15},"end":{"line":9,"column":40}},"6":{"start":{"line":10,"column":31},"end":{"line":10,"column":63}},"7":{"start":{"line":11,"column":15},"end":{"line":11,"column":34}},"8":{"start":{"line":12,"column":23},"end":{"line":12,"column":59}},"9":{"start":{"line":15,"column":12},"end":{"line":15,"column":21}},"10":{"start":{"line":18,"column":0},"end":{"line":20,"column":4}},"11":{"start":{"line":21,"column":0},"end":{"line":21,"column":16}},"12":{"start":{"line":22,"column":0},"end":{"line":22,"column":24}},"13":{"start":{"line":23,"column":0},"end":{"line":23,"column":48}},"14":{"start":{"line":24,"column":0},"end":{"line":24,"column":23}},"15":{"start":{"line":27,"column":0},"end":{"line":27,"column":56}},"16":{"start":{"line":28,"column":0},"end":{"line":28,"column":61}},"17":{"start":{"line":29,"column":0},"end":{"line":29,"column":64}},"18":{"start":{"line":30,"column":0},"end":{"line":30,"column":54}},"19":{"start":{"line":31,"column":0},"end":{"line":31,"column":47}},"20":{"start":{"line":34,"column":0},"end":{"line":34,"column":56}},"21":{"start":{"line":37,"column":0},"end":{"line":39,"column":3}},"22":{"start":{"line":38,"column":2},"end":{"line":38,"column":61}},"23":{"start":{"line":42,"column":0},"end":{"line":42,"column":28}},"24":{"start":{"line":45,"column":0},"end":{"line":47,"column":1}},"25":{"start":{"line":46,"column":2},"end":{"line":46,"column":34}},"26":{"start":{"line":50,"column":0},"end":{"line":59,"column":3}},"27":{"start":{"line":51,"column":2},"end":{"line":51,"column":53}},"28":{"start":{"line":54,"column":2},"end":{"line":56,"column":3}},"29":{"start":{"line":55,"column":4},"end":{"line":55,"column":35}},"30":{"start":{"line":58,"column":2},"end":{"line":58,"column":18}},"31":{"start":{"line":61,"column":0},"end":{"line":70,"column":3}},"32":{"start":{"line":62,"column":2},"end":{"line":62,"column":52}},"33":{"start":{"line":65,"column":2},"end":{"line":67,"column":3}},"34":{"start":{"line":66,"column":4},"end":{"line":66,"column":35}},"35":{"start":{"line":69,"column":2},"end":{"line":69,"column":18}},"36":{"start":{"line":72,"column":0},"end":{"line":72,"column":21}}},"fnMap":{"0":{"name":"(anonymous_0)","decl":{"start":{"line":37,"column":13},"end":{"line":37,"column":14}},"loc":{"start":{"line":37,"column":27},"end":{"line":39,"column":1}},"line":37},"1":{"name":"(anonymous_1)","decl":{"start":{"line":50,"column":22},"end":{"line":50,"column":23}},"loc":{"start":{"line":50,"column":28},"end":{"line":59,"column":1}},"line":50},"2":{"name":"(anonymous_2)","decl":{"start":{"line":61,"column":21},"end":{"line":61,"column":22}},"loc":{"start":{"line":61,"column":27},"end":{"line":70,"column":1}},"line":61}},"branchMap":{"0":{"loc":{"start":{"line":45,"column":0},"end":{"line":47,"column":1}},"type":"if","locations":[{"start":{"line":45,"column":0},"end":{"line":47,"column":1}},{"start":{},"end":{}}],"line":45},"1":{"loc":{"start":{"line":45,"column":4},"end":{"line":45,"column":72}},"type":"binary-expr","locations":[{"start":{"line":45,"column":4},"end":{"line":45,"column":37}},{"start":{"line":45,"column":41},"end":{"line":45,"column":72}}],"line":45},"2":{"loc":{"start":{"line":54,"column":2},"end":{"line":56,"column":3}},"type":"if","locations":[{"start":{"line":54,"column":2},"end":{"line":56,"column":3}},{"start":{},"end":{}}],"line":54},"3":{"loc":{"start":{"line":65,"column":2},"end":{"line":67,"column":3}},"type":"if","locations":[{"start":{"line":65,"column":2},"end":{"line":67,"column":3}},{"start":{},"end":{}}],"line":65}},"s":{"0":1,"1":1,"2":1,"3":1,"4":1,"5":1,"6":1,"7":1,"8":1,"9":1,"10":1,"11":1,"12":1,"13":1,"14":1,"15":1,"16":1,"17":1,"18":1,"19":1,"20":1,"21":1,"22":0,"23":1,"24":1,"25":0,"26":1,"27":0,"28":0,"29":0,"30":0,"31":1,"32":0,"33":0,"34":0,"35":0,"36":1},"f":{"0":0,"1":0,"2":0},"b":{"0":[0,1],"1":[1,0],"2":[0,0],"3":[0,0]},"_coverageSchema":"1a1c01bbd47fc00a2c39e90264f33305004495a9","hash":"ca5c9d077492d549e0e77808834e9703f4f1a0ab"}
,"/Users/oliviervoisin/projects/inventory-processor/config.js": {"path":"/Users/oliviervoisin/projects/inventory-processor/config.js","statementMap":{"0":{"start":{"line":4,"column":0},"end":{"line":4,"column":27}},"1":{"start":{"line":6,"column":15},"end":{"line":52,"column":1}},"2":{"start":{"line":54,"column":0},"end":{"line":54,"column":24}}},"fnMap":{},"branchMap":{"0":{"loc":{"start":{"line":8,"column":8},"end":{"line":8,"column":32}},"type":"binary-expr","locations":[{"start":{"line":8,"column":8},"end":{"line":8,"column":24}},{"start":{"line":8,"column":28},"end":{"line":8,"column":32}}],"line":8},"1":{"loc":{"start":{"line":9,"column":15},"end":{"line":9,"column":52}},"type":"binary-expr","locations":[{"start":{"line":9,"column":15},"end":{"line":9,"column":35}},{"start":{"line":9,"column":39},"end":{"line":9,"column":52}}],"line":9},"2":{"loc":{"start":{"line":10,"column":11},"end":{"line":10,"column":41}},"type":"binary-expr","locations":[{"start":{"line":10,"column":11},"end":{"line":10,"column":30}},{"start":{"line":10,"column":34},"end":{"line":10,"column":41}}],"line":10},"3":{"loc":{"start":{"line":15,"column":14},"end":{"line":15,"column":63}},"type":"binary-expr","locations":[{"start":{"line":15,"column":14},"end":{"line":15,"column":42}},{"start":{"line":15,"column":46},"end":{"line":15,"column":63}}],"line":15},"4":{"loc":{"start":{"line":16,"column":16},"end":{"line":16,"column":70}},"type":"binary-expr","locations":[{"start":{"line":16,"column":16},"end":{"line":16,"column":46}},{"start":{"line":16,"column":50},"end":{"line":16,"column":70}}],"line":16},"5":{"loc":{"start":{"line":20,"column":20},"end":{"line":20,"column":74}},"type":"binary-expr","locations":[{"start":{"line":20,"column":20},"end":{"line":20,"column":50}},{"start":{"line":20,"column":54},"end":{"line":20,"column":74}}],"line":20},"6":{"loc":{"start":{"line":21,"column":23},"end":{"line":21,"column":90}},"type":"binary-expr","locations":[{"start":{"line":21,"column":23},"end":{"line":21,"column":56}},{"start":{"line":21,"column":60},"end":{"line":21,"column":90}}],"line":21},"7":{"loc":{"start":{"line":22,"column":19},"end":{"line":22,"column":62}},"type":"binary-expr","locations":[{"start":{"line":22,"column":19},"end":{"line":22,"column":47}},{"start":{"line":22,"column":51},"end":{"line":22,"column":62}}],"line":22},"8":{"loc":{"start":{"line":37,"column":16},"end":{"line":39,"column":17}},"type":"cond-expr","locations":[{"start":{"line":38,"column":8},"end":{"line":38,"column":67}},{"start":{"line":39,"column":8},"end":{"line":39,"column":17}}],"line":37},"9":{"loc":{"start":{"line":44,"column":11},"end":{"line":44,"column":42}},"type":"binary-expr","locations":[{"start":{"line":44,"column":11},"end":{"line":44,"column":32}},{"start":{"line":44,"column":36},"end":{"line":44,"column":42}}],"line":44},"10":{"loc":{"start":{"line":47,"column":17},"end":{"line":47,"column":48}},"type":"binary-expr","locations":[{"start":{"line":47,"column":17},"end":{"line":47,"column":36}},{"start":{"line":47,"column":40},"end":{"line":47,"column":48}}],"line":47},"11":{"loc":{"start":{"line":48,"column":15},"end":{"line":48,"column":48}},"type":"binary-expr","locations":[{"start":{"line":48,"column":15},"end":{"line":48,"column":39}},{"start":{"line":48,"column":43},"end":{"line":48,"column":48}}],"line":48},"12":{"loc":{"start":{"line":49,"column":25},"end":{"line":49,"column":57}},"type":"binary-expr","locations":[{"start":{"line":49,"column":25},"end":{"line":49,"column":50}},{"start":{"line":49,"column":54},"end":{"line":49,"column":57}}],"line":49}},"s":{"0":18,"1":18,"2":18},"f":{},"b":{"0":[18,3],"1":[18,0],"2":[18,18],"3":[18,18],"4":[18,3],"5":[18,18],"6":[18,18],"7":[18,18],"8":[7,11],"9":[18,18],"10":[18,18],"11":[18,18],"12":[18,18]},"_coverageSchema":"1a1c01bbd47fc00a2c39e90264f33305004495a9","hash":"2a7476c9084ef405424cd25706d49c10a08d9eb5"}
,"/Users/oliviervoisin/projects/inventory-processor/middleware/auth.js": {"path":"/Users/oliviervoisin/projects/inventory-processor/middleware/auth.js","statementMap":{"0":{"start":{"line":4,"column":15},"end":{"line":4,"column":41}},"1":{"start":{"line":14,"column":17},"end":{"line":14,"column":41}},"2":{"start":{"line":17,"column":22},"end":{"line":17,"column":59}},"3":{"start":{"line":20,"column":2},"end":{"line":22,"column":3}},"4":{"start":{"line":21,"column":4},"end":{"line":21,"column":18}},"5":{"start":{"line":25,"column":2},"end":{"line":31,"column":3}},"6":{"start":{"line":26,"column":4},"end":{"line":26,"column":51}},"7":{"start":{"line":27,"column":4},"end":{"line":30,"column":7}},"8":{"start":{"line":34,"column":2},"end":{"line":40,"column":3}},"9":{"start":{"line":35,"column":4},"end":{"line":35,"column":93}},"10":{"start":{"line":36,"column":4},"end":{"line":39,"column":7}},"11":{"start":{"line":43,"column":2},"end":{"line":43,"column":9}},"12":{"start":{"line":46,"column":0},"end":{"line":48,"column":2}}},"fnMap":{"0":{"name":"authenticateApiKey","decl":{"start":{"line":12,"column":9},"end":{"line":12,"column":27}},"loc":{"start":{"line":12,"column":44},"end":{"line":44,"column":1}},"line":12}},"branchMap":{"0":{"loc":{"start":{"line":17,"column":22},"end":{"line":17,"column":59}},"type":"binary-expr","locations":[{"start":{"line":17,"column":22},"end":{"line":17,"column":41}},{"start":{"line":17,"column":45},"end":{"line":17,"column":59}}],"line":17},"1":{"loc":{"start":{"line":20,"column":2},"end":{"line":22,"column":3}},"type":"if","locations":[{"start":{"line":20,"column":2},"end":{"line":22,"column":3}},{"start":{},"end":{}}],"line":20},"2":{"loc":{"start":{"line":25,"column":2},"end":{"line":31,"column":3}},"type":"if","locations":[{"start":{"line":25,"column":2},"end":{"line":31,"column":3}},{"start":{},"end":{}}],"line":25},"3":{"loc":{"start":{"line":34,"column":2},"end":{"line":40,"column":3}},"type":"if","locations":[{"start":{"line":34,"column":2},"end":{"line":40,"column":3}},{"start":{},"end":{}}],"line":34}},"s":{"0":12,"1":8,"2":8,"3":8,"4":8,"5":0,"6":0,"7":0,"8":0,"9":0,"10":0,"11":0,"12":12},"f":{"0":8},"b":{"0":[8,0],"1":[8,0],"2":[0,0],"3":[0,0]},"_coverageSchema":"1a1c01bbd47fc00a2c39e90264f33305004495a9","hash":"7ea73c53b18bb1c9f231cf9cdb178dcff3be8348"}
,"/Users/oliviervoisin/projects/inventory-processor/middleware/common.js": {"path":"/Users/oliviervoisin/projects/inventory-processor/middleware/common.js","statementMap":{"0":{"start":{"line":4,"column":15},"end":{"line":4,"column":41}},"1":{"start":{"line":5,"column":19},"end":{"line":5,"column":49}},"2":{"start":{"line":14,"column":19},"end":{"line":14,"column":45}},"3":{"start":{"line":15,"column":17},"end":{"line":15,"column":27}},"4":{"start":{"line":18,"column":2},"end":{"line":18,"column":44}},"5":{"start":{"line":21,"column":2},"end":{"line":21,"column":29}},"6":{"start":{"line":24,"column":2},"end":{"line":40,"column":5}},"7":{"start":{"line":26,"column":21},"end":{"line":26,"column":47}},"8":{"start":{"line":29,"column":4},"end":{"line":34,"column":7}},"9":{"start":{"line":37,"column":4},"end":{"line":39,"column":5}},"10":{"start":{"line":38,"column":6},"end":{"line":38,"column":54}},"11":{"start":{"line":42,"column":2},"end":{"line":42,"column":9}},"12":{"start":{"line":53,"column":23},"end":{"line":53,"column":31}},"13":{"start":{"line":56,"column":2},"end":{"line":71,"column":4}},"14":{"start":{"line":58,"column":4},"end":{"line":60,"column":5}},"15":{"start":{"line":59,"column":6},"end":{"line":59,"column":43}},"16":{"start":{"line":63,"column":29},"end":{"line":67,"column":5}},"17":{"start":{"line":70,"column":4},"end":{"line":70,"column":53}},"18":{"start":{"line":73,"column":2},"end":{"line":73,"column":9}},"19":{"start":{"line":76,"column":0},"end":{"line":79,"column":2}}},"fnMap":{"0":{"name":"trackApiCall","decl":{"start":{"line":13,"column":9},"end":{"line":13,"column":21}},"loc":{"start":{"line":13,"column":38},"end":{"line":43,"column":1}},"line":13},"1":{"name":"(anonymous_1)","decl":{"start":{"line":24,"column":19},"end":{"line":24,"column":20}},"loc":{"start":{"line":24,"column":25},"end":{"line":40,"column":3}},"line":24},"2":{"name":"standardizeResponse","decl":{"start":{"line":51,"column":9},"end":{"line":51,"column":28}},"loc":{"start":{"line":51,"column":45},"end":{"line":74,"column":1}},"line":51},"3":{"name":"(anonymous_3)","decl":{"start":{"line":56,"column":13},"end":{"line":56,"column":14}},"loc":{"start":{"line":56,"column":28},"end":{"line":71,"column":3}},"line":56}},"branchMap":{"0":{"loc":{"start":{"line":14,"column":19},"end":{"line":14,"column":45}},"type":"binary-expr","locations":[{"start":{"line":14,"column":19},"end":{"line":14,"column":34}},{"start":{"line":14,"column":38},"end":{"line":14,"column":45}}],"line":14},"1":{"loc":{"start":{"line":37,"column":4},"end":{"line":39,"column":5}},"type":"if","locations":[{"start":{"line":37,"column":4},"end":{"line":39,"column":5}},{"start":{},"end":{}}],"line":37},"2":{"loc":{"start":{"line":58,"column":4},"end":{"line":60,"column":5}},"type":"if","locations":[{"start":{"line":58,"column":4},"end":{"line":60,"column":5}},{"start":{},"end":{}}],"line":58},"3":{"loc":{"start":{"line":58,"column":8},"end":{"line":58,"column":42}},"type":"binary-expr","locations":[{"start":{"line":58,"column":8},"end":{"line":58,"column":12}},{"start":{"line":58,"column":16},"end":{"line":58,"column":42}}],"line":58}},"s":{"0":2,"1":2,"2":0,"3":0,"4":0,"5":0,"6":0,"7":0,"8":0,"9":0,"10":0,"11":0,"12":0,"13":0,"14":0,"15":0,"16":0,"17":0,"18":0,"19":2},"f":{"0":0,"1":0,"2":0,"3":0},"b":{"0":[0,0],"1":[0,0],"2":[0,0],"3":[0,0]},"_coverageSchema":"1a1c01bbd47fc00a2c39e90264f33305004495a9","hash":"efa18a87c59fd3e109385d26d4e8cdd716cb6c99"}
,"/Users/oliviervoisin/projects/inventory-processor/middleware/validation.js": {"path":"/Users/oliviervoisin/projects/inventory-processor/middleware/validation.js","statementMap":{"0":{"start":{"line":4,"column":15},"end":{"line":4,"column":41}},"1":{"start":{"line":12,"column":2},"end":{"line":42,"column":4}},"2":{"start":{"line":14,"column":4},"end":{"line":20,"column":5}},"3":{"start":{"line":15,"column":6},"end":{"line":15,"column":39}},"4":{"start":{"line":16,"column":6},"end":{"line":19,"column":9}},"5":{"start":{"line":23,"column":26},"end":{"line":23,"column":28}},"6":{"start":{"line":25,"column":4},"end":{"line":29,"column":5}},"7":{"start":{"line":26,"column":6},"end":{"line":28,"column":7}},"8":{"start":{"line":27,"column":8},"end":{"line":27,"column":34}},"9":{"start":{"line":32,"column":4},"end":{"line":38,"column":5}},"10":{"start":{"line":33,"column":6},"end":{"line":33,"column":74}},"11":{"start":{"line":34,"column":6},"end":{"line":37,"column":9}},"12":{"start":{"line":41,"column":4},"end":{"line":41,"column":11}},"13":{"start":{"line":51,"column":2},"end":{"line":72,"column":4}},"14":{"start":{"line":53,"column":26},"end":{"line":53,"column":28}},"15":{"start":{"line":55,"column":4},"end":{"line":59,"column":5}},"16":{"start":{"line":56,"column":6},"end":{"line":58,"column":7}},"17":{"start":{"line":57,"column":8},"end":{"line":57,"column":34}},"18":{"start":{"line":62,"column":4},"end":{"line":68,"column":5}},"19":{"start":{"line":63,"column":6},"end":{"line":63,"column":78}},"20":{"start":{"line":64,"column":6},"end":{"line":67,"column":9}},"21":{"start":{"line":71,"column":4},"end":{"line":71,"column":11}},"22":{"start":{"line":75,"column":0},"end":{"line":78,"column":2}}},"fnMap":{"0":{"name":"validateRequestBody","decl":{"start":{"line":11,"column":9},"end":{"line":11,"column":28}},"loc":{"start":{"line":11,"column":50},"end":{"line":43,"column":1}},"line":11},"1":{"name":"(anonymous_1)","decl":{"start":{"line":12,"column":9},"end":{"line":12,"column":10}},"loc":{"start":{"line":12,"column":29},"end":{"line":42,"column":3}},"line":12},"2":{"name":"validateQueryParams","decl":{"start":{"line":50,"column":9},"end":{"line":50,"column":28}},"loc":{"start":{"line":50,"column":50},"end":{"line":73,"column":1}},"line":50},"3":{"name":"(anonymous_3)","decl":{"start":{"line":51,"column":9},"end":{"line":51,"column":10}},"loc":{"start":{"line":51,"column":29},"end":{"line":72,"column":3}},"line":51}},"branchMap":{"0":{"loc":{"start":{"line":11,"column":29},"end":{"line":11,"column":48}},"type":"default-arg","locations":[{"start":{"line":11,"column":46},"end":{"line":11,"column":48}}],"line":11},"1":{"loc":{"start":{"line":14,"column":4},"end":{"line":20,"column":5}},"type":"if","locations":[{"start":{"line":14,"column":4},"end":{"line":20,"column":5}},{"start":{},"end":{}}],"line":14},"2":{"loc":{"start":{"line":26,"column":6},"end":{"line":28,"column":7}},"type":"if","locations":[{"start":{"line":26,"column":6},"end":{"line":28,"column":7}},{"start":{},"end":{}}],"line":26},"3":{"loc":{"start":{"line":32,"column":4},"end":{"line":38,"column":5}},"type":"if","locations":[{"start":{"line":32,"column":4},"end":{"line":38,"column":5}},{"start":{},"end":{}}],"line":32},"4":{"loc":{"start":{"line":50,"column":29},"end":{"line":50,"column":48}},"type":"default-arg","locations":[{"start":{"line":50,"column":46},"end":{"line":50,"column":48}}],"line":50},"5":{"loc":{"start":{"line":56,"column":6},"end":{"line":58,"column":7}},"type":"if","locations":[{"start":{"line":56,"column":6},"end":{"line":58,"column":7}},{"start":{},"end":{}}],"line":56},"6":{"loc":{"start":{"line":62,"column":4},"end":{"line":68,"column":5}},"type":"if","locations":[{"start":{"line":62,"column":4},"end":{"line":68,"column":5}},{"start":{},"end":{}}],"line":62}},"s":{"0":8,"1":6,"2":4,"3":0,"4":0,"5":4,"6":4,"7":6,"8":2,"9":4,"10":2,"11":2,"12":2,"13":1,"14":2,"15":2,"16":4,"17":1,"18":2,"19":1,"20":1,"21":1,"22":8},"f":{"0":6,"1":4,"2":1,"3":2},"b":{"0":[0],"1":[0,4],"2":[2,4],"3":[2,2],"4":[0],"5":[1,3],"6":[1,1]},"_coverageSchema":"1a1c01bbd47fc00a2c39e90264f33305004495a9","hash":"2f21ee525c6f54656dfaccd38ebcd982b509cf5d"}
,"/Users/oliviervoisin/projects/inventory-processor/modules/google-sheets.js": {"path":"/Users/oliviervoisin/projects/inventory-processor/modules/google-sheets.js","statementMap":{"0":{"start":{"line":5,"column":15},"end":{"line":5,"column":41}},"1":{"start":{"line":6,"column":33},"end":{"line":6,"column":66}},"2":{"start":{"line":13,"column":2},"end":{"line":22,"column":3}},"3":{"start":{"line":15,"column":4},"end":{"line":18,"column":6}},"4":{"start":{"line":20,"column":4},"end":{"line":20,"column":62}},"5":{"start":{"line":21,"column":4},"end":{"line":21,"column":67}},"6":{"start":{"line":31,"column":2},"end":{"line":37,"column":3}},"7":{"start":{"line":32,"column":4},"end":{"line":32,"column":55}},"8":{"start":{"line":33,"column":4},"end":{"line":33,"column":16}},"9":{"start":{"line":35,"column":4},"end":{"line":35,"column":63}},"10":{"start":{"line":36,"column":4},"end":{"line":36,"column":67}},"11":{"start":{"line":46,"column":2},"end":{"line":52,"column":3}},"12":{"start":{"line":47,"column":4},"end":{"line":47,"column":53}},"13":{"start":{"line":48,"column":4},"end":{"line":48,"column":16}},"14":{"start":{"line":50,"column":4},"end":{"line":50,"column":66}},"15":{"start":{"line":51,"column":4},"end":{"line":51,"column":67}},"16":{"start":{"line":61,"column":2},"end":{"line":67,"column":3}},"17":{"start":{"line":62,"column":4},"end":{"line":62,"column":50}},"18":{"start":{"line":63,"column":4},"end":{"line":63,"column":16}},"19":{"start":{"line":65,"column":4},"end":{"line":65,"column":68}},"20":{"start":{"line":66,"column":4},"end":{"line":66,"column":67}},"21":{"start":{"line":76,"column":2},"end":{"line":86,"column":3}},"22":{"start":{"line":77,"column":4},"end":{"line":77,"column":67}},"23":{"start":{"line":78,"column":4},"end":{"line":82,"column":6}},"24":{"start":{"line":84,"column":4},"end":{"line":84,"column":64}},"25":{"start":{"line":85,"column":4},"end":{"line":85,"column":67}},"26":{"start":{"line":89,"column":0},"end":{"line":95,"column":2}}},"fnMap":{"0":{"name":"getInventory","decl":{"start":{"line":12,"column":15},"end":{"line":12,"column":27}},"loc":{"start":{"line":12,"column":30},"end":{"line":23,"column":1}},"line":12},"1":{"name":"updateInventory","decl":{"start":{"line":30,"column":15},"end":{"line":30,"column":30}},"loc":{"start":{"line":30,"column":37},"end":{"line":38,"column":1}},"line":30},"2":{"name":"addInventoryItem","decl":{"start":{"line":45,"column":15},"end":{"line":45,"column":31}},"loc":{"start":{"line":45,"column":38},"end":{"line":53,"column":1}},"line":45},"3":{"name":"deleteInventoryItem","decl":{"start":{"line":60,"column":15},"end":{"line":60,"column":34}},"loc":{"start":{"line":60,"column":40},"end":{"line":68,"column":1}},"line":60},"4":{"name":"exportInventory","decl":{"start":{"line":75,"column":15},"end":{"line":75,"column":30}},"loc":{"start":{"line":75,"column":38},"end":{"line":87,"column":1}},"line":75}},"branchMap":{},"s":{"0":2,"1":2,"2":2,"3":2,"4":0,"5":0,"6":2,"7":2,"8":2,"9":0,"10":0,"11":2,"12":2,"13":2,"14":0,"15":0,"16":2,"17":2,"18":2,"19":0,"20":0,"21":1,"22":1,"23":1,"24":0,"25":0,"26":2},"f":{"0":2,"1":2,"2":2,"3":2,"4":1},"b":{},"_coverageSchema":"1a1c01bbd47fc00a2c39e90264f33305004495a9","hash":"cf5b4d91b5cdbf0ba405dbcef8983ae2891f008f"}
,"/Users/oliviervoisin/projects/inventory-processor/modules/invoice-processor.js": {"path":"/Users/oliviervoisin/projects/inventory-processor/modules/invoice-processor.js","statementMap":{"0":{"start":{"line":5,"column":11},"end":{"line":5,"column":33}},"1":{"start":{"line":6,"column":13},"end":{"line":6,"column":28}},"2":{"start":{"line":7,"column":15},"end":{"line":7,"column":41}},"3":{"start":{"line":8,"column":22},"end":{"line":8,"column":56}},"4":{"start":{"line":17,"column":2},"end":{"line":43,"column":3}},"5":{"start":{"line":18,"column":4},"end":{"line":18,"column":89}},"6":{"start":{"line":21,"column":26},"end":{"line":21,"column":61}},"7":{"start":{"line":24,"column":29},"end":{"line":24,"column":58}},"8":{"start":{"line":25,"column":4},"end":{"line":25,"column":56}},"9":{"start":{"line":29,"column":4},"end":{"line":34,"column":5}},"10":{"start":{"line":30,"column":6},"end":{"line":30,"column":62}},"11":{"start":{"line":33,"column":6},"end":{"line":33,"column":60}},"12":{"start":{"line":37,"column":4},"end":{"line":37,"column":36}},"13":{"start":{"line":39,"column":4},"end":{"line":39,"column":23}},"14":{"start":{"line":41,"column":4},"end":{"line":41,"column":78}},"15":{"start":{"line":42,"column":4},"end":{"line":42,"column":16}},"16":{"start":{"line":53,"column":14},"end":{"line":53,"column":50}},"17":{"start":{"line":55,"column":2},"end":{"line":62,"column":3}},"18":{"start":{"line":56,"column":4},"end":{"line":56,"column":161}},"19":{"start":{"line":57,"column":9},"end":{"line":62,"column":3}},"20":{"start":{"line":58,"column":4},"end":{"line":58,"column":113}},"21":{"start":{"line":61,"column":4},"end":{"line":61,"column":77}},"22":{"start":{"line":72,"column":24},"end":{"line":72,"column":105}},"23":{"start":{"line":73,"column":2},"end":{"line":73,"column":48}},"24":{"start":{"line":83,"column":23},"end":{"line":83,"column":65}},"25":{"start":{"line":84,"column":20},"end":{"line":84,"column":53}},"26":{"start":{"line":85,"column":24},"end":{"line":85,"column":62}},"27":{"start":{"line":86,"column":21},"end":{"line":86,"column":57}},"28":{"start":{"line":89,"column":20},"end":{"line":89,"column":93}},"29":{"start":{"line":90,"column":16},"end":{"line":90,"column":18}},"30":{"start":{"line":93,"column":2},"end":{"line":99,"column":3}},"31":{"start":{"line":94,"column":4},"end":{"line":98,"column":7}},"32":{"start":{"line":101,"column":2},"end":{"line":107,"column":4}},"33":{"start":{"line":117,"column":23},"end":{"line":117,"column":54}},"34":{"start":{"line":118,"column":20},"end":{"line":118,"column":51}},"35":{"start":{"line":119,"column":24},"end":{"line":119,"column":54}},"36":{"start":{"line":120,"column":21},"end":{"line":120,"column":54}},"37":{"start":{"line":123,"column":20},"end":{"line":123,"column":57}},"38":{"start":{"line":124,"column":16},"end":{"line":124,"column":18}},"39":{"start":{"line":127,"column":2},"end":{"line":133,"column":3}},"40":{"start":{"line":128,"column":4},"end":{"line":132,"column":7}},"41":{"start":{"line":135,"column":2},"end":{"line":141,"column":4}},"42":{"start":{"line":149,"column":2},"end":{"line":149,"column":43}},"43":{"start":{"line":151,"column":2},"end":{"line":151,"column":27}},"44":{"start":{"line":159,"column":2},"end":{"line":159,"column":42}},"45":{"start":{"line":161,"column":2},"end":{"line":161,"column":27}},"46":{"start":{"line":164,"column":0},"end":{"line":170,"column":2}}},"fnMap":{"0":{"name":"processInvoice","decl":{"start":{"line":16,"column":15},"end":{"line":16,"column":29}},"loc":{"start":{"line":16,"column":50},"end":{"line":44,"column":1}},"line":16},"1":{"name":"extractTextFromFile","decl":{"start":{"line":51,"column":15},"end":{"line":51,"column":34}},"loc":{"start":{"line":51,"column":45},"end":{"line":63,"column":1}},"line":51},"2":{"name":"detectLanguage","decl":{"start":{"line":70,"column":9},"end":{"line":70,"column":23}},"loc":{"start":{"line":70,"column":30},"end":{"line":74,"column":1}},"line":70},"3":{"name":"extractFrenchInvoiceData","decl":{"start":{"line":81,"column":9},"end":{"line":81,"column":33}},"loc":{"start":{"line":81,"column":40},"end":{"line":108,"column":1}},"line":81},"4":{"name":"extractJapaneseInvoiceData","decl":{"start":{"line":115,"column":9},"end":{"line":115,"column":35}},"loc":{"start":{"line":115,"column":42},"end":{"line":142,"column":1}},"line":115},"5":{"name":"initialize","decl":{"start":{"line":148,"column":15},"end":{"line":148,"column":25}},"loc":{"start":{"line":148,"column":28},"end":{"line":152,"column":1}},"line":148},"6":{"name":"terminate","decl":{"start":{"line":158,"column":15},"end":{"line":158,"column":24}},"loc":{"start":{"line":158,"column":27},"end":{"line":162,"column":1}},"line":158}},"branchMap":{"0":{"loc":{"start":{"line":29,"column":4},"end":{"line":34,"column":5}},"type":"if","locations":[{"start":{"line":29,"column":4},"end":{"line":34,"column":5}},{"start":{"line":31,"column":11},"end":{"line":34,"column":5}}],"line":29},"1":{"loc":{"start":{"line":55,"column":2},"end":{"line":62,"column":3}},"type":"if","locations":[{"start":{"line":55,"column":2},"end":{"line":62,"column":3}},{"start":{"line":57,"column":9},"end":{"line":62,"column":3}}],"line":55},"2":{"loc":{"start":{"line":57,"column":9},"end":{"line":62,"column":3}},"type":"if","locations":[{"start":{"line":57,"column":9},"end":{"line":62,"column":3}},{"start":{"line":59,"column":9},"end":{"line":62,"column":3}}],"line":57},"3":{"loc":{"start":{"line":73,"column":9},"end":{"line":73,"column":47}},"type":"cond-expr","locations":[{"start":{"line":73,"column":36},"end":{"line":73,"column":40}},{"start":{"line":73,"column":43},"end":{"line":73,"column":47}}],"line":73},"4":{"loc":{"start":{"line":102,"column":15},"end":{"line":102,"column":77}},"type":"cond-expr","locations":[{"start":{"line":102,"column":30},"end":{"line":102,"column":52}},{"start":{"line":102,"column":55},"end":{"line":102,"column":77}}],"line":102},"5":{"loc":{"start":{"line":103,"column":10},"end":{"line":103,"column":82}},"type":"cond-expr","locations":[{"start":{"line":103,"column":22},"end":{"line":103,"column":41}},{"start":{"line":103,"column":44},"end":{"line":103,"column":82}}],"line":103},"6":{"loc":{"start":{"line":104,"column":14},"end":{"line":104,"column":77}},"type":"cond-expr","locations":[{"start":{"line":104,"column":30},"end":{"line":104,"column":53}},{"start":{"line":104,"column":56},"end":{"line":104,"column":77}}],"line":104},"7":{"loc":{"start":{"line":106,"column":11},"end":{"line":106,"column":51}},"type":"cond-expr","locations":[{"start":{"line":106,"column":24},"end":{"line":106,"column":44}},{"start":{"line":106,"column":47},"end":{"line":106,"column":51}}],"line":106},"8":{"loc":{"start":{"line":136,"column":15},"end":{"line":136,"column":77}},"type":"cond-expr","locations":[{"start":{"line":136,"column":30},"end":{"line":136,"column":52}},{"start":{"line":136,"column":55},"end":{"line":136,"column":77}}],"line":136},"9":{"loc":{"start":{"line":137,"column":10},"end":{"line":137,"column":82}},"type":"cond-expr","locations":[{"start":{"line":137,"column":22},"end":{"line":137,"column":41}},{"start":{"line":137,"column":44},"end":{"line":137,"column":82}}],"line":137},"10":{"loc":{"start":{"line":138,"column":14},"end":{"line":138,"column":67}},"type":"cond-expr","locations":[{"start":{"line":138,"column":30},"end":{"line":138,"column":53}},{"start":{"line":138,"column":56},"end":{"line":138,"column":67}}],"line":138},"11":{"loc":{"start":{"line":140,"column":11},"end":{"line":140,"column":51}},"type":"cond-expr","locations":[{"start":{"line":140,"column":24},"end":{"line":140,"column":44}},{"start":{"line":140,"column":47},"end":{"line":140,"column":51}}],"line":140}},"s":{"0":5,"1":5,"2":5,"3":5,"4":3,"5":3,"6":3,"7":3,"8":3,"9":3,"10":0,"11":3,"12":3,"13":3,"14":0,"15":0,"16":3,"17":3,"18":3,"19":0,"20":0,"21":0,"22":3,"23":3,"24":3,"25":3,"26":3,"27":3,"28":3,"29":3,"30":3,"31":6,"32":3,"33":0,"34":0,"35":0,"36":0,"37":0,"38":0,"39":0,"40":0,"41":0,"42":0,"43":0,"44":0,"45":0,"46":5},"f":{"0":3,"1":3,"2":3,"3":3,"4":0,"5":0,"6":0},"b":{"0":[0,3],"1":[3,0],"2":[0,0],"3":[0,3],"4":[0,3],"5":[3,0],"6":[3,0],"7":[3,0],"8":[0,0],"9":[0,0],"10":[0,0],"11":[0,0]},"_coverageSchema":"1a1c01bbd47fc00a2c39e90264f33305004495a9","hash":"8b0feef257fb145bd29105f1eb5c17870d5d2f53"}
,"/Users/oliviervoisin/projects/inventory-processor/modules/invoice-workflow.js": {"path":"/Users/oliviervoisin/projects/inventory-processor/modules/invoice-workflow.js","statementMap":{"0":{"start":{"line":5,"column":11},"end":{"line":5,"column":33}},"1":{"start":{"line":6,"column":13},"end":{"line":6,"column":28}},"2":{"start":{"line":7,"column":25},"end":{"line":7,"column":55}},"3":{"start":{"line":8,"column":27},"end":{"line":8,"column":59}},"4":{"start":{"line":9,"column":22},"end":{"line":9,"column":56}},"5":{"start":{"line":10,"column":15},"end":{"line":10,"column":41}},"6":{"start":{"line":19,"column":2},"end":{"line":19,"column":74}},"7":{"start":{"line":21,"column":2},"end":{"line":77,"column":3}},"8":{"start":{"line":23,"column":4},"end":{"line":23,"column":31}},"9":{"start":{"line":26,"column":4},"end":{"line":26,"column":54}},"10":{"start":{"line":29,"column":18},"end":{"line":29,"column":45}},"11":{"start":{"line":30,"column":25},"end":{"line":33,"column":6}},"12":{"start":{"line":31,"column":18},"end":{"line":31,"column":50}},"13":{"start":{"line":32,"column":6},"end":{"line":32,"column":61}},"14":{"start":{"line":35,"column":4},"end":{"line":43,"column":5}},"15":{"start":{"line":36,"column":6},"end":{"line":36,"column":63}},"16":{"start":{"line":37,"column":6},"end":{"line":42,"column":8}},"17":{"start":{"line":46,"column":20},"end":{"line":51,"column":5}},"18":{"start":{"line":53,"column":4},"end":{"line":70,"column":5}},"19":{"start":{"line":54,"column":23},"end":{"line":54,"column":49}},"20":{"start":{"line":55,"column":28},"end":{"line":55,"column":57}},"21":{"start":{"line":57,"column":6},"end":{"line":69,"column":7}},"22":{"start":{"line":59,"column":23},"end":{"line":59,"column":70}},"23":{"start":{"line":62,"column":8},"end":{"line":62,"column":49}},"24":{"start":{"line":64,"column":8},"end":{"line":64,"column":28}},"25":{"start":{"line":65,"column":8},"end":{"line":65,"column":44}},"26":{"start":{"line":67,"column":8},"end":{"line":67,"column":90}},"27":{"start":{"line":68,"column":8},"end":{"line":68,"column":25}},"28":{"start":{"line":72,"column":4},"end":{"line":72,"column":104}},"29":{"start":{"line":73,"column":4},"end":{"line":73,"column":19}},"30":{"start":{"line":75,"column":4},"end":{"line":75,"column":90}},"31":{"start":{"line":76,"column":4},"end":{"line":76,"column":16}},"32":{"start":{"line":87,"column":2},"end":{"line":87,"column":87}},"33":{"start":{"line":89,"column":2},"end":{"line":169,"column":3}},"34":{"start":{"line":91,"column":4},"end":{"line":93,"column":5}},"35":{"start":{"line":92,"column":6},"end":{"line":92,"column":36}},"36":{"start":{"line":95,"column":4},"end":{"line":97,"column":5}},"37":{"start":{"line":96,"column":6},"end":{"line":96,"column":44}},"38":{"start":{"line":99,"column":4},"end":{"line":119,"column":5}},"39":{"start":{"line":101,"column":23},"end":{"line":109,"column":7}},"40":{"start":{"line":112,"column":6},"end":{"line":116,"column":9}},"41":{"start":{"line":118,"column":6},"end":{"line":118,"column":22}},"42":{"start":{"line":122,"column":24},"end":{"line":122,"column":81}},"43":{"start":{"line":125,"column":4},"end":{"line":127,"column":5}},"44":{"start":{"line":126,"column":6},"end":{"line":126,"column":29}},"45":{"start":{"line":130,"column":28},"end":{"line":130,"column":86}},"46":{"start":{"line":133,"column":4},"end":{"line":148,"column":5}},"47":{"start":{"line":134,"column":6},"end":{"line":147,"column":7}},"48":{"start":{"line":135,"column":32},"end":{"line":135,"column":107}},"49":{"start":{"line":137,"column":8},"end":{"line":146,"column":9}},"50":{"start":{"line":139,"column":10},"end":{"line":143,"column":13}},"51":{"start":{"line":145,"column":10},"end":{"line":145,"column":110}},"52":{"start":{"line":151,"column":4},"end":{"line":157,"column":7}},"53":{"start":{"line":160,"column":4},"end":{"line":160,"column":60}},"54":{"start":{"line":162,"column":4},"end":{"line":165,"column":6}},"55":{"start":{"line":167,"column":4},"end":{"line":167,"column":78}},"56":{"start":{"line":168,"column":4},"end":{"line":168,"column":16}},"57":{"start":{"line":172,"column":0},"end":{"line":175,"column":2}}},"fnMap":{"0":{"name":"processInvoiceDirectory","decl":{"start":{"line":18,"column":15},"end":{"line":18,"column":38}},"loc":{"start":{"line":18,"column":64},"end":{"line":78,"column":1}},"line":18},"1":{"name":"(anonymous_1)","decl":{"start":{"line":30,"column":38},"end":{"line":30,"column":39}},"loc":{"start":{"line":30,"column":46},"end":{"line":33,"column":5}},"line":30},"2":{"name":"processSingleInvoice","decl":{"start":{"line":86,"column":15},"end":{"line":86,"column":35}},"loc":{"start":{"line":86,"column":56},"end":{"line":170,"column":1}},"line":86}},"branchMap":{"0":{"loc":{"start":{"line":35,"column":4},"end":{"line":43,"column":5}},"type":"if","locations":[{"start":{"line":35,"column":4},"end":{"line":43,"column":5}},{"start":{},"end":{}}],"line":35},"1":{"loc":{"start":{"line":91,"column":4},"end":{"line":93,"column":5}},"type":"if","locations":[{"start":{"line":91,"column":4},"end":{"line":93,"column":5}},{"start":{},"end":{}}],"line":91},"2":{"loc":{"start":{"line":95,"column":4},"end":{"line":97,"column":5}},"type":"if","locations":[{"start":{"line":95,"column":4},"end":{"line":97,"column":5}},{"start":{},"end":{}}],"line":95},"3":{"loc":{"start":{"line":99,"column":4},"end":{"line":119,"column":5}},"type":"if","locations":[{"start":{"line":99,"column":4},"end":{"line":119,"column":5}},{"start":{},"end":{}}],"line":99},"4":{"loc":{"start":{"line":125,"column":4},"end":{"line":127,"column":5}},"type":"if","locations":[{"start":{"line":125,"column":4},"end":{"line":127,"column":5}},{"start":{},"end":{}}],"line":125},"5":{"loc":{"start":{"line":133,"column":4},"end":{"line":148,"column":5}},"type":"if","locations":[{"start":{"line":133,"column":4},"end":{"line":148,"column":5}},{"start":{},"end":{}}],"line":133},"6":{"loc":{"start":{"line":135,"column":70},"end":{"line":135,"column":106}},"type":"binary-expr","locations":[{"start":{"line":135,"column":70},"end":{"line":135,"column":90}},{"start":{"line":135,"column":94},"end":{"line":135,"column":106}}],"line":135},"7":{"loc":{"start":{"line":137,"column":8},"end":{"line":146,"column":9}},"type":"if","locations":[{"start":{"line":137,"column":8},"end":{"line":146,"column":9}},{"start":{},"end":{}}],"line":137},"8":{"loc":{"start":{"line":140,"column":18},"end":{"line":140,"column":54}},"type":"binary-expr","locations":[{"start":{"line":140,"column":18},"end":{"line":140,"column":38}},{"start":{"line":140,"column":42},"end":{"line":140,"column":54}}],"line":140},"9":{"loc":{"start":{"line":141,"column":18},"end":{"line":141,"column":38}},"type":"binary-expr","locations":[{"start":{"line":141,"column":18},"end":{"line":141,"column":27}},{"start":{"line":141,"column":31},"end":{"line":141,"column":38}}],"line":141},"10":{"loc":{"start":{"line":142,"column":19},"end":{"line":142,"column":39}},"type":"binary-expr","locations":[{"start":{"line":142,"column":19},"end":{"line":142,"column":29}},{"start":{"line":142,"column":33},"end":{"line":142,"column":39}}],"line":142},"11":{"loc":{"start":{"line":145,"column":70},"end":{"line":145,"column":106}},"type":"binary-expr","locations":[{"start":{"line":145,"column":70},"end":{"line":145,"column":90}},{"start":{"line":145,"column":94},"end":{"line":145,"column":106}}],"line":145}},"s":{"0":1,"1":1,"2":1,"3":1,"4":1,"5":1,"6":0,"7":0,"8":0,"9":0,"10":0,"11":0,"12":0,"13":0,"14":0,"15":0,"16":0,"17":0,"18":0,"19":0,"20":0,"21":0,"22":0,"23":0,"24":0,"25":0,"26":0,"27":0,"28":0,"29":0,"30":0,"31":0,"32":0,"33":0,"34":0,"35":0,"36":0,"37":0,"38":0,"39":0,"40":0,"41":0,"42":0,"43":0,"44":0,"45":0,"46":0,"47":0,"48":0,"49":0,"50":0,"51":0,"52":0,"53":0,"54":0,"55":0,"56":0,"57":1},"f":{"0":0,"1":0,"2":0},"b":{"0":[0,0],"1":[0,0],"2":[0,0],"3":[0,0],"4":[0,0],"5":[0,0],"6":[0,0],"7":[0,0],"8":[0,0],"9":[0,0],"10":[0,0],"11":[0,0]},"_coverageSchema":"1a1c01bbd47fc00a2c39e90264f33305004495a9","hash":"682326fef7b02ee7f2b27ad380adcf480ecb577e"}
,"/Users/oliviervoisin/projects/inventory-processor/modules/translation-service.js": {"path":"/Users/oliviervoisin/projects/inventory-processor/modules/translation-service.js","statementMap":{"0":{"start":{"line":5,"column":15},"end":{"line":5,"column":41}},"1":{"start":{"line":8,"column":25},"end":{"line":8,"column":34}},"2":{"start":{"line":19,"column":2},"end":{"line":21,"column":3}},"3":{"start":{"line":20,"column":4},"end":{"line":20,"column":16}},"4":{"start":{"line":24,"column":2},"end":{"line":26,"column":3}},"5":{"start":{"line":25,"column":4},"end":{"line":25,"column":16}},"6":{"start":{"line":29,"column":19},"end":{"line":29,"column":64}},"7":{"start":{"line":32,"column":2},"end":{"line":34,"column":3}},"8":{"start":{"line":33,"column":4},"end":{"line":33,"column":42}},"9":{"start":{"line":38,"column":23},"end":{"line":38,"column":27}},"10":{"start":{"line":40,"column":2},"end":{"line":54,"column":3}},"11":{"start":{"line":41,"column":4},"end":{"line":41,"column":36}},"12":{"start":{"line":42,"column":9},"end":{"line":54,"column":3}},"13":{"start":{"line":44,"column":4},"end":{"line":50,"column":5}},"14":{"start":{"line":45,"column":6},"end":{"line":45,"column":42}},"15":{"start":{"line":46,"column":11},"end":{"line":50,"column":5}},"16":{"start":{"line":47,"column":6},"end":{"line":47,"column":38}},"17":{"start":{"line":49,"column":6},"end":{"line":49,"column":38}},"18":{"start":{"line":53,"column":4},"end":{"line":53,"column":51}},"19":{"start":{"line":57,"column":2},"end":{"line":57,"column":49}},"20":{"start":{"line":59,"column":2},"end":{"line":59,"column":24}},"21":{"start":{"line":71,"column":2},"end":{"line":73,"column":3}},"22":{"start":{"line":72,"column":4},"end":{"line":72,"column":14}},"23":{"start":{"line":76,"column":2},"end":{"line":78,"column":3}},"24":{"start":{"line":77,"column":4},"end":{"line":77,"column":22}},"25":{"start":{"line":81,"column":19},"end":{"line":81,"column":85}},"26":{"start":{"line":81,"column":37},"end":{"line":81,"column":84}},"27":{"start":{"line":82,"column":2},"end":{"line":82,"column":31}},"28":{"start":{"line":89,"column":2},"end":{"line":89,"column":27}},"29":{"start":{"line":92,"column":0},"end":{"line":96,"column":2}}},"fnMap":{"0":{"name":"translate","decl":{"start":{"line":17,"column":15},"end":{"line":17,"column":24}},"loc":{"start":{"line":17,"column":77},"end":{"line":60,"column":1}},"line":17},"1":{"name":"batchTranslate","decl":{"start":{"line":69,"column":15},"end":{"line":69,"column":29}},"loc":{"start":{"line":69,"column":83},"end":{"line":83,"column":1}},"line":69},"2":{"name":"(anonymous_2)","decl":{"start":{"line":81,"column":29},"end":{"line":81,"column":30}},"loc":{"start":{"line":81,"column":37},"end":{"line":81,"column":84}},"line":81},"3":{"name":"clearCache","decl":{"start":{"line":88,"column":9},"end":{"line":88,"column":19}},"loc":{"start":{"line":88,"column":22},"end":{"line":90,"column":1}},"line":88}},"branchMap":{"0":{"loc":{"start":{"line":17,"column":31},"end":{"line":17,"column":52}},"type":"default-arg","locations":[{"start":{"line":17,"column":48},"end":{"line":17,"column":52}}],"line":17},"1":{"loc":{"start":{"line":17,"column":54},"end":{"line":17,"column":75}},"type":"default-arg","locations":[{"start":{"line":17,"column":71},"end":{"line":17,"column":75}}],"line":17},"2":{"loc":{"start":{"line":19,"column":2},"end":{"line":21,"column":3}},"type":"if","locations":[{"start":{"line":19,"column":2},"end":{"line":21,"column":3}},{"start":{},"end":{}}],"line":19},"3":{"loc":{"start":{"line":19,"column":6},"end":{"line":19,"column":33}},"type":"binary-expr","locations":[{"start":{"line":19,"column":6},"end":{"line":19,"column":11}},{"start":{"line":19,"column":15},"end":{"line":19,"column":33}}],"line":19},"4":{"loc":{"start":{"line":24,"column":2},"end":{"line":26,"column":3}},"type":"if","locations":[{"start":{"line":24,"column":2},"end":{"line":26,"column":3}},{"start":{},"end":{}}],"line":24},"5":{"loc":{"start":{"line":32,"column":2},"end":{"line":34,"column":3}},"type":"if","locations":[{"start":{"line":32,"column":2},"end":{"line":34,"column":3}},{"start":{},"end":{}}],"line":32},"6":{"loc":{"start":{"line":40,"column":2},"end":{"line":54,"column":3}},"type":"if","locations":[{"start":{"line":40,"column":2},"end":{"line":54,"column":3}},{"start":{"line":42,"column":9},"end":{"line":54,"column":3}}],"line":40},"7":{"loc":{"start":{"line":40,"column":6},"end":{"line":40,"column":56}},"type":"binary-expr","locations":[{"start":{"line":40,"column":6},"end":{"line":40,"column":29}},{"start":{"line":40,"column":33},"end":{"line":40,"column":56}}],"line":40},"8":{"loc":{"start":{"line":42,"column":9},"end":{"line":54,"column":3}},"type":"if","locations":[{"start":{"line":42,"column":9},"end":{"line":54,"column":3}},{"start":{"line":51,"column":9},"end":{"line":54,"column":3}}],"line":42},"9":{"loc":{"start":{"line":42,"column":13},"end":{"line":42,"column":63}},"type":"binary-expr","locations":[{"start":{"line":42,"column":13},"end":{"line":42,"column":36}},{"start":{"line":42,"column":40},"end":{"line":42,"column":63}}],"line":42},"10":{"loc":{"start":{"line":44,"column":4},"end":{"line":50,"column":5}},"type":"if","locations":[{"start":{"line":44,"column":4},"end":{"line":50,"column":5}},{"start":{"line":46,"column":11},"end":{"line":50,"column":5}}],"line":44},"11":{"loc":{"start":{"line":46,"column":11},"end":{"line":50,"column":5}},"type":"if","locations":[{"start":{"line":46,"column":11},"end":{"line":50,"column":5}},{"start":{"line":48,"column":11},"end":{"line":50,"column":5}}],"line":46},"12":{"loc":{"start":{"line":69,"column":37},"end":{"line":69,"column":58}},"type":"default-arg","locations":[{"start":{"line":69,"column":54},"end":{"line":69,"column":58}}],"line":69},"13":{"loc":{"start":{"line":69,"column":60},"end":{"line":69,"column":81}},"type":"default-arg","locations":[{"start":{"line":69,"column":77},"end":{"line":69,"column":81}}],"line":69},"14":{"loc":{"start":{"line":71,"column":2},"end":{"line":73,"column":3}},"type":"if","locations":[{"start":{"line":71,"column":2},"end":{"line":73,"column":3}},{"start":{},"end":{}}],"line":71},"15":{"loc":{"start":{"line":71,"column":6},"end":{"line":71,"column":59}},"type":"binary-expr","locations":[{"start":{"line":71,"column":6},"end":{"line":71,"column":12}},{"start":{"line":71,"column":16},"end":{"line":71,"column":37}},{"start":{"line":71,"column":41},"end":{"line":71,"column":59}}],"line":71},"16":{"loc":{"start":{"line":76,"column":2},"end":{"line":78,"column":3}},"type":"if","locations":[{"start":{"line":76,"column":2},"end":{"line":78,"column":3}},{"start":{},"end":{}}],"line":76}},"s":{"0":2,"1":2,"2":7,"3":0,"4":7,"5":1,"6":6,"7":6,"8":1,"9":5,"10":5,"11":5,"12":0,"13":0,"14":0,"15":0,"16":0,"17":0,"18":0,"19":5,"20":5,"21":2,"22":1,"23":1,"24":0,"25":1,"26":3,"27":1,"28":5,"29":2},"f":{"0":7,"1":2,"2":3,"3":5},"b":{"0":[0],"1":[0],"2":[0,7],"3":[7,7],"4":[1,6],"5":[1,5],"6":[5,0],"7":[5,5],"8":[0,0],"9":[0,0],"10":[0,0],"11":[0,0],"12":[0],"13":[0],"14":[1,1],"15":[2,2,2],"16":[0,1]},"_coverageSchema":"1a1c01bbd47fc00a2c39e90264f33305004495a9","hash":"dc33d00806c71e382068ee915099f1551ef08d4a"}
,"/Users/oliviervoisin/projects/inventory-processor/modules/voice-processor.js": {"path":"/Users/oliviervoisin/projects/inventory-processor/modules/voice-processor.js","statementMap":{"0":{"start":{"line":5,"column":11},"end":{"line":5,"column":33}},"1":{"start":{"line":6,"column":13},"end":{"line":6,"column":28}},"2":{"start":{"line":7,"column":21},"end":{"line":7,"column":45}},"3":{"start":{"line":8,"column":15},"end":{"line":8,"column":41}},"4":{"start":{"line":9,"column":22},"end":{"line":9,"column":56}},"5":{"start":{"line":10,"column":33},"end":{"line":10,"column":66}},"6":{"start":{"line":11,"column":15},"end":{"line":11,"column":35}},"7":{"start":{"line":14,"column":23},"end":{"line":14,"column":93}},"8":{"start":{"line":15,"column":17},"end":{"line":15,"column":45}},"9":{"start":{"line":18,"column":22},"end":{"line":25,"column":1}},"10":{"start":{"line":35,"column":2},"end":{"line":75,"column":3}},"11":{"start":{"line":36,"column":4},"end":{"line":36,"column":112}},"12":{"start":{"line":39,"column":22},"end":{"line":39,"column":49}},"13":{"start":{"line":42,"column":26},"end":{"line":42,"column":58}},"14":{"start":{"line":45,"column":18},"end":{"line":45,"column":70}},"15":{"start":{"line":48,"column":20},"end":{"line":57,"column":5}},"16":{"start":{"line":54,"column":49},"end":{"line":54,"column":66}},"17":{"start":{"line":55,"column":51},"end":{"line":55,"column":67}},"18":{"start":{"line":60,"column":4},"end":{"line":69,"column":5}},"19":{"start":{"line":61,"column":6},"end":{"line":68,"column":7}},"20":{"start":{"line":62,"column":26},"end":{"line":62,"column":101}},"21":{"start":{"line":63,"column":8},"end":{"line":63,"column":65}},"22":{"start":{"line":64,"column":8},"end":{"line":64,"column":41}},"23":{"start":{"line":66,"column":8},"end":{"line":66,"column":91}},"24":{"start":{"line":67,"column":8},"end":{"line":67,"column":46}},"25":{"start":{"line":71,"column":4},"end":{"line":71,"column":19}},"26":{"start":{"line":73,"column":4},"end":{"line":73,"column":81}},"27":{"start":{"line":74,"column":4},"end":{"line":74,"column":70}},"28":{"start":{"line":84,"column":2},"end":{"line":107,"column":3}},"29":{"start":{"line":86,"column":21},"end":{"line":86,"column":32}},"30":{"start":{"line":89,"column":21},"end":{"line":96,"column":19}},"31":{"start":{"line":99,"column":4},"end":{"line":101,"column":5}},"32":{"start":{"line":100,"column":6},"end":{"line":100,"column":69}},"33":{"start":{"line":103,"column":4},"end":{"line":103,"column":14}},"34":{"start":{"line":105,"column":4},"end":{"line":105,"column":62}},"35":{"start":{"line":106,"column":4},"end":{"line":106,"column":67}},"36":{"start":{"line":117,"column":2},"end":{"line":222,"column":3}},"37":{"start":{"line":118,"column":4},"end":{"line":118,"column":85}},"38":{"start":{"line":120,"column":4},"end":{"line":122,"column":5}},"39":{"start":{"line":121,"column":6},"end":{"line":121,"column":16}},"40":{"start":{"line":125,"column":17},"end":{"line":125,"column":41}},"41":{"start":{"line":128,"column":18},"end":{"line":128,"column":20}},"42":{"start":{"line":131,"column":21},"end":{"line":131,"column":54}},"43":{"start":{"line":135,"column":21},"end":{"line":141,"column":5}},"44":{"start":{"line":144,"column":4},"end":{"line":214,"column":5}},"45":{"start":{"line":146,"column":6},"end":{"line":213,"column":7}},"46":{"start":{"line":150,"column":8},"end":{"line":156,"column":9}},"47":{"start":{"line":152,"column":10},"end":{"line":152,"column":50}},"48":{"start":{"line":155,"column":10},"end":{"line":155,"column":44}},"49":{"start":{"line":159,"column":8},"end":{"line":159,"column":38}},"50":{"start":{"line":161,"column":8},"end":{"line":163,"column":9}},"51":{"start":{"line":162,"column":10},"end":{"line":162,"column":35}},"52":{"start":{"line":166,"column":8},"end":{"line":166,"column":38}},"53":{"start":{"line":169,"column":29},"end":{"line":169,"column":72}},"54":{"start":{"line":171,"column":8},"end":{"line":212,"column":9}},"55":{"start":{"line":173,"column":10},"end":{"line":183,"column":13}},"56":{"start":{"line":184,"column":15},"end":{"line":212,"column":9}},"57":{"start":{"line":186,"column":10},"end":{"line":197,"column":13}},"58":{"start":{"line":200,"column":10},"end":{"line":211,"column":13}},"59":{"start":{"line":216,"column":4},"end":{"line":216,"column":156}},"60":{"start":{"line":216,"column":93},"end":{"line":216,"column":110}},"61":{"start":{"line":218,"column":4},"end":{"line":218,"column":17}},"62":{"start":{"line":220,"column":4},"end":{"line":220,"column":92}},"63":{"start":{"line":221,"column":4},"end":{"line":221,"column":14}},"64":{"start":{"line":232,"column":2},"end":{"line":234,"column":3}},"65":{"start":{"line":233,"column":4},"end":{"line":233,"column":16}},"66":{"start":{"line":237,"column":21},"end":{"line":237,"column":53}},"67":{"start":{"line":240,"column":17},"end":{"line":244,"column":4}},"68":{"start":{"line":241,"column":29},"end":{"line":241,"column":55}},"69":{"start":{"line":242,"column":18},"end":{"line":242,"column":67}},"70":{"start":{"line":243,"column":4},"end":{"line":243,"column":30}},"71":{"start":{"line":247,"column":2},"end":{"line":247,"column":43}},"72":{"start":{"line":247,"column":24},"end":{"line":247,"column":41}},"73":{"start":{"line":250,"column":2},"end":{"line":256,"column":3}},"74":{"start":{"line":251,"column":4},"end":{"line":255,"column":6}},"75":{"start":{"line":258,"column":2},"end":{"line":258,"column":14}},"76":{"start":{"line":271,"column":2},"end":{"line":273,"column":3}},"77":{"start":{"line":272,"column":4},"end":{"line":272,"column":15}},"78":{"start":{"line":276,"column":17},"end":{"line":276,"column":60}},"79":{"start":{"line":276,"column":47},"end":{"line":276,"column":59}},"80":{"start":{"line":277,"column":17},"end":{"line":277,"column":60}},"81":{"start":{"line":277,"column":47},"end":{"line":277,"column":59}},"82":{"start":{"line":279,"column":16},"end":{"line":279,"column":17}},"83":{"start":{"line":280,"column":2},"end":{"line":287,"column":3}},"84":{"start":{"line":281,"column":4},"end":{"line":286,"column":5}},"85":{"start":{"line":282,"column":6},"end":{"line":285,"column":7}},"86":{"start":{"line":283,"column":8},"end":{"line":283,"column":18}},"87":{"start":{"line":284,"column":8},"end":{"line":284,"column":14}},"88":{"start":{"line":289,"column":21},"end":{"line":289,"column":68}},"89":{"start":{"line":291,"column":2},"end":{"line":291,"column":20}},"90":{"start":{"line":300,"column":2},"end":{"line":322,"column":5}},"91":{"start":{"line":301,"column":4},"end":{"line":321,"column":6}},"92":{"start":{"line":325,"column":0},"end":{"line":330,"column":2}}},"fnMap":{"0":{"name":"processVoiceFile","decl":{"start":{"line":34,"column":15},"end":{"line":34,"column":31}},"loc":{"start":{"line":34,"column":60},"end":{"line":76,"column":1}},"line":34},"1":{"name":"(anonymous_1)","decl":{"start":{"line":54,"column":41},"end":{"line":54,"column":42}},"loc":{"start":{"line":54,"column":49},"end":{"line":54,"column":66}},"line":54},"2":{"name":"(anonymous_2)","decl":{"start":{"line":55,"column":43},"end":{"line":55,"column":44}},"loc":{"start":{"line":55,"column":51},"end":{"line":55,"column":67}},"line":55},"3":{"name":"transcribeAudio","decl":{"start":{"line":83,"column":15},"end":{"line":83,"column":30}},"loc":{"start":{"line":83,"column":42},"end":{"line":108,"column":1}},"line":83},"4":{"name":"extractInventoryItems","decl":{"start":{"line":116,"column":15},"end":{"line":116,"column":36}},"loc":{"start":{"line":116,"column":59},"end":{"line":223,"column":1}},"line":116},"5":{"name":"(anonymous_5)","decl":{"start":{"line":216,"column":85},"end":{"line":216,"column":86}},"loc":{"start":{"line":216,"column":93},"end":{"line":216,"column":110}},"line":216},"6":{"name":"findBestProductMatch","decl":{"start":{"line":231,"column":9},"end":{"line":231,"column":29}},"loc":{"start":{"line":231,"column":53},"end":{"line":259,"column":1}},"line":231},"7":{"name":"(anonymous_7)","decl":{"start":{"line":240,"column":30},"end":{"line":240,"column":31}},"loc":{"start":{"line":240,"column":41},"end":{"line":244,"column":3}},"line":240},"8":{"name":"(anonymous_8)","decl":{"start":{"line":247,"column":14},"end":{"line":247,"column":15}},"loc":{"start":{"line":247,"column":24},"end":{"line":247,"column":41}},"line":247},"9":{"name":"calculateSimilarity","decl":{"start":{"line":267,"column":9},"end":{"line":267,"column":28}},"loc":{"start":{"line":267,"column":41},"end":{"line":292,"column":1}},"line":267},"10":{"name":"(anonymous_10)","decl":{"start":{"line":276,"column":42},"end":{"line":276,"column":43}},"loc":{"start":{"line":276,"column":47},"end":{"line":276,"column":59}},"line":276},"11":{"name":"(anonymous_11)","decl":{"start":{"line":277,"column":42},"end":{"line":277,"column":43}},"loc":{"start":{"line":277,"column":47},"end":{"line":277,"column":59}},"line":277},"12":{"name":"suggestActionsForUnrecognizedItems","decl":{"start":{"line":299,"column":9},"end":{"line":299,"column":43}},"loc":{"start":{"line":299,"column":63},"end":{"line":323,"column":1}},"line":299},"13":{"name":"(anonymous_13)","decl":{"start":{"line":300,"column":31},"end":{"line":300,"column":32}},"loc":{"start":{"line":300,"column":39},"end":{"line":322,"column":3}},"line":300}},"branchMap":{"0":{"loc":{"start":{"line":14,"column":23},"end":{"line":14,"column":93}},"type":"binary-expr","locations":[{"start":{"line":14,"column":23},"end":{"line":14,"column":61}},{"start":{"line":14,"column":65},"end":{"line":14,"column":93}}],"line":14},"1":{"loc":{"start":{"line":60,"column":4},"end":{"line":69,"column":5}},"type":"if","locations":[{"start":{"line":60,"column":4},"end":{"line":69,"column":5}},{"start":{},"end":{}}],"line":60},"2":{"loc":{"start":{"line":99,"column":4},"end":{"line":101,"column":5}},"type":"if","locations":[{"start":{"line":99,"column":4},"end":{"line":101,"column":5}},{"start":{},"end":{}}],"line":99},"3":{"loc":{"start":{"line":120,"column":4},"end":{"line":122,"column":5}},"type":"if","locations":[{"start":{"line":120,"column":4},"end":{"line":122,"column":5}},{"start":{},"end":{}}],"line":120},"4":{"loc":{"start":{"line":120,"column":8},"end":{"line":120,"column":47}},"type":"binary-expr","locations":[{"start":{"line":120,"column":8},"end":{"line":120,"column":19}},{"start":{"line":120,"column":23},"end":{"line":120,"column":47}}],"line":120},"5":{"loc":{"start":{"line":150,"column":8},"end":{"line":156,"column":9}},"type":"if","locations":[{"start":{"line":150,"column":8},"end":{"line":156,"column":9}},{"start":{"line":153,"column":15},"end":{"line":156,"column":9}}],"line":150},"6":{"loc":{"start":{"line":152,"column":21},"end":{"line":152,"column":49}},"type":"binary-expr","locations":[{"start":{"line":152,"column":21},"end":{"line":152,"column":44}},{"start":{"line":152,"column":48},"end":{"line":152,"column":49}}],"line":152},"7":{"loc":{"start":{"line":161,"column":8},"end":{"line":163,"column":9}},"type":"if","locations":[{"start":{"line":161,"column":8},"end":{"line":163,"column":9}},{"start":{},"end":{}}],"line":161},"8":{"loc":{"start":{"line":171,"column":8},"end":{"line":212,"column":9}},"type":"if","locations":[{"start":{"line":171,"column":8},"end":{"line":212,"column":9}},{"start":{"line":184,"column":15},"end":{"line":212,"column":9}}],"line":171},"9":{"loc":{"start":{"line":171,"column":12},"end":{"line":171,"column":57}},"type":"binary-expr","locations":[{"start":{"line":171,"column":12},"end":{"line":171,"column":24}},{"start":{"line":171,"column":28},"end":{"line":171,"column":57}}],"line":171},"10":{"loc":{"start":{"line":184,"column":15},"end":{"line":212,"column":9}},"type":"if","locations":[{"start":{"line":184,"column":15},"end":{"line":212,"column":9}},{"start":{"line":198,"column":15},"end":{"line":212,"column":9}}],"line":184},"11":{"loc":{"start":{"line":184,"column":19},"end":{"line":184,"column":64}},"type":"binary-expr","locations":[{"start":{"line":184,"column":19},"end":{"line":184,"column":31}},{"start":{"line":184,"column":35},"end":{"line":184,"column":64}}],"line":184},"12":{"loc":{"start":{"line":206,"column":24},"end":{"line":206,"column":66}},"type":"cond-expr","locations":[{"start":{"line":206,"column":39},"end":{"line":206,"column":62}},{"start":{"line":206,"column":65},"end":{"line":206,"column":66}}],"line":206},"13":{"loc":{"start":{"line":232,"column":2},"end":{"line":234,"column":3}},"type":"if","locations":[{"start":{"line":232,"column":2},"end":{"line":234,"column":3}},{"start":{},"end":{}}],"line":232},"14":{"loc":{"start":{"line":232,"column":6},"end":{"line":232,"column":56}},"type":"binary-expr","locations":[{"start":{"line":232,"column":6},"end":{"line":232,"column":15}},{"start":{"line":232,"column":19},"end":{"line":232,"column":40}},{"start":{"line":232,"column":44},"end":{"line":232,"column":56}}],"line":232},"15":{"loc":{"start":{"line":250,"column":2},"end":{"line":256,"column":3}},"type":"if","locations":[{"start":{"line":250,"column":2},"end":{"line":256,"column":3}},{"start":{},"end":{}}],"line":250},"16":{"loc":{"start":{"line":250,"column":6},"end":{"line":250,"column":48}},"type":"binary-expr","locations":[{"start":{"line":250,"column":6},"end":{"line":250,"column":23}},{"start":{"line":250,"column":27},"end":{"line":250,"column":48}}],"line":250},"17":{"loc":{"start":{"line":271,"column":2},"end":{"line":273,"column":3}},"type":"if","locations":[{"start":{"line":271,"column":2},"end":{"line":273,"column":3}},{"start":{},"end":{}}],"line":271},"18":{"loc":{"start":{"line":271,"column":6},"end":{"line":271,"column":48}},"type":"binary-expr","locations":[{"start":{"line":271,"column":6},"end":{"line":271,"column":25}},{"start":{"line":271,"column":29},"end":{"line":271,"column":48}}],"line":271},"19":{"loc":{"start":{"line":282,"column":6},"end":{"line":285,"column":7}},"type":"if","locations":[{"start":{"line":282,"column":6},"end":{"line":285,"column":7}},{"start":{},"end":{}}],"line":282},"20":{"loc":{"start":{"line":282,"column":10},"end":{"line":282,"column":119}},"type":"binary-expr","locations":[{"start":{"line":282,"column":10},"end":{"line":282,"column":25}},{"start":{"line":282,"column":30},"end":{"line":282,"column":46}},{"start":{"line":282,"column":50},"end":{"line":282,"column":71}},{"start":{"line":282,"column":77},"end":{"line":282,"column":93}},{"start":{"line":282,"column":97},"end":{"line":282,"column":118}}],"line":282},"21":{"loc":{"start":{"line":289,"column":21},"end":{"line":289,"column":68}},"type":"cond-expr","locations":[{"start":{"line":289,"column":41},"end":{"line":289,"column":64}},{"start":{"line":289,"column":67},"end":{"line":289,"column":68}}],"line":289}},"s":{"0":12,"1":12,"2":12,"3":12,"4":12,"5":12,"6":12,"7":12,"8":12,"9":12,"10":1,"11":1,"12":1,"13":0,"14":0,"15":0,"16":0,"17":0,"18":0,"19":0,"20":0,"21":0,"22":0,"23":0,"24":0,"25":0,"26":1,"27":1,"28":3,"29":3,"30":3,"31":1,"32":1,"33":0,"34":2,"35":2,"36":5,"37":5,"38":5,"39":2,"40":3,"41":3,"42":3,"43":0,"44":0,"45":0,"46":0,"47":0,"48":0,"49":0,"50":0,"51":0,"52":0,"53":0,"54":0,"55":0,"56":0,"57":0,"58":0,"59":0,"60":0,"61":0,"62":3,"63":3,"64":0,"65":0,"66":0,"67":0,"68":0,"69":0,"70":0,"71":0,"72":0,"73":0,"74":0,"75":0,"76":0,"77":0,"78":0,"79":0,"80":0,"81":0,"82":0,"83":0,"84":0,"85":0,"86":0,"87":0,"88":0,"89":0,"90":0,"91":0,"92":12},"f":{"0":1,"1":0,"2":0,"3":3,"4":5,"5":0,"6":0,"7":0,"8":0,"9":0,"10":0,"11":0,"12":0,"13":0},"b":{"0":[12,12],"1":[0,0],"2":[1,0],"3":[2,3],"4":[5,3],"5":[0,0],"6":[0,0],"7":[0,0],"8":[0,0],"9":[0,0],"10":[0,0],"11":[0,0],"12":[0,0],"13":[0,0],"14":[0,0,0],"15":[0,0],"16":[0,0],"17":[0,0],"18":[0,0],"19":[0,0],"20":[0,0,0,0,0],"21":[0,0]},"_coverageSchema":"1a1c01bbd47fc00a2c39e90264f33305004495a9","hash":"23e3ae7b60487f533f0d2a758029e01953ca9280"}
,"/Users/oliviervoisin/projects/inventory-processor/modules/voice-workflow.js": {"path":"/Users/oliviervoisin/projects/inventory-processor/modules/voice-workflow.js","statementMap":{"0":{"start":{"line":5,"column":11},"end":{"line":5,"column":33}},"1":{"start":{"line":6,"column":13},"end":{"line":6,"column":28}},"2":{"start":{"line":7,"column":23},"end":{"line":7,"column":51}},"3":{"start":{"line":8,"column":16},"end":{"line":8,"column":50}},"4":{"start":{"line":9,"column":15},"end":{"line":9,"column":41}},"5":{"start":{"line":18,"column":2},"end":{"line":18,"column":99}},"6":{"start":{"line":20,"column":2},"end":{"line":77,"column":3}},"7":{"start":{"line":22,"column":4},"end":{"line":24,"column":5}},"8":{"start":{"line":23,"column":6},"end":{"line":23,"column":46}},"9":{"start":{"line":27,"column":4},"end":{"line":35,"column":5}},"10":{"start":{"line":28,"column":6},"end":{"line":34,"column":8}},"11":{"start":{"line":38,"column":23},"end":{"line":38,"column":76}},"12":{"start":{"line":41,"column":4},"end":{"line":50,"column":5}},"13":{"start":{"line":42,"column":6},"end":{"line":42,"column":49}},"14":{"start":{"line":43,"column":6},"end":{"line":49,"column":8}},"15":{"start":{"line":53,"column":26},"end":{"line":53,"column":48}},"16":{"start":{"line":56,"column":18},"end":{"line":60,"column":7}},"17":{"start":{"line":56,"column":47},"end":{"line":60,"column":5}},"18":{"start":{"line":63,"column":4},"end":{"line":65,"column":5}},"19":{"start":{"line":64,"column":6},"end":{"line":64,"column":46}},"20":{"start":{"line":67,"column":4},"end":{"line":73,"column":6}},"21":{"start":{"line":75,"column":4},"end":{"line":75,"column":90}},"22":{"start":{"line":76,"column":4},"end":{"line":76,"column":16}},"23":{"start":{"line":80,"column":0},"end":{"line":82,"column":2}}},"fnMap":{"0":{"name":"processVoiceRecording","decl":{"start":{"line":17,"column":15},"end":{"line":17,"column":36}},"loc":{"start":{"line":17,"column":57},"end":{"line":78,"column":1}},"line":17},"1":{"name":"(anonymous_1)","decl":{"start":{"line":56,"column":38},"end":{"line":56,"column":39}},"loc":{"start":{"line":56,"column":47},"end":{"line":60,"column":5}},"line":56}},"branchMap":{"0":{"loc":{"start":{"line":22,"column":4},"end":{"line":24,"column":5}},"type":"if","locations":[{"start":{"line":22,"column":4},"end":{"line":24,"column":5}},{"start":{},"end":{}}],"line":22},"1":{"loc":{"start":{"line":27,"column":4},"end":{"line":35,"column":5}},"type":"if","locations":[{"start":{"line":27,"column":4},"end":{"line":35,"column":5}},{"start":{},"end":{}}],"line":27},"2":{"loc":{"start":{"line":41,"column":4},"end":{"line":50,"column":5}},"type":"if","locations":[{"start":{"line":41,"column":4},"end":{"line":50,"column":5}},{"start":{},"end":{}}],"line":41},"3":{"loc":{"start":{"line":41,"column":8},"end":{"line":41,"column":69}},"type":"binary-expr","locations":[{"start":{"line":41,"column":8},"end":{"line":41,"column":30}},{"start":{"line":41,"column":34},"end":{"line":41,"column":69}}],"line":41},"4":{"loc":{"start":{"line":53,"column":26},"end":{"line":53,"column":48}},"type":"binary-expr","locations":[{"start":{"line":53,"column":26},"end":{"line":53,"column":42}},{"start":{"line":53,"column":46},"end":{"line":53,"column":48}}],"line":53},"5":{"loc":{"start":{"line":57,"column":12},"end":{"line":57,"column":37}},"type":"binary-expr","locations":[{"start":{"line":57,"column":12},"end":{"line":57,"column":21}},{"start":{"line":57,"column":25},"end":{"line":57,"column":37}}],"line":57},"6":{"loc":{"start":{"line":58,"column":16},"end":{"line":58,"column":43}},"type":"binary-expr","locations":[{"start":{"line":58,"column":16},"end":{"line":58,"column":29}},{"start":{"line":58,"column":33},"end":{"line":58,"column":43}}],"line":58},"7":{"loc":{"start":{"line":59,"column":12},"end":{"line":59,"column":32}},"type":"binary-expr","locations":[{"start":{"line":59,"column":12},"end":{"line":59,"column":21}},{"start":{"line":59,"column":25},"end":{"line":59,"column":32}}],"line":59},"8":{"loc":{"start":{"line":63,"column":4},"end":{"line":65,"column":5}},"type":"if","locations":[{"start":{"line":63,"column":4},"end":{"line":65,"column":5}},{"start":{},"end":{}}],"line":63}},"s":{"0":1,"1":1,"2":1,"3":1,"4":1,"5":0,"6":0,"7":0,"8":0,"9":0,"10":0,"11":0,"12":0,"13":0,"14":0,"15":0,"16":0,"17":0,"18":0,"19":0,"20":0,"21":0,"22":0,"23":1},"f":{"0":0,"1":0},"b":{"0":[0,0],"1":[0,0],"2":[0,0],"3":[0,0],"4":[0,0],"5":[0,0],"6":[0,0],"7":[0,0],"8":[0,0]},"_coverageSchema":"1a1c01bbd47fc00a2c39e90264f33305004495a9","hash":"97010ab1beca9fa4db01f64c342c7cdf5220beea"}
,"/Users/oliviervoisin/projects/inventory-processor/routes/auth-routes.js": {"path":"/Users/oliviervoisin/projects/inventory-processor/routes/auth-routes.js","statementMap":{"0":{"start":{"line":4,"column":16},"end":{"line":4,"column":34}},"1":{"start":{"line":5,"column":15},"end":{"line":5,"column":31}},"2":{"start":{"line":6,"column":12},"end":{"line":6,"column":35}},"3":{"start":{"line":7,"column":49},"end":{"line":7,"column":82}},"4":{"start":{"line":8,"column":15},"end":{"line":8,"column":41}},"5":{"start":{"line":9,"column":15},"end":{"line":9,"column":35}},"6":{"start":{"line":12,"column":19},"end":{"line":12,"column":95}},"7":{"start":{"line":19,"column":0},"end":{"line":52,"column":3}},"8":{"start":{"line":20,"column":2},"end":{"line":51,"column":3}},"9":{"start":{"line":21,"column":35},"end":{"line":21,"column":43}},"10":{"start":{"line":23,"column":4},"end":{"line":25,"column":5}},"11":{"start":{"line":24,"column":6},"end":{"line":24,"column":77}},"12":{"start":{"line":29,"column":4},"end":{"line":46,"column":5}},"13":{"start":{"line":31,"column":20},"end":{"line":35,"column":7}},"14":{"start":{"line":37,"column":6},"end":{"line":45,"column":9}},"15":{"start":{"line":48,"column":4},"end":{"line":48,"column":60}},"16":{"start":{"line":50,"column":4},"end":{"line":50,"column":16}},"17":{"start":{"line":59,"column":0},"end":{"line":81,"column":3}},"18":{"start":{"line":60,"column":2},"end":{"line":80,"column":3}},"19":{"start":{"line":61,"column":18},"end":{"line":61,"column":58}},"20":{"start":{"line":63,"column":4},"end":{"line":65,"column":5}},"21":{"start":{"line":64,"column":6},"end":{"line":64,"column":56}},"22":{"start":{"line":67,"column":4},"end":{"line":77,"column":5}},"23":{"start":{"line":69,"column":22},"end":{"line":69,"column":51}},"24":{"start":{"line":71,"column":6},"end":{"line":74,"column":9}},"25":{"start":{"line":76,"column":6},"end":{"line":76,"column":54}},"26":{"start":{"line":79,"column":4},"end":{"line":79,"column":16}},"27":{"start":{"line":88,"column":0},"end":{"line":122,"column":3}},"28":{"start":{"line":89,"column":2},"end":{"line":121,"column":3}},"29":{"start":{"line":90,"column":22},"end":{"line":90,"column":30}},"30":{"start":{"line":92,"column":4},"end":{"line":94,"column":5}},"31":{"start":{"line":93,"column":6},"end":{"line":93,"column":48}},"32":{"start":{"line":96,"column":4},"end":{"line":118,"column":5}},"33":{"start":{"line":98,"column":22},"end":{"line":98,"column":79}},"34":{"start":{"line":101,"column":23},"end":{"line":105,"column":7}},"35":{"start":{"line":107,"column":6},"end":{"line":115,"column":9}},"36":{"start":{"line":117,"column":6},"end":{"line":117,"column":54}},"37":{"start":{"line":120,"column":4},"end":{"line":120,"column":16}},"38":{"start":{"line":124,"column":0},"end":{"line":124,"column":24}}},"fnMap":{"0":{"name":"(anonymous_0)","decl":{"start":{"line":19,"column":22},"end":{"line":19,"column":23}},"loc":{"start":{"line":19,"column":48},"end":{"line":52,"column":1}},"line":19},"1":{"name":"(anonymous_1)","decl":{"start":{"line":59,"column":22},"end":{"line":59,"column":23}},"loc":{"start":{"line":59,"column":48},"end":{"line":81,"column":1}},"line":59},"2":{"name":"(anonymous_2)","decl":{"start":{"line":88,"column":24},"end":{"line":88,"column":25}},"loc":{"start":{"line":88,"column":50},"end":{"line":122,"column":1}},"line":88}},"branchMap":{"0":{"loc":{"start":{"line":12,"column":19},"end":{"line":12,"column":95}},"type":"binary-expr","locations":[{"start":{"line":12,"column":19},"end":{"line":12,"column":41}},{"start":{"line":12,"column":45},"end":{"line":12,"column":67}},{"start":{"line":12,"column":71},"end":{"line":12,"column":95}}],"line":12},"1":{"loc":{"start":{"line":23,"column":4},"end":{"line":25,"column":5}},"type":"if","locations":[{"start":{"line":23,"column":4},"end":{"line":25,"column":5}},{"start":{},"end":{}}],"line":23},"2":{"loc":{"start":{"line":23,"column":8},"end":{"line":23,"column":30}},"type":"binary-expr","locations":[{"start":{"line":23,"column":8},"end":{"line":23,"column":17}},{"start":{"line":23,"column":21},"end":{"line":23,"column":30}}],"line":23},"3":{"loc":{"start":{"line":29,"column":4},"end":{"line":46,"column":5}},"type":"if","locations":[{"start":{"line":29,"column":4},"end":{"line":46,"column":5}},{"start":{},"end":{}}],"line":29},"4":{"loc":{"start":{"line":29,"column":8},"end":{"line":29,"column":55}},"type":"binary-expr","locations":[{"start":{"line":29,"column":8},"end":{"line":29,"column":28}},{"start":{"line":29,"column":32},"end":{"line":29,"column":55}}],"line":29},"5":{"loc":{"start":{"line":63,"column":4},"end":{"line":65,"column":5}},"type":"if","locations":[{"start":{"line":63,"column":4},"end":{"line":65,"column":5}},{"start":{},"end":{}}],"line":63},"6":{"loc":{"start":{"line":92,"column":4},"end":{"line":94,"column":5}},"type":"if","locations":[{"start":{"line":92,"column":4},"end":{"line":94,"column":5}},{"start":{},"end":{}}],"line":92}},"s":{"0":2,"1":2,"2":2,"3":2,"4":2,"5":2,"6":2,"7":2,"8":2,"9":2,"10":2,"11":0,"12":2,"13":1,"14":1,"15":1,"16":1,"17":2,"18":2,"19":2,"20":2,"21":0,"22":2,"23":2,"24":1,"25":1,"26":1,"27":2,"28":1,"29":1,"30":1,"31":0,"32":1,"33":1,"34":1,"35":1,"36":0,"37":0,"38":2},"f":{"0":2,"1":2,"2":1},"b":{"0":[2,2,2],"1":[0,2],"2":[2,2],"3":[1,1],"4":[2,1],"5":[0,2],"6":[0,1]},"_coverageSchema":"1a1c01bbd47fc00a2c39e90264f33305004495a9","hash":"872179f0bcc18331129f4494078e1cb392b9b68c"}
,"/Users/oliviervoisin/projects/inventory-processor/routes/health.js": {"path":"/Users/oliviervoisin/projects/inventory-processor/routes/health.js","statementMap":{"0":{"start":{"line":4,"column":16},"end":{"line":4,"column":34}},"1":{"start":{"line":5,"column":15},"end":{"line":5,"column":31}},"2":{"start":{"line":6,"column":11},"end":{"line":6,"column":24}},"3":{"start":{"line":7,"column":19},"end":{"line":7,"column":49}},"4":{"start":{"line":8,"column":15},"end":{"line":8,"column":41}},"5":{"start":{"line":15,"column":0},"end":{"line":18,"column":3}},"6":{"start":{"line":16,"column":2},"end":{"line":16,"column":40}},"7":{"start":{"line":17,"column":2},"end":{"line":17,"column":51}},"8":{"start":{"line":25,"column":0},"end":{"line":37,"column":3}},"9":{"start":{"line":26,"column":2},"end":{"line":36,"column":3}},"10":{"start":{"line":27,"column":23},"end":{"line":27,"column":51}},"11":{"start":{"line":28,"column":4},"end":{"line":28,"column":44}},"12":{"start":{"line":29,"column":4},"end":{"line":29,"column":44}},"13":{"start":{"line":31,"column":4},"end":{"line":31,"column":79}},"14":{"start":{"line":32,"column":4},"end":{"line":35,"column":7}},"15":{"start":{"line":44,"column":0},"end":{"line":74,"column":3}},"16":{"start":{"line":45,"column":2},"end":{"line":73,"column":3}},"17":{"start":{"line":46,"column":19},"end":{"line":46,"column":35}},"18":{"start":{"line":47,"column":19},"end":{"line":52,"column":5}},"19":{"start":{"line":53,"column":16},"end":{"line":53,"column":28}},"20":{"start":{"line":55,"column":4},"end":{"line":66,"column":7}},"21":{"start":{"line":68,"column":4},"end":{"line":68,"column":94}},"22":{"start":{"line":69,"column":4},"end":{"line":72,"column":7}},"23":{"start":{"line":76,"column":0},"end":{"line":76,"column":24}}},"fnMap":{"0":{"name":"(anonymous_0)","decl":{"start":{"line":15,"column":20},"end":{"line":15,"column":21}},"loc":{"start":{"line":15,"column":34},"end":{"line":18,"column":1}},"line":15},"1":{"name":"(anonymous_1)","decl":{"start":{"line":25,"column":22},"end":{"line":25,"column":23}},"loc":{"start":{"line":25,"column":36},"end":{"line":37,"column":1}},"line":25},"2":{"name":"(anonymous_2)","decl":{"start":{"line":44,"column":22},"end":{"line":44,"column":23}},"loc":{"start":{"line":44,"column":36},"end":{"line":74,"column":1}},"line":44}},"branchMap":{},"s":{"0":2,"1":2,"2":2,"3":2,"4":2,"5":2,"6":1,"7":1,"8":2,"9":1,"10":1,"11":1,"12":1,"13":0,"14":0,"15":2,"16":0,"17":0,"18":0,"19":0,"20":0,"21":0,"22":0,"23":2},"f":{"0":1,"1":1,"2":0},"b":{},"_coverageSchema":"1a1c01bbd47fc00a2c39e90264f33305004495a9","hash":"ad50fac8ad5007b1ea563215eba6474cdbd4b2b1"}
,"/Users/oliviervoisin/projects/inventory-processor/routes/inventory-routes.js": {"path":"/Users/oliviervoisin/projects/inventory-processor/routes/inventory-routes.js","statementMap":{"0":{"start":{"line":4,"column":16},"end":{"line":4,"column":34}},"1":{"start":{"line":5,"column":15},"end":{"line":5,"column":31}},"2":{"start":{"line":6,"column":16},"end":{"line":6,"column":50}},"3":{"start":{"line":7,"column":31},"end":{"line":7,"column":60}},"4":{"start":{"line":8,"column":32},"end":{"line":8,"column":67}},"5":{"start":{"line":9,"column":15},"end":{"line":9,"column":41}},"6":{"start":{"line":10,"column":19},"end":{"line":10,"column":49}},"7":{"start":{"line":17,"column":0},"end":{"line":28,"column":3}},"8":{"start":{"line":18,"column":2},"end":{"line":27,"column":3}},"9":{"start":{"line":19,"column":4},"end":{"line":19,"column":45}},"10":{"start":{"line":20,"column":4},"end":{"line":20,"column":44}},"11":{"start":{"line":22,"column":21},"end":{"line":22,"column":48}},"12":{"start":{"line":23,"column":4},"end":{"line":23,"column":42}},"13":{"start":{"line":25,"column":4},"end":{"line":25,"column":61}},"14":{"start":{"line":26,"column":4},"end":{"line":26,"column":74}},"15":{"start":{"line":35,"column":0},"end":{"line":52,"column":3}},"16":{"start":{"line":36,"column":2},"end":{"line":51,"column":3}},"17":{"start":{"line":37,"column":25},"end":{"line":37,"column":34}},"18":{"start":{"line":39,"column":4},"end":{"line":41,"column":5}},"19":{"start":{"line":40,"column":6},"end":{"line":40,"column":79}},"20":{"start":{"line":43,"column":4},"end":{"line":43,"column":46}},"21":{"start":{"line":44,"column":4},"end":{"line":44,"column":66}},"22":{"start":{"line":46,"column":22},"end":{"line":46,"column":68}},"23":{"start":{"line":47,"column":4},"end":{"line":47,"column":43}},"24":{"start":{"line":49,"column":4},"end":{"line":49,"column":62}},"25":{"start":{"line":50,"column":4},"end":{"line":50,"column":75}},"26":{"start":{"line":59,"column":0},"end":{"line":92,"column":3}},"27":{"start":{"line":60,"column":2},"end":{"line":91,"column":3}},"28":{"start":{"line":61,"column":27},"end":{"line":61,"column":35}},"29":{"start":{"line":63,"column":4},"end":{"line":68,"column":5}},"30":{"start":{"line":64,"column":6},"end":{"line":67,"column":9}},"31":{"start":{"line":71,"column":4},"end":{"line":78,"column":5}},"32":{"start":{"line":72,"column":6},"end":{"line":77,"column":7}},"33":{"start":{"line":73,"column":8},"end":{"line":76,"column":11}},"34":{"start":{"line":80,"column":4},"end":{"line":80,"column":49}},"35":{"start":{"line":81,"column":4},"end":{"line":81,"column":78}},"36":{"start":{"line":83,"column":19},"end":{"line":83,"column":67}},"37":{"start":{"line":84,"column":4},"end":{"line":84,"column":62}},"38":{"start":{"line":86,"column":4},"end":{"line":86,"column":63}},"39":{"start":{"line":87,"column":4},"end":{"line":90,"column":7}},"40":{"start":{"line":94,"column":0},"end":{"line":94,"column":24}}},"fnMap":{"0":{"name":"(anonymous_0)","decl":{"start":{"line":17,"column":44},"end":{"line":17,"column":45}},"loc":{"start":{"line":17,"column":64},"end":{"line":28,"column":1}},"line":17},"1":{"name":"(anonymous_1)","decl":{"start":{"line":35,"column":36},"end":{"line":35,"column":37}},"loc":{"start":{"line":35,"column":56},"end":{"line":52,"column":1}},"line":35},"2":{"name":"(anonymous_2)","decl":{"start":{"line":59,"column":37},"end":{"line":59,"column":38}},"loc":{"start":{"line":59,"column":57},"end":{"line":92,"column":1}},"line":59}},"branchMap":{"0":{"loc":{"start":{"line":39,"column":4},"end":{"line":41,"column":5}},"type":"if","locations":[{"start":{"line":39,"column":4},"end":{"line":41,"column":5}},{"start":{},"end":{}}],"line":39},"1":{"loc":{"start":{"line":63,"column":4},"end":{"line":68,"column":5}},"type":"if","locations":[{"start":{"line":63,"column":4},"end":{"line":68,"column":5}},{"start":{},"end":{}}],"line":63},"2":{"loc":{"start":{"line":72,"column":6},"end":{"line":77,"column":7}},"type":"if","locations":[{"start":{"line":72,"column":6},"end":{"line":77,"column":7}},{"start":{},"end":{}}],"line":72},"3":{"loc":{"start":{"line":72,"column":10},"end":{"line":72,"column":61}},"type":"binary-expr","locations":[{"start":{"line":72,"column":10},"end":{"line":72,"column":25}},{"start":{"line":72,"column":29},"end":{"line":72,"column":43}},{"start":{"line":72,"column":47},"end":{"line":72,"column":61}}],"line":72}},"s":{"0":1,"1":1,"2":1,"3":1,"4":1,"5":1,"6":1,"7":1,"8":0,"9":0,"10":0,"11":0,"12":0,"13":0,"14":0,"15":1,"16":0,"17":0,"18":0,"19":0,"20":0,"21":0,"22":0,"23":0,"24":0,"25":0,"26":1,"27":0,"28":0,"29":0,"30":0,"31":0,"32":0,"33":0,"34":0,"35":0,"36":0,"37":0,"38":0,"39":0,"40":1},"f":{"0":0,"1":0,"2":0},"b":{"0":[0,0],"1":[0,0],"2":[0,0],"3":[0,0,0]},"_coverageSchema":"1a1c01bbd47fc00a2c39e90264f33305004495a9","hash":"3da88ff4a153ab0062fd872e685c6723e500714a"}
[...]
,"/Users/oliviervoisin/projects/inventory-processor/utils/error-handler.js": {"path":"/Users/oliviervoisin/projects/inventory-processor/utils/error-handler.js","statementMap":{"0":{"start":{"line":5,"column":15},"end":{"line":5,"column":34}},"1":{"start":{"line":12,"column":4},"end":{"line":12,"column":19}},"2":{"start":{"line":13,"column":4},"end":{"line":13,"column":38}},"3":{"start":{"line":14,"column":4},"end":{"line":14,"column":33}},"4":{"start":{"line":15,"column":4},"end":{"line":15,"column":52}},"5":{"start":{"line":24,"column":4},"end":{"line":24,"column":24}},"6":{"start":{"line":25,"column":4},"end":{"line":25,"column":25}},"7":{"start":{"line":34,"column":4},"end":{"line":34,"column":24}},"8":{"start":{"line":43,"column":4},"end":{"line":43,"column":24}},"9":{"start":{"line":52,"column":20},"end":{"line":54,"column":35}},"10":{"start":{"line":55,"column":4},"end":{"line":55,"column":24}},"11":{"start":{"line":56,"column":4},"end":{"line":56,"column":29}},"12":{"start":{"line":57,"column":4},"end":{"line":57,"column":25}},"13":{"start":{"line":66,"column":4},"end":{"line":66,"column":59}},"14":{"start":{"line":67,"column":4},"end":{"line":67,"column":27}},"15":{"start":{"line":68,"column":4},"end":{"line":68,"column":39}},"16":{"start":{"line":81,"column":2},"end":{"line":85,"column":5}},"17":{"start":{"line":87,"column":2},"end":{"line":89,"column":3}},"18":{"start":{"line":88,"column":4},"end":{"line":88,"column":28}},"19":{"start":{"line":92,"column":21},"end":{"line":92,"column":42}},"20":{"start":{"line":95,"column":24},"end":{"line":101,"column":3}},"21":{"start":{"line":104,"column":2},"end":{"line":106,"column":3}},"22":{"start":{"line":105,"column":4},"end":{"line":105,"column":44}},"23":{"start":{"line":109,"column":2},"end":{"line":111,"column":3}},"24":{"start":{"line":110,"column":4},"end":{"line":110,"column":42}},"25":{"start":{"line":114,"column":2},"end":{"line":114,"column":45}},"26":{"start":{"line":123,"column":2},"end":{"line":125,"column":4}},"27":{"start":{"line":124,"column":4},"end":{"line":124,"column":52}},"28":{"start":{"line":128,"column":0},"end":{"line":137,"column":2}}},"fnMap":{"0":{"name":"(anonymous_0)","decl":{"start":{"line":11,"column":2},"end":{"line":11,"column":3}},"loc":{"start":{"line":11,"column":41},"end":{"line":16,"column":3}},"line":11},"1":{"name":"(anonymous_1)","decl":{"start":{"line":23,"column":2},"end":{"line":23,"column":3}},"loc":{"start":{"line":23,"column":36},"end":{"line":26,"column":3}},"line":23},"2":{"name":"(anonymous_2)","decl":{"start":{"line":33,"column":2},"end":{"line":33,"column":3}},"loc":{"start":{"line":33,"column":53},"end":{"line":35,"column":3}},"line":33},"3":{"name":"(anonymous_3)","decl":{"start":{"line":42,"column":2},"end":{"line":42,"column":3}},"loc":{"start":{"line":42,"column":40},"end":{"line":44,"column":3}},"line":42},"4":{"name":"(anonymous_4)","decl":{"start":{"line":51,"column":2},"end":{"line":51,"column":3}},"loc":{"start":{"line":51,"column":47},"end":{"line":58,"column":3}},"line":51},"5":{"name":"(anonymous_5)","decl":{"start":{"line":65,"column":2},"end":{"line":65,"column":3}},"loc":{"start":{"line":65,"column":54},"end":{"line":69,"column":3}},"line":65},"6":{"name":"globalErrorHandler","decl":{"start":{"line":79,"column":9},"end":{"line":79,"column":27}},"loc":{"start":{"line":79,"column":49},"end":{"line":115,"column":1}},"line":79},"7":{"name":"asyncHandler","decl":{"start":{"line":122,"column":9},"end":{"line":122,"column":21}},"loc":{"start":{"line":122,"column":26},"end":{"line":126,"column":1}},"line":122},"8":{"name":"(anonymous_8)","decl":{"start":{"line":123,"column":9},"end":{"line":123,"column":10}},"loc":{"start":{"line":123,"column":29},"end":{"line":125,"column":3}},"line":123}},"branchMap":{"0":{"loc":{"start":{"line":11,"column":23},"end":{"line":11,"column":39}},"type":"default-arg","locations":[{"start":{"line":11,"column":36},"end":{"line":11,"column":39}}],"line":11},"1":{"loc":{"start":{"line":23,"column":23},"end":{"line":23,"column":34}},"type":"default-arg","locations":[{"start":{"line":23,"column":32},"end":{"line":23,"column":34}}],"line":23},"2":{"loc":{"start":{"line":33,"column":14},"end":{"line":33,"column":51}},"type":"default-arg","locations":[{"start":{"line":33,"column":24},"end":{"line":33,"column":51}}],"line":33},"3":{"loc":{"start":{"line":42,"column":14},"end":{"line":42,"column":38}},"type":"default-arg","locations":[{"start":{"line":42,"column":24},"end":{"line":42,"column":38}}],"line":42},"4":{"loc":{"start":{"line":51,"column":14},"end":{"line":51,"column":36}},"type":"default-arg","locations":[{"start":{"line":51,"column":25},"end":{"line":51,"column":36}}],"line":51},"5":{"loc":{"start":{"line":51,"column":38},"end":{"line":51,"column":45}},"type":"default-arg","locations":[{"start":{"line":51,"column":43},"end":{"line":51,"column":45}}],"line":51},"6":{"loc":{"start":{"line":52,"column":20},"end":{"line":54,"column":35}},"type":"cond-expr","locations":[{"start":{"line":53,"column":8},"end":{"line":53,"column":53}},{"start":{"line":54,"column":8},"end":{"line":54,"column":35}}],"line":52},"7":{"loc":{"start":{"line":65,"column":32},"end":{"line":65,"column":52}},"type":"default-arg","locations":[{"start":{"line":65,"column":48},"end":{"line":65,"column":52}}],"line":65},"8":{"loc":{"start":{"line":84,"column":16},"end":{"line":84,"column":37}},"type":"binary-expr","locations":[{"start":{"line":84,"column":16},"end":{"line":84,"column":30}},{"start":{"line":84,"column":34},"end":{"line":84,"column":37}}],"line":84},"9":{"loc":{"start":{"line":87,"column":2},"end":{"line":89,"column":3}},"type":"if","locations":[{"start":{"line":87,"column":2},"end":{"line":89,"column":3}},{"start":{},"end":{}}],"line":87},"10":{"loc":{"start":{"line":92,"column":21},"end":{"line":92,"column":42}},"type":"binary-expr","locations":[{"start":{"line":92,"column":21},"end":{"line":92,"column":35}},{"start":{"line":92,"column":39},"end":{"line":92,"column":42}}],"line":92},"11":{"loc":{"start":{"line":98,"column":15},"end":{"line":98,"column":55}},"type":"binary-expr","locations":[{"start":{"line":98,"column":15},"end":{"line":98,"column":26}},{"start":{"line":98,"column":30},"end":{"line":98,"column":55}}],"line":98},"12":{"loc":{"start":{"line":104,"column":2},"end":{"line":106,"column":3}},"type":"if","locations":[{"start":{"line":104,"column":2},"end":{"line":106,"column":3}},{"start":{},"end":{}}],"line":104},"13":{"loc":{"start":{"line":104,"column":6},"end":{"line":104,"column":50}},"type":"binary-expr","locations":[{"start":{"line":104,"column":6},"end":{"line":104,"column":36}},{"start":{"line":104,"column":40},"end":{"line":104,"column":50}}],"line":104},"14":{"loc":{"start":{"line":109,"column":2},"end":{"line":111,"column":3}},"type":"if","locations":[{"start":{"line":109,"column":2},"end":{"line":111,"column":3}},{"start":{},"end":{}}],"line":109}},"s":{"0":28,"1":9,"2":9,"3":9,"4":9,"5":2,"6":2,"7":2,"8":0,"9":0,"10":0,"11":0,"12":0,"13":5,"14":5,"15":5,"16":2,"17":2,"18":2,"19":2,"20":2,"21":2,"22":0,"23":2,"24":2,"25":2,"26":19,"27":4,"28":28},"f":{"0":9,"1":2,"2":2,"3":0,"4":0,"5":5,"6":2,"7":19,"8":4},"b":{"0":[0],"1":[2],"2":[0],"3":[0],"4":[0],"5":[0],"6":[0,0],"7":[5],"8":[2,0],"9":[2,0],"10":[2,0],"11":[2,0],"12":[0,2],"13":[2,0],"14":[2,0]},"_coverageSchema":"1a1c01bbd47fc00a2c39e90264f33305004495a9","hash":"e033143cd47525fed4cce598c8e7e1f4f84ffb4e"}
,"/Users/oliviervoisin/projects/inventory-processor/utils/logger.js": {"path":"/Users/oliviervoisin/projects/inventory-processor/utils/logger.js","statementMap":{"0":{"start":{"line":9,"column":15},"end":{"line":77,"column":1}},"1":{"start":{"line":17,"column":4},"end":{"line":19,"column":5}},"2":{"start":{"line":18,"column":6},"end":{"line":18,"column":13}},"3":{"start":{"line":20,"column":23},"end":{"line":20,"column":72}},"4":{"start":{"line":21,"column":4},"end":{"line":21,"column":70}},"5":{"start":{"line":31,"column":4},"end":{"line":33,"column":5}},"6":{"start":{"line":32,"column":6},"end":{"line":32,"column":13}},"7":{"start":{"line":34,"column":23},"end":{"line":34,"column":73}},"8":{"start":{"line":35,"column":4},"end":{"line":35,"column":72}},"9":{"start":{"line":45,"column":4},"end":{"line":47,"column":5}},"10":{"start":{"line":46,"column":6},"end":{"line":46,"column":13}},"11":{"start":{"line":48,"column":23},"end":{"line":48,"column":72}},"12":{"start":{"line":49,"column":4},"end":{"line":49,"column":71}},"13":{"start":{"line":59,"column":4},"end":{"line":61,"column":5}},"14":{"start":{"line":60,"column":6},"end":{"line":60,"column":13}},"15":{"start":{"line":63,"column":4},"end":{"line":66,"column":5}},"16":{"start":{"line":64,"column":25},"end":{"line":64,"column":75}},"17":{"start":{"line":65,"column":6},"end":{"line":65,"column":74}},"18":{"start":{"line":74,"column":6},"end":{"line":74,"column":34}},"19":{"start":{"line":79,"column":0},"end":{"line":79,"column":24}}},"fnMap":{"0":{"name":"(anonymous_0)","decl":{"start":{"line":15,"column":8},"end":{"line":15,"column":9}},"loc":{"start":{"line":15,"column":32},"end":{"line":22,"column":3}},"line":15},"1":{"name":"(anonymous_1)","decl":{"start":{"line":29,"column":9},"end":{"line":29,"column":10}},"loc":{"start":{"line":29,"column":33},"end":{"line":36,"column":3}},"line":29},"2":{"name":"(anonymous_2)","decl":{"start":{"line":43,"column":8},"end":{"line":43,"column":9}},"loc":{"start":{"line":43,"column":32},"end":{"line":50,"column":3}},"line":43},"3":{"name":"(anonymous_3)","decl":{"start":{"line":57,"column":9},"end":{"line":57,"column":10}},"loc":{"start":{"line":57,"column":33},"end":{"line":67,"column":3}},"line":57},"4":{"name":"(anonymous_4)","decl":{"start":{"line":73,"column":11},"end":{"line":73,"column":12}},"loc":{"start":{"line":73,"column":24},"end":{"line":75,"column":5}},"line":73}},"branchMap":{"0":{"loc":{"start":{"line":15,"column":18},"end":{"line":15,"column":27}},"type":"default-arg","locations":[{"start":{"line":15,"column":25},"end":{"line":15,"column":27}}],"line":15},"1":{"loc":{"start":{"line":17,"column":4},"end":{"line":19,"column":5}},"type":"if","locations":[{"start":{"line":17,"column":4},"end":{"line":19,"column":5}},{"start":{},"end":{}}],"line":17},"2":{"loc":{"start":{"line":17,"column":8},"end":{"line":17,"column":68}},"type":"binary-expr","locations":[{"start":{"line":17,"column":8},"end":{"line":17,"column":39}},{"start":{"line":17,"column":43},"end":{"line":17,"column":68}}],"line":17},"3":{"loc":{"start":{"line":21,"column":28},"end":{"line":21,"column":68}},"type":"cond-expr","locations":[{"start":{"line":21,"column":59},"end":{"line":21,"column":63}},{"start":{"line":21,"column":66},"end":{"line":21,"column":68}}],"line":21},"4":{"loc":{"start":{"line":29,"column":19},"end":{"line":29,"column":28}},"type":"default-arg","locations":[{"start":{"line":29,"column":26},"end":{"line":29,"column":28}}],"line":29},"5":{"loc":{"start":{"line":31,"column":4},"end":{"line":33,"column":5}},"type":"if","locations":[{"start":{"line":31,"column":4},"end":{"line":33,"column":5}},{"start":{},"end":{}}],"line":31},"6":{"loc":{"start":{"line":31,"column":8},"end":{"line":31,"column":68}},"type":"binary-expr","locations":[{"start":{"line":31,"column":8},"end":{"line":31,"column":39}},{"start":{"line":31,"column":43},"end":{"line":31,"column":68}}],"line":31},"7":{"loc":{"start":{"line":35,"column":30},"end":{"line":35,"column":70}},"type":"cond-expr","locations":[{"start":{"line":35,"column":61},"end":{"line":35,"column":65}},{"start":{"line":35,"column":68},"end":{"line":35,"column":70}}],"line":35},"8":{"loc":{"start":{"line":43,"column":18},"end":{"line":43,"column":27}},"type":"default-arg","locations":[{"start":{"line":43,"column":25},"end":{"line":43,"column":27}}],"line":43},"9":{"loc":{"start":{"line":45,"column":4},"end":{"line":47,"column":5}},"type":"if","locations":[{"start":{"line":45,"column":4},"end":{"line":47,"column":5}},{"start":{},"end":{}}],"line":45},"10":{"loc":{"start":{"line":45,"column":8},"end":{"line":45,"column":68}},"type":"binary-expr","locations":[{"start":{"line":45,"column":8},"end":{"line":45,"column":39}},{"start":{"line":45,"column":43},"end":{"line":45,"column":68}}],"line":45},"11":{"loc":{"start":{"line":49,"column":29},"end":{"line":49,"column":69}},"type":"cond-expr","locations":[{"start":{"line":49,"column":60},"end":{"line":49,"column":64}},{"start":{"line":49,"column":67},"end":{"line":49,"column":69}}],"line":49},"12":{"loc":{"start":{"line":57,"column":19},"end":{"line":57,"column":28}},"type":"default-arg","locations":[{"start":{"line":57,"column":26},"end":{"line":57,"column":28}}],"line":57},"13":{"loc":{"start":{"line":59,"column":4},"end":{"line":61,"column":5}},"type":"if","locations":[{"start":{"line":59,"column":4},"end":{"line":61,"column":5}},{"start":{},"end":{}}],"line":59},"14":{"loc":{"start":{"line":59,"column":8},"end":{"line":59,"column":68}},"type":"binary-expr","locations":[{"start":{"line":59,"column":8},"end":{"line":59,"column":39}},{"start":{"line":59,"column":43},"end":{"line":59,"column":68}}],"line":59},"15":{"loc":{"start":{"line":63,"column":4},"end":{"line":66,"column":5}},"type":"if","locations":[{"start":{"line":63,"column":4},"end":{"line":66,"column":5}},{"start":{},"end":{}}],"line":63},"16":{"loc":{"start":{"line":65,"column":32},"end":{"line":65,"column":72}},"type":"cond-expr","locations":[{"start":{"line":65,"column":63},"end":{"line":65,"column":67}},{"start":{"line":65,"column":70},"end":{"line":65,"column":72}}],"line":65}},"s":{"0":44,"1":16,"2":15,"3":1,"4":1,"5":4,"6":3,"7":1,"8":1,"9":3,"10":2,"11":1,"12":1,"13":6,"14":4,"15":2,"16":1,"17":1,"18":0,"19":44},"f":{"0":16,"1":4,"2":3,"3":6,"4":0},"b":{"0":[16],"1":[15,1],"2":[16,15],"3":[0,1],"4":[2],"5":[3,1],"6":[4,3],"7":[0,1],"8":[3],"9":[2,1],"10":[3,2],"11":[0,1],"12":[6],"13":[4,2],"14":[6,4],"15":[1,1],"16":[0,1]},"_coverageSchema":"1a1c01bbd47fc00a2c39e90264f33305004495a9","hash":"e10bc72ec4c603e4f2d80cc5f6714fa5b92cf400"}
,"/Users/oliviervoisin/projects/inventory-processor/utils/monitoring.js": {"path":"/Users/oliviervoisin/projects/inventory-processor/utils/monitoring.js","statementMap":{"0":{"start":{"line":5,"column":11},"end":{"line":5,"column":24}},"1":{"start":{"line":6,"column":15},"end":{"line":6,"column":34}},"2":{"start":{"line":9,"column":15},"end":{"line":9,"column":17}},"3":{"start":{"line":10,"column":18},"end":{"line":10,"column":20}},"4":{"start":{"line":11,"column":16},"end":{"line":11,"column":26}},"5":{"start":{"line":19,"column":14},"end":{"line":19,"column":51}},"6":{"start":{"line":21,"column":2},"end":{"line":23,"column":3}},"7":{"start":{"line":22,"column":4},"end":{"line":22,"column":22}},"8":{"start":{"line":25,"column":2},"end":{"line":25,"column":18}},"9":{"start":{"line":34,"column":14},"end":{"line":34,"column":41}},"10":{"start":{"line":36,"column":2},"end":{"line":38,"column":3}},"11":{"start":{"line":37,"column":4},"end":{"line":37,"column":25}},"12":{"start":{"line":40,"column":2},"end":{"line":40,"column":21}},"13":{"start":{"line":49,"column":17},"end":{"line":49,"column":60}},"14":{"start":{"line":52,"column":17},"end":{"line":57,"column":3}},"15":{"start":{"line":60,"column":18},"end":{"line":60,"column":33}},"16":{"start":{"line":63,"column":24},"end":{"line":63,"column":86}},"17":{"start":{"line":63,"column":71},"end":{"line":63,"column":82}},"18":{"start":{"line":66,"column":22},"end":{"line":66,"column":87}},"19":{"start":{"line":66,"column":72},"end":{"line":66,"column":83}},"20":{"start":{"line":69,"column":20},"end":{"line":69,"column":73}},"21":{"start":{"line":71,"column":2},"end":{"line":87,"column":4}},"22":{"start":{"line":94,"column":2},"end":{"line":94,"column":16}},"23":{"start":{"line":95,"column":2},"end":{"line":95,"column":19}},"24":{"start":{"line":96,"column":2},"end":{"line":96,"column":25}},"25":{"start":{"line":103,"column":2},"end":{"line":103,"column":49}},"26":{"start":{"line":108,"column":0},"end":{"line":114,"column":2}}},"fnMap":{"0":{"name":"trackApiCall","decl":{"start":{"line":18,"column":9},"end":{"line":18,"column":21}},"loc":{"start":{"line":18,"column":48},"end":{"line":26,"column":1}},"line":18},"1":{"name":"trackError","decl":{"start":{"line":33,"column":9},"end":{"line":33,"column":19}},"loc":{"start":{"line":33,"column":42},"end":{"line":41,"column":1}},"line":33},"2":{"name":"getSystemHealth","decl":{"start":{"line":47,"column":9},"end":{"line":47,"column":24}},"loc":{"start":{"line":47,"column":27},"end":{"line":88,"column":1}},"line":47},"3":{"name":"(anonymous_3)","decl":{"start":{"line":63,"column":55},"end":{"line":63,"column":56}},"loc":{"start":{"line":63,"column":71},"end":{"line":63,"column":82}},"line":63},"4":{"name":"(anonymous_4)","decl":{"start":{"line":66,"column":56},"end":{"line":66,"column":57}},"loc":{"start":{"line":66,"column":72},"end":{"line":66,"column":83}},"line":66},"5":{"name":"resetStats","decl":{"start":{"line":93,"column":9},"end":{"line":93,"column":19}},"loc":{"start":{"line":93,"column":22},"end":{"line":97,"column":1}},"line":93},"6":{"name":"shutdown","decl":{"start":{"line":102,"column":9},"end":{"line":102,"column":17}},"loc":{"start":{"line":102,"column":20},"end":{"line":106,"column":1}},"line":102}},"branchMap":{"0":{"loc":{"start":{"line":18,"column":32},"end":{"line":18,"column":46}},"type":"default-arg","locations":[{"start":{"line":18,"column":41},"end":{"line":18,"column":46}}],"line":18},"1":{"loc":{"start":{"line":21,"column":2},"end":{"line":23,"column":3}},"type":"if","locations":[{"start":{"line":21,"column":2},"end":{"line":23,"column":3}},{"start":{},"end":{}}],"line":21},"2":{"loc":{"start":{"line":36,"column":2},"end":{"line":38,"column":3}},"type":"if","locations":[{"start":{"line":36,"column":2},"end":{"line":38,"column":3}},{"start":{},"end":{}}],"line":36},"3":{"loc":{"start":{"line":69,"column":20},"end":{"line":69,"column":73}},"type":"cond-expr","locations":[{"start":{"line":69,"column":41},"end":{"line":69,"column":68}},{"start":{"line":69,"column":72},"end":{"line":69,"column":73}}],"line":69},"4":{"loc":{"start":{"line":72,"column":12},"end":{"line":72,"column":52}},"type":"cond-expr","locations":[{"start":{"line":72,"column":30},"end":{"line":72,"column":40}},{"start":{"line":72,"column":43},"end":{"line":72,"column":52}}],"line":72}},"s":{"0":9,"1":9,"2":9,"3":9,"4":9,"5":0,"6":0,"7":0,"8":0,"9":0,"10":0,"11":0,"12":0,"13":2,"14":2,"15":2,"16":2,"17":0,"18":2,"19":0,"20":2,"21":2,"22":0,"23":0,"24":0,"25":0,"26":9},"f":{"0":0,"1":0,"2":2,"3":0,"4":0,"5":0,"6":0},"b":{"0":[0],"1":[0,0],"2":[0,0],"3":[0,2],"4":[0,2]},"_coverageSchema":"1a1c01bbd47fc00a2c39e90264f33305004495a9","hash":"700528eb7f6763a1e69026bef970ca54be90e2ae"}
}
