{"/Users/oliviervoisin/projects/inventory-processor/app.js": {"path":"/Users/oliviervoisin/projects/inventory-processor/app.js","statementMap":{"0":{"start":{"line":4,"column":16},"end":{"line":4,"column":34}},"1":{"start":{"line":5,"column":13},"end":{"line":5,"column":28}},"2":{"start":{"line":6,"column":15},"end":{"line":6,"column":32}},"3":{"start":{"line":7,"column":13},"end":{"line":7,"column":28}},"4":{"start":{"line":8,"column":15},"end":{"line":8,"column":32}},"5":{"start":{"line":9,"column":15},"end":{"line":9,"column":40}},"6":{"start":{"line":10,"column":24},"end":{"line":10,"column":56}},"7":{"start":{"line":11,"column":46},"end":{"line":11,"column":76}},"8":{"start":{"line":12,"column":27},"end":{"line":12,"column":69}},"9":{"start":{"line":15,"column":12},"end":{"line":15,"column":21}},"10":{"start":{"line":18,"column":0},"end":{"line":18,"column":16}},"11":{"start":{"line":19,"column":0},"end":{"line":19,"column":50}},"12":{"start":{"line":20,"column":0},"end":{"line":20,"column":24}},"13":{"start":{"line":21,"column":0},"end":{"line":21,"column":48}},"14":{"start":{"line":22,"column":0},"end":{"line":22,"column":22}},"15":{"start":{"line":23,"column":0},"end":{"line":23,"column":29}},"16":{"start":{"line":27,"column":20},"end":{"line":27,"column":52}},"17":{"start":{"line":28,"column":22},"end":{"line":28,"column":56}},"18":{"start":{"line":29,"column":24},"end":{"line":29,"column":60}},"19":{"start":{"line":30,"column":21},"end":{"line":30,"column":47}},"20":{"start":{"line":31,"column":19},"end":{"line":31,"column":50}},"21":{"start":{"line":32,"column":19},"end":{"line":32,"column":50}},"22":{"start":{"line":35,"column":0},"end":{"line":35,"column":35}},"23":{"start":{"line":36,"column":0},"end":{"line":36,"column":40}},"24":{"start":{"line":37,"column":0},"end":{"line":37,"column":43}},"25":{"start":{"line":38,"column":0},"end":{"line":38,"column":37}},"26":{"start":{"line":39,"column":0},"end":{"line":39,"column":33}},"27":{"start":{"line":40,"column":0},"end":{"line":40,"column":33}},"28":{"start":{"line":41,"column":0},"end":{"line":41,"column":33}},"29":{"start":{"line":44,"column":0},"end":{"line":44,"column":56}},"30":{"start":{"line":47,"column":0},"end":{"line":53,"column":3}},"31":{"start":{"line":48,"column":2},"end":{"line":52,"column":5}},"32":{"start":{"line":55,"column":0},"end":{"line":61,"column":3}},"33":{"start":{"line":56,"column":2},"end":{"line":60,"column":5}},"34":{"start":{"line":64,"column":0},"end":{"line":70,"column":3}},"35":{"start":{"line":65,"column":2},"end":{"line":69,"column":5}},"36":{"start":{"line":73,"column":0},"end":{"line":78,"column":3}},"37":{"start":{"line":74,"column":2},"end":{"line":77,"column":5}},"38":{"start":{"line":81,"column":0},"end":{"line":81,"column":21}},"39":{"start":{"line":82,"column":0},"end":{"line":82,"column":28}},"40":{"start":{"line":84,"column":0},"end":{"line":84,"column":21}}},"fnMap":{"0":{"name":"(anonymous_0)","decl":{"start":{"line":47,"column":33},"end":{"line":47,"column":34}},"loc":{"start":{"line":47,"column":47},"end":{"line":53,"column":1}},"line":47},"1":{"name":"(anonymous_1)","decl":{"start":{"line":55,"column":35},"end":{"line":55,"column":36}},"loc":{"start":{"line":55,"column":49},"end":{"line":61,"column":1}},"line":55},"2":{"name":"(anonymous_2)","decl":{"start":{"line":64,"column":13},"end":{"line":64,"column":14}},"loc":{"start":{"line":64,"column":27},"end":{"line":70,"column":1}},"line":64},"3":{"name":"(anonymous_3)","decl":{"start":{"line":73,"column":8},"end":{"line":73,"column":9}},"loc":{"start":{"line":73,"column":28},"end":{"line":78,"column":1}},"line":73}},"branchMap":{"0":{"loc":{"start":{"line":68,"column":17},"end":{"line":68,"column":54}},"type":"binary-expr","locations":[{"start":{"line":68,"column":17},"end":{"line":68,"column":37}},{"start":{"line":68,"column":41},"end":{"line":68,"column":54}}],"line":68}},"s":{"0":1,"1":1,"2":1,"3":1,"4":1,"5":1,"6":1,"7":1,"8":1,"9":1,"10":1,"11":1,"12":1,"13":1,"14":1,"15":1,"16":1,"17":1,"18":1,"19":1,"20":1,"21":1,"22":1,"23":1,"24":1,"25":1,"26":1,"27":1,"28":1,"29":1,"30":1,"31":0,"32":1,"33":0,"34":1,"35":0,"36":1,"37":0,"38":1,"39":1,"40":1},"f":{"0":0,"1":0,"2":0,"3":0},"b":{"0":[0,0]},"_coverageSchema":"1a1c01bbd47fc00a2c39e90264f33305004495a9","hash":"1ac756c773f2e43aa694ec5ebb9b531308d83c74"}
,"/Users/oliviervoisin/projects/inventory-processor/config.js": {"path":"/Users/oliviervoisin/projects/inventory-processor/config.js","statementMap":{"0":{"start":{"line":4,"column":13},"end":{"line":4,"column":28}},"1":{"start":{"line":7,"column":0},"end":{"line":7,"column":27}},"2":{"start":{"line":9,"column":15},"end":{"line":55,"column":1}},"3":{"start":{"line":57,"column":0},"end":{"line":57,"column":24}}},"fnMap":{},"branchMap":{"0":{"loc":{"start":{"line":13,"column":15},"end":{"line":13,"column":52}},"type":"binary-expr","locations":[{"start":{"line":13,"column":15},"end":{"line":13,"column":35}},{"start":{"line":13,"column":39},"end":{"line":13,"column":52}}],"line":13},"1":{"loc":{"start":{"line":16,"column":8},"end":{"line":16,"column":32}},"type":"binary-expr","locations":[{"start":{"line":16,"column":8},"end":{"line":16,"column":24}},{"start":{"line":16,"column":28},"end":{"line":16,"column":32}}],"line":16},"2":{"loc":{"start":{"line":19,"column":10},"end":{"line":19,"column":47}},"type":"binary-expr","locations":[{"start":{"line":19,"column":10},"end":{"line":19,"column":29}},{"start":{"line":19,"column":33},"end":{"line":19,"column":47}}],"line":19},"3":{"loc":{"start":{"line":23,"column":14},"end":{"line":23,"column":79}},"type":"binary-expr","locations":[{"start":{"line":23,"column":14},"end":{"line":23,"column":35}},{"start":{"line":23,"column":39},"end":{"line":23,"column":79}}],"line":23},"4":{"loc":{"start":{"line":24,"column":16},"end":{"line":24,"column":86}},"type":"binary-expr","locations":[{"start":{"line":24,"column":16},"end":{"line":24,"column":39}},{"start":{"line":24,"column":43},"end":{"line":24,"column":86}}],"line":24},"5":{"loc":{"start":{"line":46,"column":14},"end":{"line":46,"column":68}},"type":"binary-expr","locations":[{"start":{"line":46,"column":14},"end":{"line":46,"column":53}},{"start":{"line":46,"column":57},"end":{"line":46,"column":68}}],"line":46}},"s":{"0":48,"1":48,"2":48,"3":48},"f":{},"b":{"0":[48,0],"1":[48,48],"2":[48,0],"3":[48,48],"4":[48,48],"5":[48,48]},"_coverageSchema":"1a1c01bbd47fc00a2c39e90264f33305004495a9","hash":"215f197b3d4217124162433ad6cb3bab0e3771cb"}
,"/Users/oliviervoisin/projects/inventory-processor/middleware/auth.js": {"path":"/Users/oliviervoisin/projects/inventory-processor/middleware/auth.js","statementMap":{"0":{"start":{"line":4,"column":15},"end":{"line":4,"column":41}},"1":{"start":{"line":5,"column":15},"end":{"line":5,"column":35}},"2":{"start":{"line":10,"column":27},"end":{"line":36,"column":1}},"3":{"start":{"line":12,"column":2},"end":{"line":14,"column":3}},"4":{"start":{"line":13,"column":4},"end":{"line":13,"column":18}},"5":{"start":{"line":16,"column":17},"end":{"line":16,"column":61}},"6":{"start":{"line":18,"column":2},"end":{"line":24,"column":3}},"7":{"start":{"line":19,"column":4},"end":{"line":19,"column":47}},"8":{"start":{"line":20,"column":4},"end":{"line":23,"column":7}},"9":{"start":{"line":27,"column":2},"end":{"line":29,"column":3}},"10":{"start":{"line":28,"column":4},"end":{"line":28,"column":18}},"11":{"start":{"line":31,"column":2},"end":{"line":31,"column":44}},"12":{"start":{"line":32,"column":2},"end":{"line":35,"column":5}},"13":{"start":{"line":41,"column":25},"end":{"line":56,"column":1}},"14":{"start":{"line":43,"column":2},"end":{"line":45,"column":3}},"15":{"start":{"line":44,"column":4},"end":{"line":44,"column":18}},"16":{"start":{"line":48,"column":2},"end":{"line":53,"column":3}},"17":{"start":{"line":49,"column":4},"end":{"line":52,"column":7}},"18":{"start":{"line":55,"column":2},"end":{"line":55,"column":9}},"19":{"start":{"line":61,"column":23},"end":{"line":76,"column":1}},"20":{"start":{"line":63,"column":2},"end":{"line":65,"column":3}},"21":{"start":{"line":64,"column":4},"end":{"line":64,"column":18}},"22":{"start":{"line":68,"column":2},"end":{"line":73,"column":3}},"23":{"start":{"line":69,"column":4},"end":{"line":72,"column":7}},"24":{"start":{"line":75,"column":2},"end":{"line":75,"column":9}},"25":{"start":{"line":78,"column":0},"end":{"line":82,"column":2}}},"fnMap":{"0":{"name":"(anonymous_0)","decl":{"start":{"line":10,"column":27},"end":{"line":10,"column":28}},"loc":{"start":{"line":10,"column":47},"end":{"line":36,"column":1}},"line":10},"1":{"name":"(anonymous_1)","decl":{"start":{"line":41,"column":25},"end":{"line":41,"column":26}},"loc":{"start":{"line":41,"column":45},"end":{"line":56,"column":1}},"line":41},"2":{"name":"(anonymous_2)","decl":{"start":{"line":61,"column":23},"end":{"line":61,"column":24}},"loc":{"start":{"line":61,"column":43},"end":{"line":76,"column":1}},"line":61}},"branchMap":{"0":{"loc":{"start":{"line":12,"column":2},"end":{"line":14,"column":3}},"type":"if","locations":[{"start":{"line":12,"column":2},"end":{"line":14,"column":3}},{"start":{},"end":{}}],"line":12},"1":{"loc":{"start":{"line":12,"column":6},"end":{"line":12,"column":79}},"type":"binary-expr","locations":[{"start":{"line":12,"column":6},"end":{"line":12,"column":43}},{"start":{"line":12,"column":47},"end":{"line":12,"column":79}}],"line":12},"2":{"loc":{"start":{"line":16,"column":17},"end":{"line":16,"column":61}},"type":"binary-expr","locations":[{"start":{"line":16,"column":17},"end":{"line":16,"column":41}},{"start":{"line":16,"column":45},"end":{"line":16,"column":61}}],"line":16},"3":{"loc":{"start":{"line":18,"column":2},"end":{"line":24,"column":3}},"type":"if","locations":[{"start":{"line":18,"column":2},"end":{"line":24,"column":3}},{"start":{},"end":{}}],"line":18},"4":{"loc":{"start":{"line":27,"column":2},"end":{"line":29,"column":3}},"type":"if","locations":[{"start":{"line":27,"column":2},"end":{"line":29,"column":3}},{"start":{},"end":{}}],"line":27},"5":{"loc":{"start":{"line":27,"column":6},"end":{"line":27,"column":59}},"type":"binary-expr","locations":[{"start":{"line":27,"column":6},"end":{"line":27,"column":31}},{"start":{"line":27,"column":35},"end":{"line":27,"column":59}}],"line":27},"6":{"loc":{"start":{"line":43,"column":2},"end":{"line":45,"column":3}},"type":"if","locations":[{"start":{"line":43,"column":2},"end":{"line":45,"column":3}},{"start":{},"end":{}}],"line":43},"7":{"loc":{"start":{"line":48,"column":2},"end":{"line":53,"column":3}},"type":"if","locations":[{"start":{"line":48,"column":2},"end":{"line":53,"column":3}},{"start":{},"end":{}}],"line":48},"8":{"loc":{"start":{"line":48,"column":6},"end":{"line":48,"column":39}},"type":"binary-expr","locations":[{"start":{"line":48,"column":6},"end":{"line":48,"column":18}},{"start":{"line":48,"column":22},"end":{"line":48,"column":39}}],"line":48},"9":{"loc":{"start":{"line":63,"column":2},"end":{"line":65,"column":3}},"type":"if","locations":[{"start":{"line":63,"column":2},"end":{"line":65,"column":3}},{"start":{},"end":{}}],"line":63},"10":{"loc":{"start":{"line":68,"column":2},"end":{"line":73,"column":3}},"type":"if","locations":[{"start":{"line":68,"column":2},"end":{"line":73,"column":3}},{"start":{},"end":{}}],"line":68},"11":{"loc":{"start":{"line":68,"column":6},"end":{"line":68,"column":76}},"type":"binary-expr","locations":[{"start":{"line":68,"column":6},"end":{"line":68,"column":18}},{"start":{"line":68,"column":22},"end":{"line":68,"column":39}},{"start":{"line":68,"column":43},"end":{"line":68,"column":76}}],"line":68}},"s":{"0":1,"1":1,"2":1,"3":6,"4":2,"5":4,"6":4,"7":1,"8":1,"9":3,"10":2,"11":1,"12":1,"13":1,"14":4,"15":2,"16":2,"17":2,"18":0,"19":1,"20":4,"21":1,"22":3,"23":2,"24":1,"25":1},"f":{"0":6,"1":4,"2":4},"b":{"0":[2,4],"1":[6,5],"2":[4,2],"3":[1,3],"4":[2,1],"5":[3,1],"6":[2,2],"7":[2,0],"8":[2,1],"9":[1,3],"10":[2,1],"11":[3,3,2]},"_coverageSchema":"1a1c01bbd47fc00a2c39e90264f33305004495a9","hash":"4fffba73e4226c3ebf6ec8409f249372972243dd"}
,"/Users/oliviervoisin/projects/inventory-processor/middleware/common.js": {"path":"/Users/oliviervoisin/projects/inventory-processor/middleware/common.js","statementMap":{"0":{"start":{"line":4,"column":15},"end":{"line":4,"column":41}},"1":{"start":{"line":5,"column":19},"end":{"line":5,"column":49}},"2":{"start":{"line":10,"column":21},"end":{"line":22,"column":1}},"3":{"start":{"line":12,"column":2},"end":{"line":12,"column":29}},"4":{"start":{"line":15,"column":2},"end":{"line":19,"column":5}},"5":{"start":{"line":21,"column":2},"end":{"line":21,"column":9}},"6":{"start":{"line":27,"column":24},"end":{"line":31,"column":1}},"7":{"start":{"line":30,"column":2},"end":{"line":30,"column":9}},"8":{"start":{"line":36,"column":28},"end":{"line":58,"column":1}},"9":{"start":{"line":38,"column":22},"end":{"line":38,"column":29}},"10":{"start":{"line":41,"column":2},"end":{"line":55,"column":4}},"11":{"start":{"line":43,"column":25},"end":{"line":43,"column":67}},"12":{"start":{"line":46,"column":4},"end":{"line":48,"column":5}},"13":{"start":{"line":47,"column":6},"end":{"line":47,"column":60}},"14":{"start":{"line":51,"column":4},"end":{"line":51,"column":80}},"15":{"start":{"line":54,"column":4},"end":{"line":54,"column":44}},"16":{"start":{"line":57,"column":2},"end":{"line":57,"column":9}},"17":{"start":{"line":63,"column":21},"end":{"line":102,"column":1}},"18":{"start":{"line":65,"column":2},"end":{"line":69,"column":5}},"19":{"start":{"line":72,"column":2},"end":{"line":72,"column":35}},"20":{"start":{"line":75,"column":2},"end":{"line":96,"column":3}},"21":{"start":{"line":77,"column":4},"end":{"line":95,"column":5}},"22":{"start":{"line":79,"column":6},"end":{"line":82,"column":9}},"23":{"start":{"line":83,"column":11},"end":{"line":95,"column":5}},"24":{"start":{"line":85,"column":6},"end":{"line":88,"column":9}},"25":{"start":{"line":91,"column":6},"end":{"line":94,"column":9}},"26":{"start":{"line":99,"column":2},"end":{"line":101,"column":3}},"27":{"start":{"line":100,"column":4},"end":{"line":100,"column":14}},"28":{"start":{"line":107,"column":24},"end":{"line":114,"column":1}},"29":{"start":{"line":108,"column":2},"end":{"line":108,"column":24}},"30":{"start":{"line":109,"column":2},"end":{"line":109,"column":27}},"31":{"start":{"line":110,"column":2},"end":{"line":110,"column":31}},"32":{"start":{"line":113,"column":2},"end":{"line":113,"column":24}},"33":{"start":{"line":116,"column":0},"end":{"line":122,"column":2}}},"fnMap":{"0":{"name":"(anonymous_0)","decl":{"start":{"line":10,"column":21},"end":{"line":10,"column":22}},"loc":{"start":{"line":10,"column":41},"end":{"line":22,"column":1}},"line":10},"1":{"name":"(anonymous_1)","decl":{"start":{"line":27,"column":24},"end":{"line":27,"column":25}},"loc":{"start":{"line":27,"column":44},"end":{"line":31,"column":1}},"line":27},"2":{"name":"(anonymous_2)","decl":{"start":{"line":36,"column":28},"end":{"line":36,"column":29}},"loc":{"start":{"line":36,"column":48},"end":{"line":58,"column":1}},"line":36},"3":{"name":"(anonymous_3)","decl":{"start":{"line":41,"column":12},"end":{"line":41,"column":13}},"loc":{"start":{"line":41,"column":38},"end":{"line":55,"column":3}},"line":41},"4":{"name":"(anonymous_4)","decl":{"start":{"line":63,"column":21},"end":{"line":63,"column":22}},"loc":{"start":{"line":63,"column":46},"end":{"line":102,"column":1}},"line":63},"5":{"name":"(anonymous_5)","decl":{"start":{"line":107,"column":24},"end":{"line":107,"column":25}},"loc":{"start":{"line":107,"column":33},"end":{"line":114,"column":1}},"line":107}},"branchMap":{"0":{"loc":{"start":{"line":17,"column":10},"end":{"line":17,"column":29}},"type":"binary-expr","locations":[{"start":{"line":17,"column":10},"end":{"line":17,"column":18}},{"start":{"line":17,"column":22},"end":{"line":17,"column":29}}],"line":17},"1":{"loc":{"start":{"line":43,"column":39},"end":{"line":43,"column":66}},"type":"binary-expr","locations":[{"start":{"line":43,"column":39},"end":{"line":43,"column":52}},{"start":{"line":43,"column":56},"end":{"line":43,"column":66}}],"line":43},"2":{"loc":{"start":{"line":46,"column":4},"end":{"line":48,"column":5}},"type":"if","locations":[{"start":{"line":46,"column":4},"end":{"line":48,"column":5}},{"start":{},"end":{}}],"line":46},"3":{"loc":{"start":{"line":51,"column":29},"end":{"line":51,"column":48}},"type":"binary-expr","locations":[{"start":{"line":51,"column":29},"end":{"line":51,"column":37}},{"start":{"line":51,"column":41},"end":{"line":51,"column":48}}],"line":51},"4":{"loc":{"start":{"line":68,"column":10},"end":{"line":68,"column":29}},"type":"binary-expr","locations":[{"start":{"line":68,"column":10},"end":{"line":68,"column":18}},{"start":{"line":68,"column":22},"end":{"line":68,"column":29}}],"line":68},"5":{"loc":{"start":{"line":75,"column":2},"end":{"line":96,"column":3}},"type":"if","locations":[{"start":{"line":75,"column":2},"end":{"line":96,"column":3}},{"start":{},"end":{}}],"line":75},"6":{"loc":{"start":{"line":77,"column":4},"end":{"line":95,"column":5}},"type":"if","locations":[{"start":{"line":77,"column":4},"end":{"line":95,"column":5}},{"start":{"line":83,"column":11},"end":{"line":95,"column":5}}],"line":77},"7":{"loc":{"start":{"line":83,"column":11},"end":{"line":95,"column":5}},"type":"if","locations":[{"start":{"line":83,"column":11},"end":{"line":95,"column":5}},{"start":{"line":89,"column":11},"end":{"line":95,"column":5}}],"line":83},"8":{"loc":{"start":{"line":99,"column":2},"end":{"line":101,"column":3}},"type":"if","locations":[{"start":{"line":99,"column":2},"end":{"line":101,"column":3}},{"start":{},"end":{}}],"line":99}},"s":{"0":2,"1":2,"2":2,"3":13,"4":13,"5":13,"6":2,"7":1,"8":2,"9":14,"10":14,"11":14,"12":14,"13":13,"14":14,"15":14,"16":14,"17":2,"18":4,"19":4,"20":4,"21":3,"22":1,"23":2,"24":1,"25":1,"26":1,"27":1,"28":2,"29":1,"30":1,"31":1,"32":1,"33":2},"f":{"0":13,"1":1,"2":14,"3":14,"4":4,"5":1},"b":{"0":[13,1],"1":[14,1],"2":[13,1],"3":[14,0],"4":[4,0],"5":[3,1],"6":[1,2],"7":[1,1],"8":[1,0]},"_coverageSchema":"1a1c01bbd47fc00a2c39e90264f33305004495a9","hash":"6823760b57c54663b69f3cd1168054c71bc99980"}
,"/Users/oliviervoisin/projects/inventory-processor/middleware/error-handler.js": {"path":"/Users/oliviervoisin/projects/inventory-processor/middleware/error-handler.js","statementMap":{"0":{"start":{"line":10,"column":4},"end":{"line":10,"column":33}},"1":{"start":{"line":13,"column":19},"end":{"line":13,"column":40}},"2":{"start":{"line":14,"column":20},"end":{"line":14,"column":58}},"3":{"start":{"line":17,"column":4},"end":{"line":22,"column":5}},"4":{"start":{"line":18,"column":6},"end":{"line":21,"column":9}},"5":{"start":{"line":25,"column":4},"end":{"line":28,"column":7}},"6":{"start":{"line":31,"column":2},"end":{"line":33,"column":4}}},"fnMap":{"0":{"name":"errorHandler","decl":{"start":{"line":8,"column":9},"end":{"line":8,"column":21}},"loc":{"start":{"line":8,"column":43},"end":{"line":29,"column":3}},"line":8}},"branchMap":{"0":{"loc":{"start":{"line":13,"column":19},"end":{"line":13,"column":40}},"type":"binary-expr","locations":[{"start":{"line":13,"column":19},"end":{"line":13,"column":33}},{"start":{"line":13,"column":37},"end":{"line":13,"column":40}}],"line":13},"1":{"loc":{"start":{"line":14,"column":20},"end":{"line":14,"column":58}},"type":"binary-expr","locations":[{"start":{"line":14,"column":20},"end":{"line":14,"column":31}},{"start":{"line":14,"column":35},"end":{"line":14,"column":58}}],"line":14},"2":{"loc":{"start":{"line":17,"column":4},"end":{"line":22,"column":5}},"type":"if","locations":[{"start":{"line":17,"column":4},"end":{"line":22,"column":5}},{"start":{},"end":{}}],"line":17}},"s":{"0":5,"1":5,"2":5,"3":5,"4":1,"5":4,"6":1},"f":{"0":5},"b":{"0":[5,3],"1":[5,1],"2":[1,4]},"_coverageSchema":"1a1c01bbd47fc00a2c39e90264f33305004495a9","hash":"fde3e7b465a8c0af3fc5e9eded51e61c33dcc753"}
,"/Users/oliviervoisin/projects/inventory-processor/middleware/globalErrorHandler.js": {"path":"/Users/oliviervoisin/projects/inventory-processor/middleware/globalErrorHandler.js","statementMap":{"0":{"start":{"line":1,"column":0},"end":{"line":7,"column":2}},"1":{"start":{"line":2,"column":2},"end":{"line":2,"column":27}},"2":{"start":{"line":3,"column":2},"end":{"line":6,"column":5}}},"fnMap":{"0":{"name":"(anonymous_0)","decl":{"start":{"line":1,"column":17},"end":{"line":1,"column":18}},"loc":{"start":{"line":1,"column":42},"end":{"line":7,"column":1}},"line":1}},"branchMap":{"0":{"loc":{"start":{"line":3,"column":13},"end":{"line":3,"column":30}},"type":"binary-expr","locations":[{"start":{"line":3,"column":13},"end":{"line":3,"column":23}},{"start":{"line":3,"column":27},"end":{"line":3,"column":30}}],"line":3},"1":{"loc":{"start":{"line":5,"column":13},"end":{"line":5,"column":51}},"type":"binary-expr","locations":[{"start":{"line":5,"column":13},"end":{"line":5,"column":24}},{"start":{"line":5,"column":28},"end":{"line":5,"column":51}}],"line":5}},"s":{"0":3,"1":2,"2":2},"f":{"0":2},"b":{"0":[2,2],"1":[2,0]},"_coverageSchema":"1a1c01bbd47fc00a2c39e90264f33305004495a9","hash":"3e5a518eff68683cc7e8f9e11d125e4471ae5624"}
,"/Users/oliviervoisin/projects/inventory-processor/middleware/validation.js": {"path":"/Users/oliviervoisin/projects/inventory-processor/middleware/validation.js","statementMap":{"0":{"start":{"line":4,"column":15},"end":{"line":4,"column":41}},"1":{"start":{"line":5,"column":28},"end":{"line":5,"column":61}},"2":{"start":{"line":13,"column":2},"end":{"line":37,"column":4}},"3":{"start":{"line":15,"column":4},"end":{"line":17,"column":5}},"4":{"start":{"line":16,"column":6},"end":{"line":16,"column":20}},"5":{"start":{"line":20,"column":4},"end":{"line":24,"column":5}},"6":{"start":{"line":21,"column":20},"end":{"line":21,"column":68}},"7":{"start":{"line":22,"column":6},"end":{"line":22,"column":56}},"8":{"start":{"line":23,"column":6},"end":{"line":23,"column":25}},"9":{"start":{"line":27,"column":26},"end":{"line":27,"column":87}},"10":{"start":{"line":27,"column":57},"end":{"line":27,"column":86}},"11":{"start":{"line":29,"column":4},"end":{"line":33,"column":5}},"12":{"start":{"line":30,"column":20},"end":{"line":30,"column":95}},"13":{"start":{"line":31,"column":6},"end":{"line":31,"column":56}},"14":{"start":{"line":32,"column":6},"end":{"line":32,"column":25}},"15":{"start":{"line":36,"column":4},"end":{"line":36,"column":11}},"16":{"start":{"line":46,"column":2},"end":{"line":63,"column":4}},"17":{"start":{"line":48,"column":4},"end":{"line":50,"column":5}},"18":{"start":{"line":49,"column":6},"end":{"line":49,"column":20}},"19":{"start":{"line":53,"column":26},"end":{"line":53,"column":88}},"20":{"start":{"line":53,"column":57},"end":{"line":53,"column":87}},"21":{"start":{"line":55,"column":4},"end":{"line":59,"column":5}},"22":{"start":{"line":56,"column":20},"end":{"line":56,"column":99}},"23":{"start":{"line":57,"column":6},"end":{"line":57,"column":56}},"24":{"start":{"line":58,"column":6},"end":{"line":58,"column":25}},"25":{"start":{"line":62,"column":4},"end":{"line":62,"column":11}},"26":{"start":{"line":66,"column":0},"end":{"line":69,"column":2}}},"fnMap":{"0":{"name":"validateRequestBody","decl":{"start":{"line":12,"column":9},"end":{"line":12,"column":28}},"loc":{"start":{"line":12,"column":50},"end":{"line":38,"column":1}},"line":12},"1":{"name":"(anonymous_1)","decl":{"start":{"line":13,"column":9},"end":{"line":13,"column":10}},"loc":{"start":{"line":13,"column":29},"end":{"line":37,"column":3}},"line":13},"2":{"name":"(anonymous_2)","decl":{"start":{"line":27,"column":48},"end":{"line":27,"column":49}},"loc":{"start":{"line":27,"column":57},"end":{"line":27,"column":86}},"line":27},"3":{"name":"validateQueryParams","decl":{"start":{"line":45,"column":9},"end":{"line":45,"column":28}},"loc":{"start":{"line":45,"column":50},"end":{"line":64,"column":1}},"line":45},"4":{"name":"(anonymous_4)","decl":{"start":{"line":46,"column":9},"end":{"line":46,"column":10}},"loc":{"start":{"line":46,"column":29},"end":{"line":63,"column":3}},"line":46},"5":{"name":"(anonymous_5)","decl":{"start":{"line":53,"column":48},"end":{"line":53,"column":49}},"loc":{"start":{"line":53,"column":57},"end":{"line":53,"column":87}},"line":53}},"branchMap":{"0":{"loc":{"start":{"line":12,"column":29},"end":{"line":12,"column":48}},"type":"default-arg","locations":[{"start":{"line":12,"column":46},"end":{"line":12,"column":48}}],"line":12},"1":{"loc":{"start":{"line":15,"column":4},"end":{"line":17,"column":5}},"type":"if","locations":[{"start":{"line":15,"column":4},"end":{"line":17,"column":5}},{"start":{},"end":{}}],"line":15},"2":{"loc":{"start":{"line":15,"column":8},"end":{"line":15,"column":81}},"type":"binary-expr","locations":[{"start":{"line":15,"column":8},"end":{"line":15,"column":39}},{"start":{"line":15,"column":43},"end":{"line":15,"column":81}}],"line":15},"3":{"loc":{"start":{"line":20,"column":4},"end":{"line":24,"column":5}},"type":"if","locations":[{"start":{"line":20,"column":4},"end":{"line":24,"column":5}},{"start":{},"end":{}}],"line":20},"4":{"loc":{"start":{"line":29,"column":4},"end":{"line":33,"column":5}},"type":"if","locations":[{"start":{"line":29,"column":4},"end":{"line":33,"column":5}},{"start":{},"end":{}}],"line":29},"5":{"loc":{"start":{"line":45,"column":29},"end":{"line":45,"column":48}},"type":"default-arg","locations":[{"start":{"line":45,"column":46},"end":{"line":45,"column":48}}],"line":45},"6":{"loc":{"start":{"line":48,"column":4},"end":{"line":50,"column":5}},"type":"if","locations":[{"start":{"line":48,"column":4},"end":{"line":50,"column":5}},{"start":{},"end":{}}],"line":48},"7":{"loc":{"start":{"line":48,"column":8},"end":{"line":48,"column":81}},"type":"binary-expr","locations":[{"start":{"line":48,"column":8},"end":{"line":48,"column":39}},{"start":{"line":48,"column":43},"end":{"line":48,"column":81}}],"line":48},"8":{"loc":{"start":{"line":55,"column":4},"end":{"line":59,"column":5}},"type":"if","locations":[{"start":{"line":55,"column":4},"end":{"line":59,"column":5}},{"start":{},"end":{}}],"line":55}},"s":{"0":2,"1":2,"2":5,"3":5,"4":1,"5":4,"6":1,"7":1,"8":1,"9":3,"10":4,"11":3,"12":1,"13":1,"14":1,"15":2,"16":4,"17":4,"18":1,"19":3,"20":4,"21":3,"22":1,"23":1,"24":1,"25":2,"26":2},"f":{"0":5,"1":5,"2":4,"3":4,"4":4,"5":4},"b":{"0":[0],"1":[1,4],"2":[5,5],"3":[1,3],"4":[1,2],"5":[0],"6":[1,3],"7":[4,4],"8":[1,2]},"_coverageSchema":"1a1c01bbd47fc00a2c39e90264f33305004495a9","hash":"572cdc2509e8a316f4bdbfd915eed53bbba5646b"}
,"/Users/oliviervoisin/projects/inventory-processor/modules/google-sheets-service.js": {"path":"/Users/oliviervoisin/projects/inventory-processor/modules/google-sheets-service.js","statementMap":{"0":{"start":{"line":5,"column":30},"end":{"line":5,"column":59}},"1":{"start":{"line":6,"column":15},"end":{"line":6,"column":41}},"2":{"start":{"line":7,"column":15},"end":{"line":7,"column":35}},"3":{"start":{"line":10,"column":15},"end":{"line":10,"column":104}},"4":{"start":{"line":11,"column":21},"end":{"line":11,"column":131}},"5":{"start":{"line":12,"column":20},"end":{"line":12,"column":128}},"6":{"start":{"line":13,"column":21},"end":{"line":17,"column":1}},"7":{"start":{"line":20,"column":10},"end":{"line":20,"column":14}},"8":{"start":{"line":21,"column":16},"end":{"line":21,"column":21}},"9":{"start":{"line":28,"column":2},"end":{"line":28,"column":44}},"10":{"start":{"line":29,"column":2},"end":{"line":51,"column":3}},"11":{"start":{"line":31,"column":4},"end":{"line":36,"column":5}},"12":{"start":{"line":35,"column":6},"end":{"line":35,"column":47}},"13":{"start":{"line":37,"column":4},"end":{"line":37,"column":57}},"14":{"start":{"line":38,"column":4},"end":{"line":38,"column":40}},"15":{"start":{"line":39,"column":4},"end":{"line":42,"column":7}},"16":{"start":{"line":43,"column":4},"end":{"line":43,"column":25}},"17":{"start":{"line":44,"column":4},"end":{"line":44,"column":21}},"18":{"start":{"line":45,"column":4},"end":{"line":45,"column":69}},"19":{"start":{"line":46,"column":4},"end":{"line":46,"column":16}},"20":{"start":{"line":48,"column":4},"end":{"line":48,"column":22}},"21":{"start":{"line":49,"column":4},"end":{"line":49,"column":55}},"22":{"start":{"line":50,"column":4},"end":{"line":50,"column":17}},"23":{"start":{"line":59,"column":2},"end":{"line":96,"column":3}},"24":{"start":{"line":60,"column":4},"end":{"line":60,"column":56}},"25":{"start":{"line":63,"column":4},"end":{"line":68,"column":5}},"26":{"start":{"line":64,"column":6},"end":{"line":67,"column":8}},"27":{"start":{"line":70,"column":4},"end":{"line":72,"column":5}},"28":{"start":{"line":71,"column":6},"end":{"line":71,"column":25}},"29":{"start":{"line":74,"column":18},"end":{"line":74,"column":58}},"30":{"start":{"line":75,"column":4},"end":{"line":78,"column":5}},"31":{"start":{"line":76,"column":6},"end":{"line":76,"column":73}},"32":{"start":{"line":77,"column":6},"end":{"line":77,"column":16}},"33":{"start":{"line":80,"column":17},"end":{"line":80,"column":38}},"34":{"start":{"line":83,"column":21},"end":{"line":89,"column":7}},"35":{"start":{"line":83,"column":47},"end":{"line":89,"column":5}},"36":{"start":{"line":91,"column":4},"end":{"line":91,"column":55}},"37":{"start":{"line":92,"column":4},"end":{"line":92,"column":20}},"38":{"start":{"line":94,"column":4},"end":{"line":94,"column":61}},"39":{"start":{"line":95,"column":4},"end":{"line":95,"column":14}},"40":{"start":{"line":106,"column":2},"end":{"line":175,"column":3}},"41":{"start":{"line":107,"column":4},"end":{"line":107,"column":74}},"42":{"start":{"line":110,"column":4},"end":{"line":133,"column":5}},"43":{"start":{"line":111,"column":6},"end":{"line":132,"column":8}},"44":{"start":{"line":135,"column":4},"end":{"line":137,"column":5}},"45":{"start":{"line":136,"column":6},"end":{"line":136,"column":25}},"46":{"start":{"line":139,"column":18},"end":{"line":139,"column":59}},"47":{"start":{"line":140,"column":4},"end":{"line":143,"column":5}},"48":{"start":{"line":141,"column":6},"end":{"line":141,"column":75}},"49":{"start":{"line":142,"column":6},"end":{"line":142,"column":16}},"50":{"start":{"line":145,"column":17},"end":{"line":145,"column":38}},"51":{"start":{"line":148,"column":22},"end":{"line":168,"column":9}},"52":{"start":{"line":150,"column":28},"end":{"line":150,"column":46}},"53":{"start":{"line":151,"column":26},"end":{"line":151,"column":42}},"54":{"start":{"line":153,"column":8},"end":{"line":156,"column":10}},"55":{"start":{"line":158,"column":28},"end":{"line":168,"column":7}},"56":{"start":{"line":170,"column":4},"end":{"line":170,"column":63}},"57":{"start":{"line":171,"column":4},"end":{"line":171,"column":21}},"58":{"start":{"line":173,"column":4},"end":{"line":173,"column":62}},"59":{"start":{"line":174,"column":4},"end":{"line":174,"column":14}},"60":{"start":{"line":186,"column":2},"end":{"line":270,"column":3}},"61":{"start":{"line":187,"column":4},"end":{"line":187,"column":94}},"62":{"start":{"line":190,"column":4},"end":{"line":204,"column":5}},"63":{"start":{"line":192,"column":6},"end":{"line":198,"column":7}},"64":{"start":{"line":193,"column":8},"end":{"line":193,"column":73}},"65":{"start":{"line":193,"column":42},"end":{"line":193,"column":73}},"66":{"start":{"line":194,"column":8},"end":{"line":194,"column":76}},"67":{"start":{"line":194,"column":41},"end":{"line":194,"column":76}},"68":{"start":{"line":195,"column":8},"end":{"line":197,"column":9}},"69":{"start":{"line":196,"column":10},"end":{"line":196,"column":69}},"70":{"start":{"line":196,"column":36},"end":{"line":196,"column":69}},"71":{"start":{"line":199,"column":6},"end":{"line":203,"column":8}},"72":{"start":{"line":206,"column":4},"end":{"line":208,"column":5}},"73":{"start":{"line":207,"column":6},"end":{"line":207,"column":25}},"74":{"start":{"line":210,"column":16},"end":{"line":210,"column":57}},"75":{"start":{"line":213,"column":4},"end":{"line":224,"column":5}},"76":{"start":{"line":214,"column":6},"end":{"line":214,"column":77}},"77":{"start":{"line":215,"column":6},"end":{"line":215,"column":68}},"78":{"start":{"line":218,"column":6},"end":{"line":223,"column":7}},"79":{"start":{"line":219,"column":8},"end":{"line":222,"column":11}},"80":{"start":{"line":227,"column":17},"end":{"line":244,"column":6}},"81":{"start":{"line":229,"column":24},"end":{"line":229,"column":68}},"82":{"start":{"line":230,"column":26},"end":{"line":230,"column":72}},"83":{"start":{"line":231,"column":23},"end":{"line":231,"column":55}},"84":{"start":{"line":233,"column":6},"end":{"line":243,"column":8}},"85":{"start":{"line":247,"column":4},"end":{"line":253,"column":5}},"86":{"start":{"line":248,"column":6},"end":{"line":248,"column":32}},"87":{"start":{"line":249,"column":11},"end":{"line":253,"column":5}},"88":{"start":{"line":250,"column":6},"end":{"line":252,"column":7}},"89":{"start":{"line":251,"column":8},"end":{"line":251,"column":32}},"90":{"start":{"line":255,"column":4},"end":{"line":255,"column":73}},"91":{"start":{"line":257,"column":4},"end":{"line":261,"column":6}},"92":{"start":{"line":263,"column":4},"end":{"line":263,"column":67}},"93":{"start":{"line":264,"column":4},"end":{"line":269,"column":6}},"94":{"start":{"line":279,"column":2},"end":{"line":330,"column":3}},"95":{"start":{"line":280,"column":4},"end":{"line":280,"column":51}},"96":{"start":{"line":283,"column":4},"end":{"line":288,"column":5}},"97":{"start":{"line":284,"column":6},"end":{"line":287,"column":8}},"98":{"start":{"line":290,"column":4},"end":{"line":292,"column":5}},"99":{"start":{"line":291,"column":6},"end":{"line":291,"column":25}},"100":{"start":{"line":294,"column":16},"end":{"line":294,"column":56}},"101":{"start":{"line":297,"column":4},"end":{"line":305,"column":5}},"102":{"start":{"line":298,"column":6},"end":{"line":298,"column":75}},"103":{"start":{"line":299,"column":6},"end":{"line":299,"column":67}},"104":{"start":{"line":302,"column":6},"end":{"line":304,"column":7}},"105":{"start":{"line":303,"column":8},"end":{"line":303,"column":78}},"106":{"start":{"line":308,"column":22},"end":{"line":308,"column":92}},"107":{"start":{"line":311,"column":4},"end":{"line":319,"column":5}},"108":{"start":{"line":312,"column":6},"end":{"line":318,"column":9}},"109":{"start":{"line":321,"column":4},"end":{"line":321,"column":70}},"110":{"start":{"line":323,"column":4},"end":{"line":326,"column":6}},"111":{"start":{"line":328,"column":4},"end":{"line":328,"column":59}},"112":{"start":{"line":329,"column":4},"end":{"line":329,"column":16}},"113":{"start":{"line":338,"column":2},"end":{"line":338,"column":19}},"114":{"start":{"line":342,"column":0},"end":{"line":349,"column":2}}},"fnMap":{"0":{"name":"initialize","decl":{"start":{"line":27,"column":15},"end":{"line":27,"column":25}},"loc":{"start":{"line":27,"column":28},"end":{"line":52,"column":1}},"line":27},"1":{"name":"getProducts","decl":{"start":{"line":58,"column":15},"end":{"line":58,"column":26}},"loc":{"start":{"line":58,"column":29},"end":{"line":97,"column":1}},"line":58},"2":{"name":"(anonymous_2)","decl":{"start":{"line":83,"column":30},"end":{"line":83,"column":31}},"loc":{"start":{"line":83,"column":47},"end":{"line":89,"column":5}},"line":83},"3":{"name":"getInventory","decl":{"start":{"line":105,"column":15},"end":{"line":105,"column":27}},"loc":{"start":{"line":105,"column":46},"end":{"line":176,"column":1}},"line":105},"4":{"name":"(anonymous_4)","decl":{"start":{"line":149,"column":14},"end":{"line":149,"column":15}},"loc":{"start":{"line":149,"column":21},"end":{"line":157,"column":7}},"line":149},"5":{"name":"(anonymous_5)","decl":{"start":{"line":158,"column":11},"end":{"line":158,"column":12}},"loc":{"start":{"line":158,"column":28},"end":{"line":168,"column":7}},"line":158},"6":{"name":"saveInventoryItems","decl":{"start":{"line":185,"column":15},"end":{"line":185,"column":33}},"loc":{"start":{"line":185,"column":59},"end":{"line":271,"column":1}},"line":185},"7":{"name":"(anonymous_7)","decl":{"start":{"line":227,"column":27},"end":{"line":227,"column":28}},"loc":{"start":{"line":227,"column":35},"end":{"line":244,"column":5}},"line":227},"8":{"name":"saveProduct","decl":{"start":{"line":278,"column":15},"end":{"line":278,"column":26}},"loc":{"start":{"line":278,"column":36},"end":{"line":331,"column":1}},"line":278},"9":{"name":"isConnected","decl":{"start":{"line":337,"column":9},"end":{"line":337,"column":20}},"loc":{"start":{"line":337,"column":23},"end":{"line":339,"column":1}},"line":337}},"branchMap":{"0":{"loc":{"start":{"line":10,"column":15},"end":{"line":10,"column":104}},"type":"binary-expr","locations":[{"start":{"line":10,"column":15},"end":{"line":10,"column":46}},{"start":{"line":10,"column":50},"end":{"line":10,"column":82}},{"start":{"line":10,"column":86},"end":{"line":10,"column":104}}],"line":10},"1":{"loc":{"start":{"line":11,"column":21},"end":{"line":11,"column":131}},"type":"binary-expr","locations":[{"start":{"line":11,"column":21},"end":{"line":11,"column":67}},{"start":{"line":11,"column":71},"end":{"line":11,"column":109}},{"start":{"line":11,"column":113},"end":{"line":11,"column":131}}],"line":11},"2":{"loc":{"start":{"line":12,"column":20},"end":{"line":12,"column":128}},"type":"binary-expr","locations":[{"start":{"line":12,"column":20},"end":{"line":12,"column":65}},{"start":{"line":12,"column":69},"end":{"line":12,"column":106}},{"start":{"line":12,"column":110},"end":{"line":12,"column":128}}],"line":12},"3":{"loc":{"start":{"line":31,"column":4},"end":{"line":36,"column":5}},"type":"if","locations":[{"start":{"line":31,"column":4},"end":{"line":36,"column":5}},{"start":{},"end":{}}],"line":31},"4":{"loc":{"start":{"line":32,"column":6},"end":{"line":33,"column":82}},"type":"binary-expr","locations":[{"start":{"line":32,"column":6},"end":{"line":32,"column":63}},{"start":{"line":33,"column":7},"end":{"line":33,"column":36}},{"start":{"line":33,"column":40},"end":{"line":33,"column":81}}],"line":32},"5":{"loc":{"start":{"line":63,"column":4},"end":{"line":68,"column":5}},"type":"if","locations":[{"start":{"line":63,"column":4},"end":{"line":68,"column":5}},{"start":{},"end":{}}],"line":63},"6":{"loc":{"start":{"line":70,"column":4},"end":{"line":72,"column":5}},"type":"if","locations":[{"start":{"line":70,"column":4},"end":{"line":72,"column":5}},{"start":{},"end":{}}],"line":70},"7":{"loc":{"start":{"line":70,"column":8},"end":{"line":70,"column":26}},"type":"binary-expr","locations":[{"start":{"line":70,"column":8},"end":{"line":70,"column":18}},{"start":{"line":70,"column":22},"end":{"line":70,"column":26}}],"line":70},"8":{"loc":{"start":{"line":75,"column":4},"end":{"line":78,"column":5}},"type":"if","locations":[{"start":{"line":75,"column":4},"end":{"line":78,"column":5}},{"start":{},"end":{}}],"line":75},"9":{"loc":{"start":{"line":84,"column":10},"end":{"line":84,"column":39}},"type":"binary-expr","locations":[{"start":{"line":84,"column":10},"end":{"line":84,"column":16}},{"start":{"line":84,"column":20},"end":{"line":84,"column":39}}],"line":84},"10":{"loc":{"start":{"line":87,"column":13},"end":{"line":87,"column":64}},"type":"cond-expr","locations":[{"start":{"line":87,"column":39},"end":{"line":87,"column":60}},{"start":{"line":87,"column":63},"end":{"line":87,"column":64}}],"line":87},"11":{"loc":{"start":{"line":110,"column":4},"end":{"line":133,"column":5}},"type":"if","locations":[{"start":{"line":110,"column":4},"end":{"line":133,"column":5}},{"start":{},"end":{}}],"line":110},"12":{"loc":{"start":{"line":135,"column":4},"end":{"line":137,"column":5}},"type":"if","locations":[{"start":{"line":135,"column":4},"end":{"line":137,"column":5}},{"start":{},"end":{}}],"line":135},"13":{"loc":{"start":{"line":135,"column":8},"end":{"line":135,"column":26}},"type":"binary-expr","locations":[{"start":{"line":135,"column":8},"end":{"line":135,"column":18}},{"start":{"line":135,"column":22},"end":{"line":135,"column":26}}],"line":135},"14":{"loc":{"start":{"line":140,"column":4},"end":{"line":143,"column":5}},"type":"if","locations":[{"start":{"line":140,"column":4},"end":{"line":143,"column":5}},{"start":{},"end":{}}],"line":140},"15":{"loc":{"start":{"line":150,"column":28},"end":{"line":150,"column":46}},"type":"binary-expr","locations":[{"start":{"line":150,"column":28},"end":{"line":150,"column":40}},{"start":{"line":150,"column":44},"end":{"line":150,"column":46}}],"line":150},"16":{"loc":{"start":{"line":151,"column":26},"end":{"line":151,"column":42}},"type":"binary-expr","locations":[{"start":{"line":151,"column":26},"end":{"line":151,"column":36}},{"start":{"line":151,"column":40},"end":{"line":151,"column":42}}],"line":151},"17":{"loc":{"start":{"line":154,"column":10},"end":{"line":155,"column":43}},"type":"binary-expr","locations":[{"start":{"line":154,"column":11},"end":{"line":154,"column":20}},{"start":{"line":154,"column":24},"end":{"line":154,"column":76}},{"start":{"line":155,"column":11},"end":{"line":155,"column":18}},{"start":{"line":155,"column":22},"end":{"line":155,"column":42}}],"line":154},"18":{"loc":{"start":{"line":159,"column":12},"end":{"line":159,"column":40}},"type":"binary-expr","locations":[{"start":{"line":159,"column":12},"end":{"line":159,"column":18}},{"start":{"line":159,"column":22},"end":{"line":159,"column":40}}],"line":159},"19":{"loc":{"start":{"line":160,"column":19},"end":{"line":160,"column":50}},"type":"binary-expr","locations":[{"start":{"line":160,"column":19},"end":{"line":160,"column":33}},{"start":{"line":160,"column":37},"end":{"line":160,"column":50}}],"line":160},"20":{"loc":{"start":{"line":162,"column":22},"end":{"line":162,"column":53}},"type":"binary-expr","locations":[{"start":{"line":162,"column":22},"end":{"line":162,"column":38}},{"start":{"line":162,"column":42},"end":{"line":162,"column":53}}],"line":162},"21":{"loc":{"start":{"line":163,"column":27},"end":{"line":163,"column":44}},"type":"binary-expr","locations":[{"start":{"line":163,"column":27},"end":{"line":163,"column":39}},{"start":{"line":163,"column":43},"end":{"line":163,"column":44}}],"line":163},"22":{"loc":{"start":{"line":190,"column":4},"end":{"line":204,"column":5}},"type":"if","locations":[{"start":{"line":190,"column":4},"end":{"line":204,"column":5}},{"start":{},"end":{}}],"line":190},"23":{"loc":{"start":{"line":192,"column":6},"end":{"line":198,"column":7}},"type":"if","locations":[{"start":{"line":192,"column":6},"end":{"line":198,"column":7}},{"start":{},"end":{}}],"line":192},"24":{"loc":{"start":{"line":193,"column":8},"end":{"line":193,"column":73}},"type":"if","locations":[{"start":{"line":193,"column":8},"end":{"line":193,"column":73}},{"start":{},"end":{}}],"line":193},"25":{"loc":{"start":{"line":194,"column":8},"end":{"line":194,"column":76}},"type":"if","locations":[{"start":{"line":194,"column":8},"end":{"line":194,"column":76}},{"start":{},"end":{}}],"line":194},"26":{"loc":{"start":{"line":195,"column":8},"end":{"line":197,"column":9}},"type":"if","locations":[{"start":{"line":195,"column":8},"end":{"line":197,"column":9}},{"start":{},"end":{}}],"line":195},"27":{"loc":{"start":{"line":206,"column":4},"end":{"line":208,"column":5}},"type":"if","locations":[{"start":{"line":206,"column":4},"end":{"line":208,"column":5}},{"start":{},"end":{}}],"line":206},"28":{"loc":{"start":{"line":206,"column":8},"end":{"line":206,"column":26}},"type":"binary-expr","locations":[{"start":{"line":206,"column":8},"end":{"line":206,"column":18}},{"start":{"line":206,"column":22},"end":{"line":206,"column":26}}],"line":206},"29":{"loc":{"start":{"line":213,"column":4},"end":{"line":224,"column":5}},"type":"if","locations":[{"start":{"line":213,"column":4},"end":{"line":224,"column":5}},{"start":{},"end":{}}],"line":213},"30":{"loc":{"start":{"line":218,"column":6},"end":{"line":223,"column":7}},"type":"if","locations":[{"start":{"line":218,"column":6},"end":{"line":223,"column":7}},{"start":{},"end":{}}],"line":218},"31":{"loc":{"start":{"line":229,"column":24},"end":{"line":229,"column":68}},"type":"binary-expr","locations":[{"start":{"line":229,"column":24},"end":{"line":229,"column":38}},{"start":{"line":229,"column":42},"end":{"line":229,"column":57}},{"start":{"line":229,"column":61},"end":{"line":229,"column":68}}],"line":229},"32":{"loc":{"start":{"line":230,"column":26},"end":{"line":230,"column":72}},"type":"binary-expr","locations":[{"start":{"line":230,"column":26},"end":{"line":230,"column":43}},{"start":{"line":230,"column":47},"end":{"line":230,"column":59}},{"start":{"line":230,"column":63},"end":{"line":230,"column":72}}],"line":230},"33":{"loc":{"start":{"line":231,"column":23},"end":{"line":231,"column":55}},"type":"binary-expr","locations":[{"start":{"line":231,"column":23},"end":{"line":231,"column":36}},{"start":{"line":231,"column":40},"end":{"line":231,"column":50}},{"start":{"line":231,"column":54},"end":{"line":231,"column":55}}],"line":231},"34":{"loc":{"start":{"line":234,"column":12},"end":{"line":234,"column":78}},"type":"binary-expr","locations":[{"start":{"line":234,"column":12},"end":{"line":234,"column":19}},{"start":{"line":234,"column":23},"end":{"line":234,"column":78}}],"line":234},"35":{"loc":{"start":{"line":239,"column":14},"end":{"line":239,"column":33}},"type":"binary-expr","locations":[{"start":{"line":239,"column":14},"end":{"line":239,"column":23}},{"start":{"line":239,"column":27},"end":{"line":239,"column":33}}],"line":239},"36":{"loc":{"start":{"line":240,"column":18},"end":{"line":240,"column":56}},"type":"binary-expr","locations":[{"start":{"line":240,"column":18},"end":{"line":240,"column":26}},{"start":{"line":240,"column":30},"end":{"line":240,"column":43}},{"start":{"line":240,"column":47},"end":{"line":240,"column":56}}],"line":240},"37":{"loc":{"start":{"line":241,"column":14},"end":{"line":241,"column":65}},"type":"binary-expr","locations":[{"start":{"line":241,"column":14},"end":{"line":241,"column":23}},{"start":{"line":241,"column":27},"end":{"line":241,"column":65}}],"line":241},"38":{"loc":{"start":{"line":242,"column":16},"end":{"line":242,"column":81}},"type":"binary-expr","locations":[{"start":{"line":242,"column":16},"end":{"line":242,"column":22}},{"start":{"line":242,"column":26},"end":{"line":242,"column":37}},{"start":{"line":242,"column":41},"end":{"line":242,"column":81}}],"line":242},"39":{"loc":{"start":{"line":247,"column":4},"end":{"line":253,"column":5}},"type":"if","locations":[{"start":{"line":247,"column":4},"end":{"line":253,"column":5}},{"start":{"line":249,"column":11},"end":{"line":253,"column":5}}],"line":247},"40":{"loc":{"start":{"line":249,"column":11},"end":{"line":253,"column":5}},"type":"if","locations":[{"start":{"line":249,"column":11},"end":{"line":253,"column":5}},{"start":{},"end":{}}],"line":249},"41":{"loc":{"start":{"line":283,"column":4},"end":{"line":288,"column":5}},"type":"if","locations":[{"start":{"line":283,"column":4},"end":{"line":288,"column":5}},{"start":{},"end":{}}],"line":283},"42":{"loc":{"start":{"line":286,"column":12},"end":{"line":286,"column":46}},"type":"binary-expr","locations":[{"start":{"line":286,"column":12},"end":{"line":286,"column":22}},{"start":{"line":286,"column":26},"end":{"line":286,"column":46}}],"line":286},"43":{"loc":{"start":{"line":290,"column":4},"end":{"line":292,"column":5}},"type":"if","locations":[{"start":{"line":290,"column":4},"end":{"line":292,"column":5}},{"start":{},"end":{}}],"line":290},"44":{"loc":{"start":{"line":290,"column":8},"end":{"line":290,"column":26}},"type":"binary-expr","locations":[{"start":{"line":290,"column":8},"end":{"line":290,"column":18}},{"start":{"line":290,"column":22},"end":{"line":290,"column":26}}],"line":290},"45":{"loc":{"start":{"line":297,"column":4},"end":{"line":305,"column":5}},"type":"if","locations":[{"start":{"line":297,"column":4},"end":{"line":305,"column":5}},{"start":{},"end":{}}],"line":297},"46":{"loc":{"start":{"line":302,"column":6},"end":{"line":304,"column":7}},"type":"if","locations":[{"start":{"line":302,"column":6},"end":{"line":304,"column":7}},{"start":{},"end":{}}],"line":302},"47":{"loc":{"start":{"line":308,"column":22},"end":{"line":308,"column":92}},"type":"binary-expr","locations":[{"start":{"line":308,"column":22},"end":{"line":308,"column":32}},{"start":{"line":308,"column":36},"end":{"line":308,"column":92}}],"line":308},"48":{"loc":{"start":{"line":311,"column":4},"end":{"line":319,"column":5}},"type":"if","locations":[{"start":{"line":311,"column":4},"end":{"line":319,"column":5}},{"start":{},"end":{}}],"line":311},"49":{"loc":{"start":{"line":315,"column":14},"end":{"line":315,"column":36}},"type":"binary-expr","locations":[{"start":{"line":315,"column":14},"end":{"line":315,"column":26}},{"start":{"line":315,"column":30},"end":{"line":315,"column":36}}],"line":315},"50":{"loc":{"start":{"line":316,"column":15},"end":{"line":316,"column":33}},"type":"binary-expr","locations":[{"start":{"line":316,"column":15},"end":{"line":316,"column":28}},{"start":{"line":316,"column":32},"end":{"line":316,"column":33}}],"line":316},"51":{"loc":{"start":{"line":317,"column":18},"end":{"line":317,"column":47}},"type":"binary-expr","locations":[{"start":{"line":317,"column":18},"end":{"line":317,"column":34}},{"start":{"line":317,"column":38},"end":{"line":317,"column":47}}],"line":317}},"s":{"0":9,"1":9,"2":9,"3":9,"4":9,"5":9,"6":9,"7":9,"8":9,"9":3,"10":3,"11":3,"12":1,"13":2,"14":2,"15":2,"16":2,"17":2,"18":2,"19":2,"20":1,"21":1,"22":1,"23":5,"24":5,"25":5,"26":3,"27":2,"28":1,"29":2,"30":2,"31":0,"32":0,"33":2,"34":2,"35":3,"36":2,"37":2,"38":0,"39":0,"40":3,"41":3,"42":3,"43":2,"44":1,"45":0,"46":1,"47":1,"48":0,"49":0,"50":1,"51":1,"52":2,"53":2,"54":2,"55":2,"56":1,"57":1,"58":0,"59":0,"60":4,"61":4,"62":4,"63":1,"64":0,"65":0,"66":0,"67":0,"68":0,"69":0,"70":0,"71":1,"72":3,"73":0,"74":3,"75":3,"76":1,"77":1,"78":1,"79":1,"80":3,"81":8,"82":8,"83":8,"84":8,"85":3,"86":2,"87":1,"88":1,"89":2,"90":3,"91":3,"92":0,"93":0,"94":4,"95":4,"96":4,"97":1,"98":3,"99":0,"100":3,"101":3,"102":1,"103":1,"104":1,"105":1,"106":3,"107":3,"108":3,"109":3,"110":3,"111":0,"112":0,"113":1,"114":9},"f":{"0":3,"1":5,"2":3,"3":3,"4":2,"5":2,"6":4,"7":8,"8":4,"9":1},"b":{"0":[9,9,9],"1":[9,9,9],"2":[9,9,9],"3":[1,2],"4":[3,3,3],"5":[3,2],"6":[1,1],"7":[2,1],"8":[0,2],"9":[3,0],"10":[2,1],"11":[2,1],"12":[0,1],"13":[1,1],"14":[0,1],"15":[2,0],"16":[2,0],"17":[2,2,2,2],"18":[2,0],"19":[2,2],"20":[2,0],"21":[2,0],"22":[1,3],"23":[0,1],"24":[0,0],"25":[0,0],"26":[0,0],"27":[0,3],"28":[3,3],"29":[1,2],"30":[1,0],"31":[8,7,6],"32":[8,7,6],"33":[8,2,0],"34":[8,8],"35":[8,8],"36":[8,0,0],"37":[8,8],"38":[8,0,0],"39":[2,1],"40":[1,0],"41":[1,3],"42":[1,1],"43":[0,3],"44":[3,3],"45":[1,2],"46":[1,0],"47":[3,2],"48":[3,0],"49":[3,1],"50":[3,1],"51":[3,3]},"_coverageSchema":"1a1c01bbd47fc00a2c39e90264f33305004495a9","hash":"b56aec3577c9f58faf9a842304cf4e8be3388dc2"}
,"/Users/oliviervoisin/projects/inventory-processor/modules/google-sheets.js": {"path":"/Users/oliviervoisin/projects/inventory-processor/modules/google-sheets.js","statementMap":{"0":{"start":{"line":5,"column":15},"end":{"line":5,"column":41}},"1":{"start":{"line":6,"column":33},"end":{"line":6,"column":66}},"2":{"start":{"line":13,"column":2},"end":{"line":22,"column":3}},"3":{"start":{"line":15,"column":4},"end":{"line":18,"column":6}},"4":{"start":{"line":20,"column":4},"end":{"line":20,"column":62}},"5":{"start":{"line":21,"column":4},"end":{"line":21,"column":67}},"6":{"start":{"line":31,"column":2},"end":{"line":37,"column":3}},"7":{"start":{"line":32,"column":4},"end":{"line":32,"column":55}},"8":{"start":{"line":33,"column":4},"end":{"line":33,"column":16}},"9":{"start":{"line":35,"column":4},"end":{"line":35,"column":63}},"10":{"start":{"line":36,"column":4},"end":{"line":36,"column":67}},"11":{"start":{"line":46,"column":2},"end":{"line":52,"column":3}},"12":{"start":{"line":47,"column":4},"end":{"line":47,"column":53}},"13":{"start":{"line":48,"column":4},"end":{"line":48,"column":16}},"14":{"start":{"line":50,"column":4},"end":{"line":50,"column":66}},"15":{"start":{"line":51,"column":4},"end":{"line":51,"column":67}},"16":{"start":{"line":61,"column":2},"end":{"line":67,"column":3}},"17":{"start":{"line":62,"column":4},"end":{"line":62,"column":50}},"18":{"start":{"line":63,"column":4},"end":{"line":63,"column":16}},"19":{"start":{"line":65,"column":4},"end":{"line":65,"column":68}},"20":{"start":{"line":66,"column":4},"end":{"line":66,"column":67}},"21":{"start":{"line":76,"column":2},"end":{"line":86,"column":3}},"22":{"start":{"line":77,"column":4},"end":{"line":77,"column":67}},"23":{"start":{"line":78,"column":4},"end":{"line":82,"column":6}},"24":{"start":{"line":84,"column":4},"end":{"line":84,"column":64}},"25":{"start":{"line":85,"column":4},"end":{"line":85,"column":67}},"26":{"start":{"line":94,"column":2},"end":{"line":100,"column":3}},"27":{"start":{"line":95,"column":4},"end":{"line":99,"column":6}},"28":{"start":{"line":101,"column":2},"end":{"line":105,"column":4}},"29":{"start":{"line":113,"column":17},"end":{"line":113,"column":33}},"30":{"start":{"line":114,"column":16},"end":{"line":114,"column":33}},"31":{"start":{"line":115,"column":2},"end":{"line":117,"column":3}},"32":{"start":{"line":116,"column":4},"end":{"line":116,"column":64}},"33":{"start":{"line":118,"column":2},"end":{"line":120,"column":3}},"34":{"start":{"line":119,"column":4},"end":{"line":119,"column":70}},"35":{"start":{"line":121,"column":2},"end":{"line":121,"column":69}},"36":{"start":{"line":122,"column":2},"end":{"line":122,"column":27}},"37":{"start":{"line":125,"column":0},"end":{"line":133,"column":2}}},"fnMap":{"0":{"name":"getInventory","decl":{"start":{"line":12,"column":15},"end":{"line":12,"column":27}},"loc":{"start":{"line":12,"column":30},"end":{"line":23,"column":1}},"line":12},"1":{"name":"updateInventory","decl":{"start":{"line":30,"column":15},"end":{"line":30,"column":30}},"loc":{"start":{"line":30,"column":37},"end":{"line":38,"column":1}},"line":30},"2":{"name":"addInventoryItem","decl":{"start":{"line":45,"column":15},"end":{"line":45,"column":31}},"loc":{"start":{"line":45,"column":38},"end":{"line":53,"column":1}},"line":45},"3":{"name":"deleteInventoryItem","decl":{"start":{"line":60,"column":15},"end":{"line":60,"column":34}},"loc":{"start":{"line":60,"column":40},"end":{"line":68,"column":1}},"line":60},"4":{"name":"exportInventory","decl":{"start":{"line":75,"column":15},"end":{"line":75,"column":30}},"loc":{"start":{"line":75,"column":38},"end":{"line":87,"column":1}},"line":75},"5":{"name":"getConfigValue","decl":{"start":{"line":93,"column":9},"end":{"line":93,"column":23}},"loc":{"start":{"line":93,"column":26},"end":{"line":106,"column":1}},"line":93},"6":{"name":"createSpreadsheet","decl":{"start":{"line":112,"column":9},"end":{"line":112,"column":26}},"loc":{"start":{"line":112,"column":29},"end":{"line":123,"column":1}},"line":112}},"branchMap":{"0":{"loc":{"start":{"line":94,"column":2},"end":{"line":100,"column":3}},"type":"if","locations":[{"start":{"line":94,"column":2},"end":{"line":100,"column":3}},{"start":{},"end":{}}],"line":94},"1":{"loc":{"start":{"line":102,"column":16},"end":{"line":102,"column":70}},"type":"binary-expr","locations":[{"start":{"line":102,"column":16},"end":{"line":102,"column":48}},{"start":{"line":102,"column":52},"end":{"line":102,"column":70}}],"line":102},"2":{"loc":{"start":{"line":103,"column":17},"end":{"line":103,"column":77}},"type":"binary-expr","locations":[{"start":{"line":103,"column":17},"end":{"line":103,"column":55}},{"start":{"line":103,"column":59},"end":{"line":103,"column":77}}],"line":103},"3":{"loc":{"start":{"line":104,"column":16},"end":{"line":104,"column":75}},"type":"binary-expr","locations":[{"start":{"line":104,"column":16},"end":{"line":104,"column":53}},{"start":{"line":104,"column":57},"end":{"line":104,"column":75}}],"line":104},"4":{"loc":{"start":{"line":115,"column":2},"end":{"line":117,"column":3}},"type":"if","locations":[{"start":{"line":115,"column":2},"end":{"line":117,"column":3}},{"start":{},"end":{}}],"line":115},"5":{"loc":{"start":{"line":118,"column":2},"end":{"line":120,"column":3}},"type":"if","locations":[{"start":{"line":118,"column":2},"end":{"line":120,"column":3}},{"start":{},"end":{}}],"line":118}},"s":{"0":2,"1":2,"2":0,"3":0,"4":0,"5":0,"6":1,"7":1,"8":0,"9":1,"10":1,"11":1,"12":1,"13":0,"14":1,"15":1,"16":1,"17":1,"18":0,"19":1,"20":1,"21":1,"22":1,"23":0,"24":1,"25":1,"26":5,"27":2,"28":3,"29":3,"30":3,"31":3,"32":1,"33":3,"34":1,"35":2,"36":2,"37":2},"f":{"0":0,"1":1,"2":1,"3":1,"4":1,"5":5,"6":3},"b":{"0":[2,3],"1":[3,0],"2":[3,1],"3":[3,1],"4":[1,2],"5":[1,2]},"_coverageSchema":"1a1c01bbd47fc00a2c39e90264f33305004495a9","hash":"80c28311252f754b389c058a3ae0ce7d3b777561"}
,"/Users/oliviervoisin/projects/inventory-processor/modules/invoice-processor.js": {"path":"/Users/oliviervoisin/projects/inventory-processor/modules/invoice-processor.js","statementMap":{"0":{"start":{"line":5,"column":11},"end":{"line":5,"column":33}},"1":{"start":{"line":6,"column":13},"end":{"line":6,"column":28}},"2":{"start":{"line":7,"column":19},"end":{"line":7,"column":43}},"3":{"start":{"line":8,"column":27},"end":{"line":8,"column":59}},"4":{"start":{"line":9,"column":15},"end":{"line":9,"column":41}},"5":{"start":{"line":17,"column":2},"end":{"line":66,"column":3}},"6":{"start":{"line":18,"column":4},"end":{"line":18,"column":56}},"7":{"start":{"line":21,"column":16},"end":{"line":21,"column":52}},"8":{"start":{"line":22,"column":4},"end":{"line":29,"column":5}},"9":{"start":{"line":24,"column":6},"end":{"line":24,"column":52}},"10":{"start":{"line":25,"column":6},"end":{"line":28,"column":8}},"11":{"start":{"line":32,"column":23},"end":{"line":32,"column":50}},"12":{"start":{"line":36,"column":4},"end":{"line":40,"column":5}},"13":{"start":{"line":37,"column":6},"end":{"line":37,"column":70}},"14":{"start":{"line":39,"column":6},"end":{"line":39,"column":72}},"15":{"start":{"line":43,"column":26},"end":{"line":43,"column":57}},"16":{"start":{"line":46,"column":21},"end":{"line":46,"column":75}},"17":{"start":{"line":49,"column":22},"end":{"line":49,"column":35}},"18":{"start":{"line":50,"column":4},"end":{"line":52,"column":5}},"19":{"start":{"line":51,"column":6},"end":{"line":51,"column":86}},"20":{"start":{"line":55,"column":4},"end":{"line":62,"column":6}},"21":{"start":{"line":64,"column":4},"end":{"line":64,"column":63}},"22":{"start":{"line":65,"column":4},"end":{"line":65,"column":16}},"23":{"start":{"line":75,"column":2},"end":{"line":104,"column":3}},"24":{"start":{"line":76,"column":4},"end":{"line":76,"column":61}},"25":{"start":{"line":79,"column":23},"end":{"line":79,"column":50}},"26":{"start":{"line":82,"column":16},"end":{"line":82,"column":52}},"27":{"start":{"line":86,"column":4},"end":{"line":90,"column":5}},"28":{"start":{"line":87,"column":6},"end":{"line":87,"column":70}},"29":{"start":{"line":89,"column":6},"end":{"line":89,"column":72}},"30":{"start":{"line":93,"column":17},"end":{"line":93,"column":48}},"31":{"start":{"line":95,"column":4},"end":{"line":100,"column":6}},"32":{"start":{"line":102,"column":4},"end":{"line":102,"column":68}},"33":{"start":{"line":103,"column":4},"end":{"line":103,"column":16}},"34":{"start":{"line":113,"column":2},"end":{"line":340,"column":3}},"35":{"start":{"line":114,"column":4},"end":{"line":116,"column":5}},"36":{"start":{"line":115,"column":6},"end":{"line":115,"column":27}},"37":{"start":{"line":119,"column":24},"end":{"line":121,"column":5}},"38":{"start":{"line":124,"column":4},"end":{"line":132,"column":5}},"39":{"start":{"line":125,"column":6},"end":{"line":131,"column":8}},"40":{"start":{"line":135,"column":27},"end":{"line":135,"column":79}},"41":{"start":{"line":136,"column":4},"end":{"line":138,"column":5}},"42":{"start":{"line":137,"column":6},"end":{"line":137,"column":48}},"43":{"start":{"line":141,"column":22},"end":{"line":141,"column":89}},"44":{"start":{"line":142,"column":4},"end":{"line":219,"column":5}},"45":{"start":{"line":143,"column":22},"end":{"line":143,"column":34}},"46":{"start":{"line":147,"column":27},"end":{"line":147,"column":71}},"47":{"start":{"line":148,"column":6},"end":{"line":152,"column":7}},"48":{"start":{"line":149,"column":8},"end":{"line":149,"column":45}},"49":{"start":{"line":150,"column":8},"end":{"line":150,"column":46}},"50":{"start":{"line":151,"column":8},"end":{"line":151,"column":44}},"51":{"start":{"line":155,"column":26},"end":{"line":155,"column":72}},"52":{"start":{"line":156,"column":6},"end":{"line":160,"column":7}},"53":{"start":{"line":157,"column":8},"end":{"line":157,"column":45}},"54":{"start":{"line":158,"column":8},"end":{"line":158,"column":43}},"55":{"start":{"line":159,"column":8},"end":{"line":159,"column":44}},"56":{"start":{"line":163,"column":26},"end":{"line":163,"column":72}},"57":{"start":{"line":164,"column":6},"end":{"line":168,"column":7}},"58":{"start":{"line":165,"column":8},"end":{"line":165,"column":43}},"59":{"start":{"line":166,"column":8},"end":{"line":166,"column":45}},"60":{"start":{"line":167,"column":8},"end":{"line":167,"column":44}},"61":{"start":{"line":171,"column":30},"end":{"line":171,"column":74}},"62":{"start":{"line":172,"column":6},"end":{"line":176,"column":7}},"63":{"start":{"line":173,"column":8},"end":{"line":173,"column":49}},"64":{"start":{"line":174,"column":8},"end":{"line":174,"column":47}},"65":{"start":{"line":175,"column":8},"end":{"line":175,"column":48}},"66":{"start":{"line":179,"column":28},"end":{"line":179,"column":80}},"67":{"start":{"line":180,"column":6},"end":{"line":188,"column":7}},"68":{"start":{"line":181,"column":27},"end":{"line":184,"column":9}},"69":{"start":{"line":185,"column":8},"end":{"line":185,"column":64}},"70":{"start":{"line":186,"column":8},"end":{"line":186,"column":45}},"71":{"start":{"line":187,"column":8},"end":{"line":187,"column":46}},"72":{"start":{"line":191,"column":6},"end":{"line":194,"column":7}},"73":{"start":{"line":193,"column":8},"end":{"line":193,"column":36}},"74":{"start":{"line":197,"column":28},"end":{"line":197,"column":74}},"75":{"start":{"line":198,"column":6},"end":{"line":211,"column":7}},"76":{"start":{"line":201,"column":8},"end":{"line":210,"column":9}},"77":{"start":{"line":202,"column":10},"end":{"line":202,"column":47}},"78":{"start":{"line":203,"column":10},"end":{"line":203,"column":49}},"79":{"start":{"line":204,"column":10},"end":{"line":204,"column":48}},"80":{"start":{"line":207,"column":10},"end":{"line":207,"column":49}},"81":{"start":{"line":208,"column":10},"end":{"line":208,"column":47}},"82":{"start":{"line":209,"column":10},"end":{"line":209,"column":48}},"83":{"start":{"line":214,"column":26},"end":{"line":214,"column":61}},"84":{"start":{"line":215,"column":24},"end":{"line":215,"column":57}},"85":{"start":{"line":216,"column":22},"end":{"line":216,"column":62}},"86":{"start":{"line":218,"column":6},"end":{"line":218,"column":73}},"87":{"start":{"line":222,"column":23},"end":{"line":222,"column":68}},"88":{"start":{"line":223,"column":4},"end":{"line":243,"column":5}},"89":{"start":{"line":224,"column":6},"end":{"line":224,"column":47}},"90":{"start":{"line":227,"column":28},"end":{"line":227,"column":92}},"91":{"start":{"line":228,"column":6},"end":{"line":242,"column":7}},"92":{"start":{"line":230,"column":28},"end":{"line":237,"column":9}},"93":{"start":{"line":239,"column":8},"end":{"line":239,"column":81}},"94":{"start":{"line":240,"column":13},"end":{"line":242,"column":7}},"95":{"start":{"line":241,"column":8},"end":{"line":241,"column":37}},"96":{"start":{"line":246,"column":25},"end":{"line":246,"column":79}},"97":{"start":{"line":248,"column":22},"end":{"line":249,"column":65}},"98":{"start":{"line":249,"column":22},"end":{"line":249,"column":64}},"99":{"start":{"line":251,"column":4},"end":{"line":329,"column":7}},"100":{"start":{"line":253,"column":31},"end":{"line":253,"column":85}},"101":{"start":{"line":254,"column":6},"end":{"line":261,"column":7}},"102":{"start":{"line":255,"column":8},"end":{"line":259,"column":11}},"103":{"start":{"line":260,"column":8},"end":{"line":260,"column":15}},"104":{"start":{"line":264,"column":27},"end":{"line":264,"column":82}},"105":{"start":{"line":265,"column":6},"end":{"line":272,"column":7}},"106":{"start":{"line":266,"column":8},"end":{"line":270,"column":11}},"107":{"start":{"line":271,"column":8},"end":{"line":271,"column":15}},"108":{"start":{"line":275,"column":23},"end":{"line":275,"column":95}},"109":{"start":{"line":276,"column":6},"end":{"line":284,"column":7}},"110":{"start":{"line":277,"column":8},"end":{"line":282,"column":11}},"111":{"start":{"line":283,"column":8},"end":{"line":283,"column":15}},"112":{"start":{"line":286,"column":23},"end":{"line":286,"column":86}},"113":{"start":{"line":287,"column":6},"end":{"line":295,"column":7}},"114":{"start":{"line":288,"column":8},"end":{"line":293,"column":11}},"115":{"start":{"line":294,"column":8},"end":{"line":294,"column":15}},"116":{"start":{"line":297,"column":23},"end":{"line":297,"column":78}},"117":{"start":{"line":298,"column":6},"end":{"line":306,"column":7}},"118":{"start":{"line":299,"column":8},"end":{"line":304,"column":11}},"119":{"start":{"line":305,"column":8},"end":{"line":305,"column":15}},"120":{"start":{"line":308,"column":23},"end":{"line":308,"column":85}},"121":{"start":{"line":309,"column":6},"end":{"line":317,"column":7}},"122":{"start":{"line":310,"column":8},"end":{"line":315,"column":11}},"123":{"start":{"line":316,"column":8},"end":{"line":316,"column":15}},"124":{"start":{"line":319,"column":23},"end":{"line":319,"column":86}},"125":{"start":{"line":320,"column":6},"end":{"line":328,"column":7}},"126":{"start":{"line":321,"column":8},"end":{"line":326,"column":11}},"127":{"start":{"line":327,"column":8},"end":{"line":327,"column":15}},"128":{"start":{"line":332,"column":4},"end":{"line":334,"column":5}},"129":{"start":{"line":333,"column":6},"end":{"line":333,"column":102}},"130":{"start":{"line":336,"column":4},"end":{"line":336,"column":23}},"131":{"start":{"line":338,"column":4},"end":{"line":338,"column":65}},"132":{"start":{"line":339,"column":4},"end":{"line":339,"column":25}},"133":{"start":{"line":349,"column":24},"end":{"line":353,"column":3}},"134":{"start":{"line":355,"column":2},"end":{"line":357,"column":3}},"135":{"start":{"line":356,"column":4},"end":{"line":356,"column":25}},"136":{"start":{"line":360,"column":2},"end":{"line":384,"column":5}},"137":{"start":{"line":363,"column":24},"end":{"line":363,"column":70}},"138":{"start":{"line":365,"column":4},"end":{"line":375,"column":5}},"139":{"start":{"line":367,"column":29},"end":{"line":370,"column":30}},"140":{"start":{"line":371,"column":6},"end":{"line":371,"column":62}},"141":{"start":{"line":374,"column":6},"end":{"line":374,"column":49}},"142":{"start":{"line":377,"column":4},"end":{"line":383,"column":6}},"143":{"start":{"line":386,"column":2},"end":{"line":386,"column":23}},"144":{"start":{"line":396,"column":2},"end":{"line":396,"column":46}},"145":{"start":{"line":406,"column":2},"end":{"line":423,"column":4}},"146":{"start":{"line":426,"column":0},"end":{"line":433,"column":2}}},"fnMap":{"0":{"name":"processInvoice","decl":{"start":{"line":16,"column":15},"end":{"line":16,"column":29}},"loc":{"start":{"line":16,"column":40},"end":{"line":67,"column":1}},"line":16},"1":{"name":"extractInvoiceData","decl":{"start":{"line":74,"column":15},"end":{"line":74,"column":33}},"loc":{"start":{"line":74,"column":44},"end":{"line":105,"column":1}},"line":74},"2":{"name":"parseInvoiceText","decl":{"start":{"line":112,"column":9},"end":{"line":112,"column":25}},"loc":{"start":{"line":112,"column":32},"end":{"line":341,"column":1}},"line":112},"3":{"name":"(anonymous_3)","decl":{"start":{"line":249,"column":14},"end":{"line":249,"column":15}},"loc":{"start":{"line":249,"column":22},"end":{"line":249,"column":64}},"line":249},"4":{"name":"(anonymous_4)","decl":{"start":{"line":251,"column":22},"end":{"line":251,"column":23}},"loc":{"start":{"line":251,"column":30},"end":{"line":329,"column":5}},"line":251},"5":{"name":"extractInventoryUpdates","decl":{"start":{"line":348,"column":9},"end":{"line":348,"column":32}},"loc":{"start":{"line":348,"column":46},"end":{"line":387,"column":1}},"line":348},"6":{"name":"(anonymous_6)","decl":{"start":{"line":360,"column":46},"end":{"line":360,"column":47}},"loc":{"start":{"line":360,"column":63},"end":{"line":384,"column":3}},"line":360},"7":{"name":"convertToInventoryFormat","decl":{"start":{"line":395,"column":9},"end":{"line":395,"column":33}},"loc":{"start":{"line":395,"column":47},"end":{"line":397,"column":1}},"line":395},"8":{"name":"getProcessingHistory","decl":{"start":{"line":403,"column":15},"end":{"line":403,"column":35}},"loc":{"start":{"line":403,"column":38},"end":{"line":424,"column":1}},"line":403}},"branchMap":{"0":{"loc":{"start":{"line":22,"column":4},"end":{"line":29,"column":5}},"type":"if","locations":[{"start":{"line":22,"column":4},"end":{"line":29,"column":5}},{"start":{},"end":{}}],"line":22},"1":{"loc":{"start":{"line":36,"column":4},"end":{"line":40,"column":5}},"type":"if","locations":[{"start":{"line":36,"column":4},"end":{"line":40,"column":5}},{"start":{"line":38,"column":11},"end":{"line":40,"column":5}}],"line":36},"2":{"loc":{"start":{"line":50,"column":4},"end":{"line":52,"column":5}},"type":"if","locations":[{"start":{"line":50,"column":4},"end":{"line":52,"column":5}},{"start":{},"end":{}}],"line":50},"3":{"loc":{"start":{"line":86,"column":4},"end":{"line":90,"column":5}},"type":"if","locations":[{"start":{"line":86,"column":4},"end":{"line":90,"column":5}},{"start":{"line":88,"column":11},"end":{"line":90,"column":5}}],"line":86},"4":{"loc":{"start":{"line":114,"column":4},"end":{"line":116,"column":5}},"type":"if","locations":[{"start":{"line":114,"column":4},"end":{"line":116,"column":5}},{"start":{},"end":{}}],"line":114},"5":{"loc":{"start":{"line":114,"column":8},"end":{"line":114,"column":41}},"type":"binary-expr","locations":[{"start":{"line":114,"column":8},"end":{"line":114,"column":13}},{"start":{"line":114,"column":17},"end":{"line":114,"column":41}}],"line":114},"6":{"loc":{"start":{"line":124,"column":4},"end":{"line":132,"column":5}},"type":"if","locations":[{"start":{"line":124,"column":4},"end":{"line":132,"column":5}},{"start":{},"end":{}}],"line":124},"7":{"loc":{"start":{"line":136,"column":4},"end":{"line":138,"column":5}},"type":"if","locations":[{"start":{"line":136,"column":4},"end":{"line":138,"column":5}},{"start":{},"end":{}}],"line":136},"8":{"loc":{"start":{"line":142,"column":4},"end":{"line":219,"column":5}},"type":"if","locations":[{"start":{"line":142,"column":4},"end":{"line":219,"column":5}},{"start":{},"end":{}}],"line":142},"9":{"loc":{"start":{"line":148,"column":6},"end":{"line":152,"column":7}},"type":"if","locations":[{"start":{"line":148,"column":6},"end":{"line":152,"column":7}},{"start":{},"end":{}}],"line":148},"10":{"loc":{"start":{"line":156,"column":6},"end":{"line":160,"column":7}},"type":"if","locations":[{"start":{"line":156,"column":6},"end":{"line":160,"column":7}},{"start":{},"end":{}}],"line":156},"11":{"loc":{"start":{"line":164,"column":6},"end":{"line":168,"column":7}},"type":"if","locations":[{"start":{"line":164,"column":6},"end":{"line":168,"column":7}},{"start":{},"end":{}}],"line":164},"12":{"loc":{"start":{"line":172,"column":6},"end":{"line":176,"column":7}},"type":"if","locations":[{"start":{"line":172,"column":6},"end":{"line":176,"column":7}},{"start":{},"end":{}}],"line":172},"13":{"loc":{"start":{"line":180,"column":6},"end":{"line":188,"column":7}},"type":"if","locations":[{"start":{"line":180,"column":6},"end":{"line":188,"column":7}},{"start":{},"end":{}}],"line":180},"14":{"loc":{"start":{"line":185,"column":16},"end":{"line":185,"column":63}},"type":"binary-expr","locations":[{"start":{"line":185,"column":16},"end":{"line":185,"column":58}},{"start":{"line":185,"column":62},"end":{"line":185,"column":63}}],"line":185},"15":{"loc":{"start":{"line":191,"column":6},"end":{"line":194,"column":7}},"type":"if","locations":[{"start":{"line":191,"column":6},"end":{"line":194,"column":7}},{"start":{},"end":{}}],"line":191},"16":{"loc":{"start":{"line":198,"column":6},"end":{"line":211,"column":7}},"type":"if","locations":[{"start":{"line":198,"column":6},"end":{"line":211,"column":7}},{"start":{},"end":{}}],"line":198},"17":{"loc":{"start":{"line":201,"column":8},"end":{"line":210,"column":9}},"type":"if","locations":[{"start":{"line":201,"column":8},"end":{"line":210,"column":9}},{"start":{"line":205,"column":15},"end":{"line":210,"column":9}}],"line":201},"18":{"loc":{"start":{"line":201,"column":12},"end":{"line":201,"column":64}},"type":"binary-expr","locations":[{"start":{"line":201,"column":12},"end":{"line":201,"column":36}},{"start":{"line":201,"column":40},"end":{"line":201,"column":64}}],"line":201},"19":{"loc":{"start":{"line":214,"column":33},"end":{"line":214,"column":43}},"type":"binary-expr","locations":[{"start":{"line":214,"column":33},"end":{"line":214,"column":38}},{"start":{"line":214,"column":42},"end":{"line":214,"column":43}}],"line":214},"20":{"loc":{"start":{"line":215,"column":31},"end":{"line":215,"column":39}},"type":"binary-expr","locations":[{"start":{"line":215,"column":31},"end":{"line":215,"column":34}},{"start":{"line":215,"column":38},"end":{"line":215,"column":39}}],"line":215},"21":{"loc":{"start":{"line":216,"column":29},"end":{"line":216,"column":61}},"type":"binary-expr","locations":[{"start":{"line":216,"column":29},"end":{"line":216,"column":33}},{"start":{"line":216,"column":37},"end":{"line":216,"column":61}}],"line":216},"22":{"loc":{"start":{"line":223,"column":4},"end":{"line":243,"column":5}},"type":"if","locations":[{"start":{"line":223,"column":4},"end":{"line":243,"column":5}},{"start":{},"end":{}}],"line":223},"23":{"loc":{"start":{"line":228,"column":6},"end":{"line":242,"column":7}},"type":"if","locations":[{"start":{"line":228,"column":6},"end":{"line":242,"column":7}},{"start":{"line":240,"column":13},"end":{"line":242,"column":7}}],"line":228},"24":{"loc":{"start":{"line":239,"column":31},"end":{"line":239,"column":80}},"type":"binary-expr","locations":[{"start":{"line":239,"column":31},"end":{"line":239,"column":60}},{"start":{"line":239,"column":64},"end":{"line":239,"column":80}}],"line":239},"25":{"loc":{"start":{"line":240,"column":13},"end":{"line":242,"column":7}},"type":"if","locations":[{"start":{"line":240,"column":13},"end":{"line":242,"column":7}},{"start":{},"end":{}}],"line":240},"26":{"loc":{"start":{"line":246,"column":25},"end":{"line":246,"column":79}},"type":"binary-expr","locations":[{"start":{"line":246,"column":25},"end":{"line":246,"column":73}},{"start":{"line":246,"column":77},"end":{"line":246,"column":79}}],"line":246},"27":{"loc":{"start":{"line":249,"column":22},"end":{"line":249,"column":64}},"type":"binary-expr","locations":[{"start":{"line":249,"column":22},"end":{"line":249,"column":33}},{"start":{"line":249,"column":37},"end":{"line":249,"column":64}}],"line":249},"28":{"loc":{"start":{"line":254,"column":6},"end":{"line":261,"column":7}},"type":"if","locations":[{"start":{"line":254,"column":6},"end":{"line":261,"column":7}},{"start":{},"end":{}}],"line":254},"29":{"loc":{"start":{"line":265,"column":6},"end":{"line":272,"column":7}},"type":"if","locations":[{"start":{"line":265,"column":6},"end":{"line":272,"column":7}},{"start":{},"end":{}}],"line":265},"30":{"loc":{"start":{"line":276,"column":6},"end":{"line":284,"column":7}},"type":"if","locations":[{"start":{"line":276,"column":6},"end":{"line":284,"column":7}},{"start":{},"end":{}}],"line":276},"31":{"loc":{"start":{"line":281,"column":17},"end":{"line":281,"column":61}},"type":"cond-expr","locations":[{"start":{"line":281,"column":31},"end":{"line":281,"column":49}},{"start":{"line":281,"column":52},"end":{"line":281,"column":61}}],"line":281},"32":{"loc":{"start":{"line":287,"column":6},"end":{"line":295,"column":7}},"type":"if","locations":[{"start":{"line":287,"column":6},"end":{"line":295,"column":7}},{"start":{},"end":{}}],"line":287},"33":{"loc":{"start":{"line":292,"column":17},"end":{"line":292,"column":61}},"type":"cond-expr","locations":[{"start":{"line":292,"column":31},"end":{"line":292,"column":49}},{"start":{"line":292,"column":52},"end":{"line":292,"column":61}}],"line":292},"34":{"loc":{"start":{"line":298,"column":6},"end":{"line":306,"column":7}},"type":"if","locations":[{"start":{"line":298,"column":6},"end":{"line":306,"column":7}},{"start":{},"end":{}}],"line":298},"35":{"loc":{"start":{"line":303,"column":17},"end":{"line":303,"column":61}},"type":"cond-expr","locations":[{"start":{"line":303,"column":31},"end":{"line":303,"column":49}},{"start":{"line":303,"column":52},"end":{"line":303,"column":61}}],"line":303},"36":{"loc":{"start":{"line":309,"column":6},"end":{"line":317,"column":7}},"type":"if","locations":[{"start":{"line":309,"column":6},"end":{"line":317,"column":7}},{"start":{},"end":{}}],"line":309},"37":{"loc":{"start":{"line":314,"column":17},"end":{"line":314,"column":61}},"type":"cond-expr","locations":[{"start":{"line":314,"column":31},"end":{"line":314,"column":49}},{"start":{"line":314,"column":52},"end":{"line":314,"column":61}}],"line":314},"38":{"loc":{"start":{"line":320,"column":6},"end":{"line":328,"column":7}},"type":"if","locations":[{"start":{"line":320,"column":6},"end":{"line":328,"column":7}},{"start":{},"end":{}}],"line":320},"39":{"loc":{"start":{"line":325,"column":17},"end":{"line":325,"column":61}},"type":"cond-expr","locations":[{"start":{"line":325,"column":31},"end":{"line":325,"column":49}},{"start":{"line":325,"column":52},"end":{"line":325,"column":61}}],"line":325},"40":{"loc":{"start":{"line":332,"column":4},"end":{"line":334,"column":5}},"type":"if","locations":[{"start":{"line":332,"column":4},"end":{"line":334,"column":5}},{"start":{},"end":{}}],"line":332},"41":{"loc":{"start":{"line":351,"column":10},"end":{"line":351,"column":79}},"type":"binary-expr","locations":[{"start":{"line":351,"column":10},"end":{"line":351,"column":34}},{"start":{"line":351,"column":38},"end":{"line":351,"column":79}}],"line":351},"42":{"loc":{"start":{"line":355,"column":2},"end":{"line":357,"column":3}},"type":"if","locations":[{"start":{"line":355,"column":2},"end":{"line":357,"column":3}},{"start":{},"end":{}}],"line":355},"43":{"loc":{"start":{"line":355,"column":6},"end":{"line":355,"column":77}},"type":"binary-expr","locations":[{"start":{"line":355,"column":6},"end":{"line":355,"column":18}},{"start":{"line":355,"column":22},"end":{"line":355,"column":40}},{"start":{"line":355,"column":44},"end":{"line":355,"column":77}}],"line":355},"44":{"loc":{"start":{"line":363,"column":24},"end":{"line":363,"column":70}},"type":"binary-expr","locations":[{"start":{"line":363,"column":24},"end":{"line":363,"column":36}},{"start":{"line":363,"column":40},"end":{"line":363,"column":57}},{"start":{"line":363,"column":61},"end":{"line":363,"column":70}}],"line":363},"45":{"loc":{"start":{"line":365,"column":4},"end":{"line":375,"column":5}},"type":"if","locations":[{"start":{"line":365,"column":4},"end":{"line":375,"column":5}},{"start":{"line":372,"column":11},"end":{"line":375,"column":5}}],"line":365},"46":{"loc":{"start":{"line":379,"column":16},"end":{"line":379,"column":43}},"type":"binary-expr","locations":[{"start":{"line":379,"column":16},"end":{"line":379,"column":26}},{"start":{"line":379,"column":30},"end":{"line":379,"column":43}}],"line":379}},"s":{"0":8,"1":8,"2":8,"3":8,"4":8,"5":5,"6":5,"7":5,"8":5,"9":1,"10":1,"11":4,"12":4,"13":3,"14":1,"15":4,"16":4,"17":4,"18":4,"19":0,"20":4,"21":0,"22":0,"23":2,"24":2,"25":2,"26":2,"27":2,"28":2,"29":0,"30":2,"31":2,"32":0,"33":0
[...]
e":177,"column":48},"end":{"line":177,"column":65}},{"start":{"line":177,"column":69},"end":{"line":177,"column":78}}],"line":177},"22":{"loc":{"start":{"line":196,"column":46},"end":{"line":196,"column":90}},"type":"cond-expr","locations":[{"start":{"line":196,"column":57},"end":{"line":196,"column":85}},{"start":{"line":196,"column":88},"end":{"line":196,"column":90}}],"line":196},"23":{"loc":{"start":{"line":202,"column":6},"end":{"line":209,"column":7}},"type":"if","locations":[{"start":{"line":202,"column":6},"end":{"line":209,"column":7}},{"start":{},"end":{}}],"line":202},"24":{"loc":{"start":{"line":204,"column":8},"end":{"line":208,"column":9}},"type":"if","locations":[{"start":{"line":204,"column":8},"end":{"line":208,"column":9}},{"start":{},"end":{}}],"line":204},"25":{"loc":{"start":{"line":204,"column":12},"end":{"line":204,"column":43}},"type":"binary-expr","locations":[{"start":{"line":204,"column":12},"end":{"line":204,"column":20}},{"start":{"line":204,"column":24},"end":{"line":204,"column":43}}],"line":204},"26":{"loc":{"start":{"line":205,"column":17},"end":{"line":207,"column":22}},"type":"cond-expr","locations":[{"start":{"line":206,"column":14},"end":{"line":206,"column":59}},{"start":{"line":207,"column":14},"end":{"line":207,"column":22}}],"line":205},"27":{"loc":{"start":{"line":215,"column":11},"end":{"line":217,"column":28}},"type":"cond-expr","locations":[{"start":{"line":216,"column":8},"end":{"line":216,"column":60}},{"start":{"line":217,"column":8},"end":{"line":217,"column":28}}],"line":215},"28":{"loc":{"start":{"line":230,"column":62},"end":{"line":230,"column":79}},"type":"binary-expr","locations":[{"start":{"line":230,"column":62},"end":{"line":230,"column":70}},{"start":{"line":230,"column":74},"end":{"line":230,"column":79}}],"line":230},"29":{"loc":{"start":{"line":233,"column":11},"end":{"line":235,"column":29}},"type":"cond-expr","locations":[{"start":{"line":234,"column":8},"end":{"line":234,"column":61}},{"start":{"line":235,"column":8},"end":{"line":235,"column":29}}],"line":233},"30":{"loc":{"start":{"line":251,"column":11},"end":{"line":251,"column":57}},"type":"binary-expr","locations":[{"start":{"line":251,"column":11},"end":{"line":251,"column":49}},{"start":{"line":251,"column":53},"end":{"line":251,"column":57}}],"line":251}},"s":{"0":7,"1":7,"2":7,"3":2,"4":7,"5":3,"6":3,"7":3,"8":2,"9":1,"10":1,"11":7,"12":3,"13":3,"14":0,"15":3,"16":3,"17":3,"18":3,"19":3,"20":0,"21":0,"22":7,"23":4,"24":4,"25":4,"26":4,"27":4,"28":1,"29":4,"30":4,"31":1,"32":3,"33":3,"34":0,"35":3,"36":3,"37":3,"38":3,"39":3,"40":3,"41":3,"42":2,"43":2,"44":0,"45":2,"46":0,"47":2,"48":0,"49":3,"50":3,"51":2,"52":0,"53":3,"54":0,"55":0,"56":7,"57":3,"58":3,"59":0,"60":0,"61":3,"62":3,"63":3,"64":0,"65":0,"66":7,"67":8,"68":8,"69":8,"70":8,"71":8,"72":8,"73":6,"74":2,"75":0,"76":2,"77":6,"78":10,"79":0,"80":0,"81":7,"82":1,"83":1,"84":1,"85":2,"86":0,"87":0,"88":7,"89":1,"90":1,"91":1,"92":1,"93":0,"94":0,"95":7,"96":24,"97":7},"f":{"0":2,"1":3,"2":3,"3":3,"4":4,"5":2,"6":0,"7":3,"8":8,"9":0,"10":10,"11":1,"12":2,"13":1,"14":1,"15":24},"b":{"0":[0],"1":[3],"2":[0,3],"3":[3,3,0,0],"4":[3,0],"5":[1,3],"6":[3,0],"7":[3,1],"8":[1,3],"9":[4,2,2],"10":[0,4],"11":[1,3],"12":[0,3],"13":[3,0],"14":[3,0],"15":[2,0],"16":[0,2],"17":[2,1],"18":[3,3],"19":[0,3],"20":[3,2],"21":[3,2],"22":[3,5],"23":[8,0],"24":[2,4],"25":[6,3],"26":[0,2],"27":[3,3],"28":[1,0],"29":[1,0],"30":[1,0]},"_coverageSchema":"1a1c01bbd47fc00a2c39e90264f33305004495a9","hash":"8acf20907ffc71be5f57e9a4aba48607beefd61d"}
,"/Users/oliviervoisin/projects/inventory-processor/utils/error-handler.js": {"path":"/Users/oliviervoisin/projects/inventory-processor/utils/error-handler.js","statementMap":{"0":{"start":{"line":1,"column":15},"end":{"line":1,"column":34}},"1":{"start":{"line":8,"column":4},"end":{"line":8,"column":19}},"2":{"start":{"line":9,"column":4},"end":{"line":9,"column":21}},"3":{"start":{"line":10,"column":4},"end":{"line":10,"column":25}},"4":{"start":{"line":11,"column":4},"end":{"line":11,"column":29}},"5":{"start":{"line":12,"column":4},"end":{"line":12,"column":52}},"6":{"start":{"line":21,"column":4},"end":{"line":21,"column":43}},"7":{"start":{"line":30,"column":4},"end":{"line":30,"column":41}},"8":{"start":{"line":39,"column":4},"end":{"line":39,"column":47}},"9":{"start":{"line":48,"column":4},"end":{"line":48,"column":46}},"10":{"start":{"line":57,"column":4},"end":{"line":57,"column":75}},"11":{"start":{"line":58,"column":4},"end":{"line":58,"column":35}},"12":{"start":{"line":68,"column":2},"end":{"line":68,"column":38}},"13":{"start":{"line":80,"column":17},"end":{"line":80,"column":52}},"14":{"start":{"line":81,"column":18},"end":{"line":81,"column":56}},"15":{"start":{"line":82,"column":20},"end":{"line":82,"column":39}},"16":{"start":{"line":85,"column":2},"end":{"line":91,"column":5}},"17":{"start":{"line":93,"column":2},"end":{"line":96,"column":3}},"18":{"start":{"line":95,"column":4},"end":{"line":95,"column":21}},"19":{"start":{"line":99,"column":2},"end":{"line":103,"column":5}},"20":{"start":{"line":106,"column":0},"end":{"line":116,"column":2}}},"fnMap":{"0":{"name":"(anonymous_0)","decl":{"start":{"line":7,"column":2},"end":{"line":7,"column":3}},"loc":{"start":{"line":7,"column":57},"end":{"line":13,"column":3}},"line":7},"1":{"name":"(anonymous_1)","decl":{"start":{"line":20,"column":2},"end":{"line":20,"column":3}},"loc":{"start":{"line":20,"column":45},"end":{"line":22,"column":3}},"line":20},"2":{"name":"(anonymous_2)","decl":{"start":{"line":29,"column":2},"end":{"line":29,"column":3}},"loc":{"start":{"line":29,"column":46},"end":{"line":31,"column":3}},"line":29},"3":{"name":"(anonymous_3)","decl":{"start":{"line":38,"column":2},"end":{"line":38,"column":3}},"loc":{"start":{"line":38,"column":49},"end":{"line":40,"column":3}},"line":38},"4":{"name":"(anonymous_4)","decl":{"start":{"line":47,"column":2},"end":{"line":47,"column":3}},"loc":{"start":{"line":47,"column":48},"end":{"line":49,"column":3}},"line":47},"5":{"name":"(anonymous_5)","decl":{"start":{"line":56,"column":2},"end":{"line":56,"column":3}},"loc":{"start":{"line":56,"column":79},"end":{"line":59,"column":3}},"line":56},"6":{"name":"createValidationError","decl":{"start":{"line":67,"column":9},"end":{"line":67,"column":30}},"loc":{"start":{"line":67,"column":40},"end":{"line":69,"column":1}},"line":67},"7":{"name":"handleError","decl":{"start":{"line":79,"column":9},"end":{"line":79,"column":20}},"loc":{"start":{"line":79,"column":42},"end":{"line":104,"column":1}},"line":79}},"branchMap":{"0":{"loc":{"start":{"line":7,"column":23},"end":{"line":7,"column":35}},"type":"default-arg","locations":[{"start":{"line":7,"column":32},"end":{"line":7,"column":35}}],"line":7},"1":{"loc":{"start":{"line":7,"column":37},"end":{"line":7,"column":55}},"type":"default-arg","locations":[{"start":{"line":7,"column":44},"end":{"line":7,"column":55}}],"line":7},"2":{"loc":{"start":{"line":20,"column":14},"end":{"line":20,"column":43}},"type":"default-arg","locations":[{"start":{"line":20,"column":24},"end":{"line":20,"column":43}}],"line":20},"3":{"loc":{"start":{"line":29,"column":14},"end":{"line":29,"column":44}},"type":"default-arg","locations":[{"start":{"line":29,"column":24},"end":{"line":29,"column":44}}],"line":29},"4":{"loc":{"start":{"line":38,"column":14},"end":{"line":38,"column":47}},"type":"default-arg","locations":[{"start":{"line":38,"column":24},"end":{"line":38,"column":47}}],"line":38},"5":{"loc":{"start":{"line":47,"column":14},"end":{"line":47,"column":46}},"type":"default-arg","locations":[{"start":{"line":47,"column":24},"end":{"line":47,"column":46}}],"line":47},"6":{"loc":{"start":{"line":56,"column":14},"end":{"line":56,"column":46}},"type":"default-arg","locations":[{"start":{"line":56,"column":28},"end":{"line":56,"column":46}}],"line":56},"7":{"loc":{"start":{"line":56,"column":48},"end":{"line":56,"column":77}},"type":"default-arg","locations":[{"start":{"line":56,"column":58},"end":{"line":56,"column":77}}],"line":56},"8":{"loc":{"start":{"line":80,"column":17},"end":{"line":80,"column":52}},"type":"binary-expr","locations":[{"start":{"line":80,"column":17},"end":{"line":80,"column":27}},{"start":{"line":80,"column":31},"end":{"line":80,"column":45}},{"start":{"line":80,"column":49},"end":{"line":80,"column":52}}],"line":80},"9":{"loc":{"start":{"line":81,"column":18},"end":{"line":81,"column":56}},"type":"binary-expr","locations":[{"start":{"line":81,"column":18},"end":{"line":81,"column":29}},{"start":{"line":81,"column":33},"end":{"line":81,"column":56}}],"line":81},"10":{"loc":{"start":{"line":82,"column":20},"end":{"line":82,"column":39}},"type":"binary-expr","locations":[{"start":{"line":82,"column":20},"end":{"line":82,"column":28}},{"start":{"line":82,"column":32},"end":{"line":82,"column":39}}],"line":82},"11":{"loc":{"start":{"line":86,"column":10},"end":{"line":86,"column":38}},"type":"binary-expr","locations":[{"start":{"line":86,"column":10},"end":{"line":86,"column":26}},{"start":{"line":86,"column":30},"end":{"line":86,"column":38}}],"line":86},"12":{"loc":{"start":{"line":93,"column":2},"end":{"line":96,"column":3}},"type":"if","locations":[{"start":{"line":93,"column":2},"end":{"line":96,"column":3}},{"start":{},"end":{}}],"line":93}},"s":{"0":48,"1":22,"2":22,"3":22,"4":22,"5":22,"6":9,"7":3,"8":1,"9":1,"10":7,"11":7,"12":1,"13":9,"14":9,"15":9,"16":9,"17":9,"18":2,"19":7,"20":48},"f":{"0":22,"1":9,"2":3,"3":1,"4":1,"5":7,"6":1,"7":9},"b":{"0":[0],"1":[0],"2":[0],"3":[0],"4":[0],"5":[0],"6":[1],"7":[0],"8":[9,6,6],"9":[9,2],"10":[9,1],"11":[9,3],"12":[2,7]},"_coverageSchema":"1a1c01bbd47fc00a2c39e90264f33305004495a9","hash":"ea129727693d5c5cf1588261e14b5dbde3508e54"}
,"/Users/oliviervoisin/projects/inventory-processor/utils/logger.js": {"path":"/Users/oliviervoisin/projects/inventory-processor/utils/logger.js","statementMap":{"0":{"start":{"line":7,"column":15},"end":{"line":25,"column":1}},"1":{"start":{"line":9,"column":4},"end":{"line":9,"column":37}},"2":{"start":{"line":13,"column":4},"end":{"line":13,"column":40}},"3":{"start":{"line":17,"column":4},"end":{"line":17,"column":38}},"4":{"start":{"line":21,"column":4},"end":{"line":23,"column":5}},"5":{"start":{"line":22,"column":6},"end":{"line":22,"column":42}},"6":{"start":{"line":27,"column":0},"end":{"line":27,"column":24}}},"fnMap":{"0":{"name":"(anonymous_0)","decl":{"start":{"line":8,"column":8},"end":{"line":8,"column":9}},"loc":{"start":{"line":8,"column":37},"end":{"line":10,"column":3}},"line":8},"1":{"name":"(anonymous_1)","decl":{"start":{"line":12,"column":9},"end":{"line":12,"column":10}},"loc":{"start":{"line":12,"column":38},"end":{"line":14,"column":3}},"line":12},"2":{"name":"(anonymous_2)","decl":{"start":{"line":16,"column":8},"end":{"line":16,"column":9}},"loc":{"start":{"line":16,"column":37},"end":{"line":18,"column":3}},"line":16},"3":{"name":"(anonymous_3)","decl":{"start":{"line":20,"column":9},"end":{"line":20,"column":10}},"loc":{"start":{"line":20,"column":38},"end":{"line":24,"column":3}},"line":20}},"branchMap":{"0":{"loc":{"start":{"line":8,"column":26},"end":{"line":8,"column":35}},"type":"default-arg","locations":[{"start":{"line":8,"column":33},"end":{"line":8,"column":35}}],"line":8},"1":{"loc":{"start":{"line":12,"column":27},"end":{"line":12,"column":36}},"type":"default-arg","locations":[{"start":{"line":12,"column":34},"end":{"line":12,"column":36}}],"line":12},"2":{"loc":{"start":{"line":16,"column":26},"end":{"line":16,"column":35}},"type":"default-arg","locations":[{"start":{"line":16,"column":33},"end":{"line":16,"column":35}}],"line":16},"3":{"loc":{"start":{"line":20,"column":27},"end":{"line":20,"column":36}},"type":"default-arg","locations":[{"start":{"line":20,"column":34},"end":{"line":20,"column":36}}],"line":20},"4":{"loc":{"start":{"line":21,"column":4},"end":{"line":23,"column":5}},"type":"if","locations":[{"start":{"line":21,"column":4},"end":{"line":23,"column":5}},{"start":{},"end":{}}],"line":21}},"s":{"0":20,"1":26,"2":6,"3":2,"4":13,"5":1,"6":20},"f":{"0":26,"1":6,"2":2,"3":13},"b":{"0":[15],"1":[5],"2":[2],"3":[13],"4":[1,12]},"_coverageSchema":"1a1c01bbd47fc00a2c39e90264f33305004495a9","hash":"8d37a8806d02a3595e56b379a24c3d0c2857a69b"}
,"/Users/oliviervoisin/projects/inventory-processor/utils/monitoring.js": {"path":"/Users/oliviervoisin/projects/inventory-processor/utils/monitoring.js","statementMap":{"0":{"start":{"line":4,"column":11},"end":{"line":4,"column":24}},"1":{"start":{"line":5,"column":15},"end":{"line":5,"column":34}},"2":{"start":{"line":8,"column":16},"end":{"line":12,"column":1}},"3":{"start":{"line":21,"column":2},"end":{"line":28,"column":3}},"4":{"start":{"line":22,"column":4},"end":{"line":27,"column":6}},"5":{"start":{"line":30,"column":2},"end":{"line":30,"column":37}},"6":{"start":{"line":31,"column":2},"end":{"line":33,"column":3}},"7":{"start":{"line":32,"column":4},"end":{"line":32,"column":40}},"8":{"start":{"line":35,"column":2},"end":{"line":35,"column":55}},"9":{"start":{"line":36,"column":2},"end":{"line":37,"column":80}},"10":{"start":{"line":39,"column":2},"end":{"line":39,"column":88}},"11":{"start":{"line":43,"column":23},"end":{"line":43,"column":36}},"12":{"start":{"line":51,"column":2},"end":{"line":53,"column":3}},"13":{"start":{"line":52,"column":4},"end":{"line":52,"column":34}},"14":{"start":{"line":55,"column":2},"end":{"line":55,"column":30}},"15":{"start":{"line":56,"column":2},"end":{"line":56,"column":65}},"16":{"start":{"line":64,"column":19},"end":{"line":64,"column":32}},"17":{"start":{"line":65,"column":18},"end":{"line":65,"column":30}},"18":{"start":{"line":66,"column":18},"end":{"line":66,"column":36}},"19":{"start":{"line":67,"column":25},"end":{"line":67,"column":51}},"20":{"start":{"line":69,"column":2},"end":{"line":83,"column":4}},"21":{"start":{"line":90,"column":17},"end":{"line":90,"column":34}},"22":{"start":{"line":93,"column":2},"end":{"line":95,"column":3}},"23":{"start":{"line":94,"column":4},"end":{"line":94,"column":82}},"24":{"start":{"line":98,"column":2},"end":{"line":100,"column":3}},"25":{"start":{"line":99,"column":4},"end":{"line":99,"column":64}},"26":{"start":{"line":103,"column":2},"end":{"line":110,"column":3}},"27":{"start":{"line":104,"column":25},"end":{"line":104,"column":57}},"28":{"start":{"line":105,"column":4},"end":{"line":107,"column":5}},"29":{"start":{"line":106,"column":6},"end":{"line":106,"column":82}},"30":{"start":{"line":117,"column":2},"end":{"line":117,"column":77}},"31":{"start":{"line":117,"column":47},"end":{"line":117,"column":75}},"32":{"start":{"line":118,"column":2},"end":{"line":118,"column":73}},"33":{"start":{"line":118,"column":45},"end":{"line":118,"column":71}},"34":{"start":{"line":119,"column":2},"end":{"line":119,"column":33}},"35":{"start":{"line":127,"column":2},"end":{"line":127,"column":17}},"36":{"start":{"line":130,"column":0},"end":{"line":138,"column":2}}},"fnMap":{"0":{"name":"recordApiCall","decl":{"start":{"line":20,"column":9},"end":{"line":20,"column":22}},"loc":{"start":{"line":20,"column":55},"end":{"line":40,"column":1}},"line":20},"1":{"name":"recordError","decl":{"start":{"line":50,"column":9},"end":{"line":50,"column":20}},"loc":{"start":{"line":50,"column":51},"end":{"line":57,"column":1}},"line":50},"2":{"name":"getSystemStatus","decl":{"start":{"line":63,"column":9},"end":{"line":63,"column":24}},"loc":{"start":{"line":63,"column":27},"end":{"line":84,"column":1}},"line":63},"3":{"name":"checkThresholds","decl":{"start":{"line":89,"column":9},"end":{"line":89,"column":24}},"loc":{"start":{"line":89,"column":27},"end":{"line":111,"column":1}},"line":89},"4":{"name":"resetMetrics","decl":{"start":{"line":116,"column":9},"end":{"line":116,"column":21}},"loc":{"start":{"line":116,"column":24},"end":{"line":120,"column":1}},"line":116},"5":{"name":"(anonymous_5)","decl":{"start":{"line":117,"column":40},"end":{"line":117,"column":41}},"loc":{"start":{"line":117,"column":47},"end":{"line":117,"column":75}},"line":117},"6":{"name":"(anonymous_6)","decl":{"start":{"line":118,"column":38},"end":{"line":118,"column":39}},"loc":{"start":{"line":118,"column":45},"end":{"line":118,"column":71}},"line":118},"7":{"name":"getMetrics","decl":{"start":{"line":126,"column":9},"end":{"line":126,"column":19}},"loc":{"start":{"line":126,"column":22},"end":{"line":128,"column":1}},"line":126}},"branchMap":{"0":{"loc":{"start":{"line":21,"column":2},"end":{"line":28,"column":3}},"type":"if","locations":[{"start":{"line":21,"column":2},"end":{"line":28,"column":3}},{"start":{},"end":{}}],"line":21},"1":{"loc":{"start":{"line":31,"column":2},"end":{"line":33,"column":3}},"type":"if","locations":[{"start":{"line":31,"column":2},"end":{"line":33,"column":3}},{"start":{},"end":{}}],"line":31},"2":{"loc":{"start":{"line":50,"column":28},"end":{"line":50,"column":49}},"type":"default-arg","locations":[{"start":{"line":50,"column":40},"end":{"line":50,"column":49}}],"line":50},"3":{"loc":{"start":{"line":51,"column":2},"end":{"line":53,"column":3}},"type":"if","locations":[{"start":{"line":51,"column":2},"end":{"line":53,"column":3}},{"start":{},"end":{}}],"line":51},"4":{"loc":{"start":{"line":93,"column":2},"end":{"line":95,"column":3}},"type":"if","locations":[{"start":{"line":93,"column":2},"end":{"line":95,"column":3}},{"start":{},"end":{}}],"line":93},"5":{"loc":{"start":{"line":98,"column":2},"end":{"line":100,"column":3}},"type":"if","locations":[{"start":{"line":98,"column":2},"end":{"line":100,"column":3}},{"start":{},"end":{}}],"line":98},"6":{"loc":{"start":{"line":105,"column":4},"end":{"line":107,"column":5}},"type":"if","locations":[{"start":{"line":105,"column":4},"end":{"line":107,"column":5}},{"start":{},"end":{}}],"line":105}},"s":{"0":4,"1":4,"2":4,"3":17,"4":7,"5":17,"6":17,"7":10,"8":17,"9":17,"10":17,"11":4,"12":6,"13":5,"14":6,"15":6,"16":4,"17":4,"18":4,"19":4,"20":4,"21":3,"22":3,"23":1,"24":3,"25":2,"26":3,"27":3,"28":3,"29":3,"30":1,"31":1,"32":1,"33":3,"34":1,"35":5,"36":4},"f":{"0":17,"1":6,"2":4,"3":3,"4":1,"5":1,"6":3,"7":5},"b":{"0":[7,10],"1":[10,7],"2":[1],"3":[5,1],"4":[1,2],"5":[2,1],"6":[3,0]},"_coverageSchema":"1a1c01bbd47fc00a2c39e90264f33305004495a9","hash":"eec4bfd6143b133f2a4e1f72cb57ab1e7c6a2817"}
,"/Users/oliviervoisin/projects/inventory-processor/utils/notification.js": {"path":"/Users/oliviervoisin/projects/inventory-processor/utils/notification.js","statementMap":{"0":{"start":{"line":2,"column":0},"end":{"line":8,"column":2}},"1":{"start":{"line":3,"column":26},"end":{"line":3,"column":43}},"2":{"start":{"line":4,"column":24},"end":{"line":4,"column":41}},"3":{"start":{"line":5,"column":33},"end":{"line":5,"column":50}},"4":{"start":{"line":6,"column":28},"end":{"line":6,"column":45}},"5":{"start":{"line":7,"column":28},"end":{"line":7,"column":45}}},"fnMap":{"0":{"name":"(anonymous_0)","decl":{"start":{"line":3,"column":13},"end":{"line":3,"column":14}},"loc":{"start":{"line":3,"column":26},"end":{"line":3,"column":43}},"line":3},"1":{"name":"(anonymous_1)","decl":{"start":{"line":4,"column":11},"end":{"line":4,"column":12}},"loc":{"start":{"line":4,"column":24},"end":{"line":4,"column":41}},"line":4},"2":{"name":"(anonymous_2)","decl":{"start":{"line":5,"column":20},"end":{"line":5,"column":21}},"loc":{"start":{"line":5,"column":33},"end":{"line":5,"column":50}},"line":5},"3":{"name":"(anonymous_3)","decl":{"start":{"line":6,"column":15},"end":{"line":6,"column":16}},"loc":{"start":{"line":6,"column":28},"end":{"line":6,"column":45}},"line":6},"4":{"name":"(anonymous_4)","decl":{"start":{"line":7,"column":15},"end":{"line":7,"column":16}},"loc":{"start":{"line":7,"column":28},"end":{"line":7,"column":45}},"line":7}},"branchMap":{},"s":{"0":1,"1":0,"2":0,"3":0,"4":1,"5":0},"f":{"0":0,"1":0,"2":0,"3":1,"4":0},"b":{},"_coverageSchema":"1a1c01bbd47fc00a2c39e90264f33305004495a9","hash":"22425e495d7485df05e23ebea660087286cfa0fb"}
}
