{"total": {"lines":{"total":1001,"covered":376,"skipped":0,"pct":37.56},"statements":{"total":1024,"covered":378,"skipped":0,"pct":36.91},"functions":{"total":142,"covered":50,"skipped":0,"pct":35.21},"branches":{"total":528,"covered":146,"skipped":0,"pct":27.65},"branchesTrue":{"total":0,"covered":0,"skipped":0,"pct":100}}
,"/Users/oliviervoisin/projects/inventory-processor/config.js": {"lines":{"total":3,"covered":3,"skipped":0,"pct":100},"functions":{"total":0,"covered":0,"skipped":0,"pct":100},"statements":{"total":3,"covered":3,"skipped":0,"pct":100},"branches":{"total":32,"covered":28,"skipped":0,"pct":87.5}}
,"/Users/oliviervoisin/projects/inventory-processor/__tests__/mocks/database-utils.js": {"lines":{"total":27,"covered":9,"skipped":0,"pct":33.33},"functions":{"total":12,"covered":3,"skipped":0,"pct":25},"statements":{"total":27,"covered":9,"skipped":0,"pct":33.33},"branches":{"total":44,"covered":7,"skipped":0,"pct":15.9}}
,"/Users/oliviervoisin/projects/inventory-processor/__tests__/mocks/deepgram.js": {"lines":{"total":3,"covered":3,"skipped":0,"pct":100},"functions":{"total":1,"covered":1,"skipped":0,"pct":100},"statements":{"total":3,"covered":3,"skipped":0,"pct":100},"branches":{"total":0,"covered":0,"skipped":0,"pct":100}}
,"/Users/oliviervoisin/projects/inventory-processor/__tests__/mocks/google-sheets-mock.js": {"lines":{"total":10,"covered":6,"skipped":0,"pct":60},"functions":{"total":3,"covered":1,"skipped":0,"pct":33.33},"statements":{"total":10,"covered":6,"skipped":0,"pct":60},"branches":{"total":0,"covered":0,"skipped":0,"pct":100}}
,"/Users/oliviervoisin/projects/inventory-processor/middleware/auth.js": {"lines":{"total":48,"covered":1,"skipped":0,"pct":2.08},"functions":{"total":6,"covered":0,"skipped":0,"pct":0},"statements":{"total":49,"covered":1,"skipped":0,"pct":2.04},"branches":{"total":38,"covered":0,"skipped":0,"pct":0}}
,"/Users/oliviervoisin/projects/inventory-processor/middleware/common.js": {"lines":{"total":31,"covered":7,"skipped":0,"pct":22.58},"functions":{"total":8,"covered":0,"skipped":0,"pct":0},"statements":{"total":33,"covered":7,"skipped":0,"pct":21.21},"branches":{"total":13,"covered":0,"skipped":0,"pct":0}}
,"/Users/oliviervoisin/projects/inventory-processor/middleware/validation.js": {"lines":{"total":31,"covered":21,"skipped":0,"pct":67.74},"functions":{"total":7,"covered":4,"skipped":0,"pct":57.14},"statements":{"total":31,"covered":21,"skipped":0,"pct":67.74},"branches":{"total":15,"covered":12,"skipped":0,"pct":80}}
,"/Users/oliviervoisin/projects/inventory-processor/modules/google-sheets.js": {"lines":{"total":111,"covered":26,"skipped":0,"pct":23.42},"functions":{"total":23,"covered":5,"skipped":0,"pct":21.73},"statements":{"total":117,"covered":26,"skipped":0,"pct":22.22},"branches":{"total":42,"covered":5,"skipped":0,"pct":11.9}}
,"/Users/oliviervoisin/projects/inventory-processor/modules/invoice-processor.js": {"lines":{"total":194,"covered":3,"skipped":0,"pct":1.54},"functions":{"total":20,"covered":0,"skipped":0,"pct":0},"statements":{"total":204,"covered":3,"skipped":0,"pct":1.47},"branches":{"total":104,"covered":0,"skipped":0,"pct":0}}
,"/Users/oliviervoisin/projects/inventory-processor/modules/invoice-service.js": {"lines":{"total":45,"covered":41,"skipped":0,"pct":91.11},"functions":{"total":4,"covered":4,"skipped":0,"pct":100},"statements":{"total":46,"covered":42,"skipped":0,"pct":91.3},"branches":{"total":8,"covered":6,"skipped":0,"pct":75}}
,"/Users/oliviervoisin/projects/inventory-processor/modules/translation-service.js": {"lines":{"total":63,"covered":25,"skipped":0,"pct":39.68},"functions":{"total":5,"covered":3,"skipped":0,"pct":60},"statements":{"total":63,"covered":25,"skipped":0,"pct":39.68},"branches":{"total":46,"covered":17,"skipped":0,"pct":36.95}}
,"/Users/oliviervoisin/projects/inventory-processor/modules/voice-processor.js": {"lines":{"total":105,"covered":49,"skipped":0,"pct":46.66},"functions":{"total":9,"covered":4,"skipped":0,"pct":44.44},"statements":{"total":107,"covered":50,"skipped":0,"pct":46.72},"branches":{"total":48,"covered":7,"skipped":0,"pct":14.58}}
,"/Users/oliviervoisin/projects/inventory-processor/modules/voice-workflow.js": {"lines":{"total":35,"covered":32,"skipped":0,"pct":91.42},"functions":{"total":1,"covered":1,"skipped":0,"pct":100},"statements":{"total":35,"covered":32,"skipped":0,"pct":91.42},"branches":{"total":18,"covered":14,"skipped":0,"pct":77.77}}
,"/Users/oliviervoisin/projects/inventory-processor/routes/health.js": {"lines":{"total":15,"covered":13,"skipped":0,"pct":86.66},"functions":{"total":2,"covered":2,"skipped":0,"pct":100},"statements":{"total":15,"covered":13,"skipped":0,"pct":86.66},"branches":{"total":0,"covered":0,"skipped":0,"pct":100}}
,"/Users/oliviervoisin/projects/inventory-processor/routes/inventory-routes.js": {"lines":{"total":62,"covered":42,"skipped":0,"pct":67.74},"functions":{"total":5,"covered":5,"skipped":0,"pct":100},"statements":{"total":62,"covered":42,"skipped":0,"pct":67.74},"branches":{"total":34,"covered":23,"skipped":0,"pct":67.64}}
,"/Users/oliviervoisin/projects/inventory-processor/routes/invoice-routes.js": {"lines":{"total":60,"covered":37,"skipped":0,"pct":61.66},"functions":{"total":7,"covered":4,"skipped":0,"pct":57.14},"statements":{"total":60,"covered":37,"skipped":0,"pct":61.66},"branches":{"total":16,"covered":11,"skipped":0,"pct":68.75}}
,"/Users/oliviervoisin/projects/inventory-processor/routes/voice-routes.js": {"lines":{"total":63,"covered":12,"skipped":0,"pct":19.04},"functions":{"total":7,"covered":0,"skipped":0,"pct":0},"statements":{"total":63,"covered":12,"skipped":0,"pct":19.04},"branches":{"total":16,"covered":0,"skipped":0,"pct":0}}
,"/Users/oliviervoisin/projects/inventory-processor/utils/database-utils.js": {"lines":{"total":25,"covered":11,"skipped":0,"pct":44},"functions":{"total":5,"covered":3,"skipped":0,"pct":60},"statements":{"total":26,"covered":11,"skipped":0,"pct":42.3},"branches":{"total":18,"covered":3,"skipped":0,"pct":16.66}}
,"/Users/oliviervoisin/projects/inventory-processor/utils/error-handler.js": {"lines":{"total":48,"covered":13,"skipped":0,"pct":27.08},"functions":{"total":10,"covered":3,"skipped":0,"pct":30},"statements":{"total":48,"covered":13,"skipped":0,"pct":27.08},"branches":{"total":24,"covered":1,"skipped":0,"pct":4.16}}
,"/Users/oliviervoisin/projects/inventory-processor/utils/logger.js": {"lines":{"total":10,"covered":10,"skipped":0,"pct":100},"functions":{"total":4,"covered":4,"skipped":0,"pct":100},"statements":{"total":10,"covered":10,"skipped":0,"pct":100},"branches":{"total":10,"covered":10,"skipped":0,"pct":100}}
,"/Users/oliviervoisin/projects/inventory-processor/utils/monitoring.js": {"lines":{"total":12,"covered":12,"skipped":0,"pct":100},"functions":{"total":3,"covered":3,"skipped":0,"pct":100},"statements":{"total":12,"covered":12,"skipped":0,"pct":100},"branches":{"total":2,"covered":2,"skipped":0,"pct":100}}
}
