TN:
SF:middleware/auth.js
FN:7,validateApiKey
FNF:1
FNH:0
FNDA:0,validateApiKey
DA:8,0
DA:9,0
DA:11,0
DA:12,0
DA:18,0
DA:19,0
DA:25,0
DA:28,0
LF:8
LH:0
BRDA:11,0,0,0
BRDA:11,0,1,0
BRDA:18,1,0,0
BRDA:18,1,1,0
BRF:4
BRH:0
end_of_record
TN:
SF:middleware/common.js
FN:10,(anonymous_0)
FN:20,(anonymous_1)
FN:37,(anonymous_2)
FN:38,(anonymous_3)
FN:42,(anonymous_4)
FN:43,(anonymous_5)
FN:55,(anonymous_6)
FN:60,(anonymous_7)
FNF:8
FNH:0
FNDA:0,(anonymous_0)
FNDA:0,(anonymous_1)
FNDA:0,(anonymous_2)
FNDA:0,(anonymous_3)
FNDA:0,(anonymous_4)
FNDA:0,(anonymous_5)
FNDA:0,(anonymous_6)
FNDA:0,(anonymous_7)
DA:3,0
DA:4,0
DA:5,0
DA:10,0
DA:11,0
DA:12,0
DA:14,0
DA:17,0
DA:20,0
DA:21,0
DA:22,0
DA:25,0
DA:26,0
DA:30,0
DA:37,0
DA:38,0
DA:39,0
DA:41,0
DA:42,0
DA:43,0
DA:45,0
DA:47,0
DA:55,0
DA:57,0
DA:60,0
DA:62,0
DA:63,0
DA:67,0
DA:75,0
DA:78,0
DA:81,0
LF:31
LH:0
BRDA:11,0,0,0
BRDA:11,0,1,0
BRDA:25,1,0,0
BRDA:25,1,1,0
BRDA:41,2,0,0
BRDA:41,2,1,0
BRDA:41,3,0,0
BRDA:41,3,1,0
BRDA:62,4,0,0
BRDA:62,4,1,0
BRDA:62,5,0,0
BRDA:62,5,1,0
BRDA:62,5,2,0
BRF:13
BRH:0
end_of_record
TN:
SF:middleware/error-handler.js
FN:8,errorHandler
FNF:1
FNH:0
FNDA:0,errorHandler
DA:10,0
DA:13,0
DA:14,0
DA:17,0
DA:18,0
DA:25,0
DA:31,0
LF:7
LH:0
BRDA:13,0,0,0
BRDA:13,0,1,0
BRDA:14,1,0,0
BRDA:14,1,1,0
BRDA:17,2,0,0
BRDA:17,2,1,0
BRF:6
BRH:0
end_of_record
TN:
SF:middleware/validation.js
FN:11,validateRequestBody
FN:12,(anonymous_1)
FN:13,(anonymous_2)
FN:29,validateQueryParams
FN:30,(anonymous_4)
FN:31,(anonymous_5)
FNF:6
FNH:0
FNDA:0,validateRequestBody
FNDA:0,(anonymous_1)
FNDA:0,(anonymous_2)
FNDA:0,validateQueryParams
FNDA:0,(anonymous_4)
FNDA:0,(anonymous_5)
DA:4,0
DA:12,0
DA:13,0
DA:15,0
DA:16,0
DA:17,0
DA:20,0
DA:30,0
DA:31,0
DA:33,0
DA:34,0
DA:35,0
DA:38,0
DA:42,0
LF:14
LH:0
BRDA:13,0,0,0
BRDA:13,0,1,0
BRDA:15,1,0,0
BRDA:15,1,1,0
BRDA:31,2,0,0
BRDA:31,2,1,0
BRDA:33,3,0,0
BRDA:33,3,1,0
BRF:8
BRH:0
end_of_record
TN:
SF:modules/google-apps-connector.js
FN:20,(anonymous_0)
FN:36,(anonymous_1)
FN:53,(anonymous_2)
FN:66,(anonymous_3)
FN:121,(anonymous_4)
FN:177,(anonymous_5)
FNF:6
FNH:0
FNDA:0,(anonymous_0)
FNDA:0,(anonymous_1)
FNDA:0,(anonymous_2)
FNDA:0,(anonymous_3)
FNDA:0,(anonymous_4)
FNDA:0,(anonymous_5)
DA:6,0
DA:7,0
DA:9,0
DA:12,0
DA:21,0
DA:22,0
DA:24,0
DA:25,0
DA:27,0
DA:37,0
DA:38,0
DA:40,0
DA:41,0
DA:43,0
DA:46,0
DA:54,0
DA:55,0
DA:56,0
DA:58,0
DA:67,0
DA:68,0
DA:69,0
DA:72,0
DA:74,0
DA:90,0
DA:91,0
DA:92,0
DA:98,0
DA:99,0
DA:106,0
DA:108,0
DA:122,0
DA:123,0
DA:124,0
DA:127,0
DA:129,0
DA:145,0
DA:146,0
DA:147,0
DA:153,0
DA:154,0
DA:161,0
DA:163,0
DA:178,0
DA:179,0
DA:180,0
DA:183,0
DA:184,0
DA:187,0
DA:189,0
DA:205,0
DA:206,0
DA:207,0
DA:213,0
DA:214,0
DA:221,0
DA:223,0
DA:233,0
DA:235,0
LF:59
LH:0
BRDA:20,0,0,0
BRDA:22,1,0,0
BRDA:22,1,1,0
BRDA:24,2,0,0
BRDA:24,2,1,0
BRDA:36,3,0,0
BRDA:38,4,0,0
BRDA:38,4,1,0
BRDA:40,5,0,0
BRDA:40,5,1,0
BRDA:54,6,0,0
BRDA:54,6,1,0
BRDA:68,7,0,0
BRDA:68,7,1,0
BRDA:90,8,0,0
BRDA:90,8,1,0
BRDA:95,9,0,0
BRDA:95,9,1,0
BRDA:101,10,0,0
BRDA:101,10,1,0
BRDA:102,11,0,0
BRDA:102,11,1,0
BRDA:111,12,0,0
BRDA:111,12,1,0
BRDA:121,13,0,0
BRDA:123,14,0,0
BRDA:123,14,1,0
BRDA:145,15,0,0
BRDA:145,15,1,0
BRDA:146,16,0,0
BRDA:146,16,1,0
BRDA:150,17,0,0
BRDA:150,17,1,0
BRDA:156,18,0,0
BRDA:156,18,1,0
BRDA:157,19,0,0
BRDA:157,19,1,0
BRDA:166,20,0,0
BRDA:166,20,1,0
BRDA:177,21,0,0
BRDA:179,22,0,0
BRDA:179,22,1,0
BRDA:183,23,0,0
BRDA:183,23,1,0
BRDA:205,24,0,0
BRDA:205,24,1,0
BRDA:216,25,0,0
BRDA:216,25,1,0
BRDA:217,26,0,0
BRDA:217,26,1,0
BRDA:226,27,0,0
BRDA:226,27,1,0
BRF:52
BRH:0
end_of_record
TN:
SF:modules/google-sheets.js
FN:13,getInventory
FN:31,updateInventory
FN:48,addInventoryItem
FN:65,deleteInventoryItem
FNF:4
FNH:0
FNDA:0,getInventory
FNDA:0,updateInventory
FNDA:0,addInventoryItem
FNDA:0,deleteInventoryItem
DA:5,0
DA:6,0
DA:7,0
DA:14,0
DA:16,0
DA:21,0
DA:22,0
DA:32,0
DA:35,0
DA:36,0
DA:38,0
DA:39,0
DA:49,0
DA:52,0
DA:53,0
DA:55,0
DA:56,0
DA:66,0
DA:69,0
DA:70,0
DA:72,0
DA:73,0
DA:77,0
LF:23
LH:0
BRF:0
BRH:0
end_of_record
TN:
SF:modules/invoice-processor.js
FN:11,extractInvoiceData
FN:39,processInvoice
FNF:2
FNH:0
FNDA:0,extractInvoiceData
FNDA:0,processInvoice
DA:2,0
DA:3,0
DA:4,0
DA:12,0
DA:14,0
DA:17,0
DA:22,0
DA:28,0
DA:29,0
DA:41,0
DA:52,0
LF:11
LH:0
BRF:0
BRH:0
end_of_record
TN:
SF:modules/invoice-service.js
FN:15,processInvoices
FN:24,(anonymous_1)
FN:60,(anonymous_2)
FN:100,processSingleInvoice
FNF:4
FNH:0
FNDA:0,processInvoices
FNDA:0,(anonymous_1)
FNDA:0,(anonymous_2)
FNDA:0,processSingleInvoice
DA:2,0
DA:3,0
DA:4,0
DA:5,0
DA:6,0
DA:7,0
DA:16,0
DA:18,0
DA:20,0
DA:23,0
DA:24,0
DA:26,0
DA:27,0
DA:28,0
DA:35,0
DA:36,0
DA:39,0
DA:40,0
DA:41,0
DA:43,0
DA:45,0
DA:46,0
DA:49,0
DA:57,0
DA:60,0
DA:67,0
DA:69,0
DA:71,0
DA:72,0
DA:76,0
DA:78,0
DA:84,0
DA:85,0
DA:101,0
DA:103,0
DA:106,0
DA:107,0
DA:109,0
DA:110,0
DA:113,0
DA:117,0
DA:127,0
DA:129,0
DA:130,0
DA:135,0
LF:45
LH:0
BRDA:26,0,0,0
BRDA:26,0,1,0
BRDA:59,1,0,0
BRDA:59,1,1,0
BRDA:109,2,0,0
BRDA:109,2,1,0
BRDA:113,3,0,0
BRDA:113,3,1,0
BRF:8
BRH:0
end_of_record
TN:
SF:modules/translation-service.js
FN:14,translateText
FN:37,(anonymous_1)
FN:56,translateItems
FN:83,batchTranslate
FNF:4
FNH:0
FNDA:0,translateText
FNDA:0,(anonymous_1)
FNDA:0,translateItems
FNDA:0,batchTranslate
DA:2,0
DA:5,0
DA:16,0
DA:17,0
DA:18,0
DA:21,0
DA:22,0
DA:26,0
DA:36,0
DA:37,0
DA:38,0
DA:42,0
DA:44,0
DA:46,0
DA:47,0
DA:57,0
DA:59,0
DA:60,0
DA:62,0
DA:63,0
DA:65,0
DA:71,0
DA:73,0
DA:74,0
DA:85,0
DA:88,0
LF:26
LH:0
BRDA:14,0,0,0
BRDA:14,1,0,0
BRDA:17,2,0,0
BRDA:17,2,1,0
BRF:4
BRH:0
end_of_record
TN:
SF:modules/voice-processor.js
FN:10,processVoiceFile
FN:39,transcribeAudio
FN:62,extractInventoryData
FN:80,extractInventoryItems
FN:125,parseQuantity
FN:136,capitalizeFirstLetter
FNF:6
FNH:0
FNDA:0,processVoiceFile
FNDA:0,transcribeAudio
FNDA:0,extractInventoryData
FNDA:0,extractInventoryItems
FNDA:0,parseQuantity
FNDA:0,capitalizeFirstLetter
DA:2,0
DA:11,0
DA:13,0
DA:15,0
DA:18,0
DA:21,0
DA:29,0
DA:30,0
DA:40,0
DA:43,0
DA:44,0
DA:51,0
DA:63,0
DA:65,0
DA:72,0
DA:81,0
DA:84,0
DA:85,0
DA:91,0
DA:94,0
DA:95,0
DA:99,0
DA:100,0
DA:101,0
DA:103,0
DA:110,0
DA:111,0
DA:112,0
DA:114,0
DA:121,0
DA:126,0
DA:131,0
DA:132,0
DA:137,0
DA:140,0
LF:35
LH:0
BRDA:10,0,0,0
BRDA:43,1,0,0
BRDA:43,1,1,0
BRDA:84,2,0,0
BRDA:84,2,1,0
BRDA:132,3,0,0
BRDA:132,3,1,0
BRF:7
BRH:0
end_of_record
TN:
SF:modules/voice-workflow.js
FN:14,processVoiceRecording
FNF:1
FNH:0
FNDA:0,processVoiceRecording
DA:2,0
DA:3,0
DA:4,0
DA:5,0
DA:6,0
DA:15,0
DA:18,0
DA:19,0
DA:30,0
DA:32,0
DA:34,0
DA:35,0
DA:36,0
DA:43,0
DA:44,0
DA:47,0
DA:49,0
DA:50,0
DA:51,0
DA:61,0
DA:62,0
DA:64,0
DA:65,0
DA:67,0
DA:68,0
DA:74,0
DA:75,0
DA:80,0
DA:81,0
DA:89,0
DA:90,0
DA:98,0
DA:107,0
DA:108,0
DA:112,0
LF:35
LH:0
BRDA:18,0,0,0
BRDA:18,0,1,0
BRDA:18,1,0,0
BRDA:18,1,1,0
BRDA:34,2,0,0
BRDA:34,2,1,0
BRDA:34,3,0,0
BRDA:34,3,1,0
BRDA:49,4,0,0
BRDA:49,4,1,0
BRDA:67,5,0,0
BRDA:67,5,1,0
BRDA:80,6,0,0
BRDA:80,6,1,0
BRDA:89,7,0,0
BRDA:89,7,1,0
BRDA:104,8,0,0
BRDA:104,8,1,0
BRF:18
BRH:0
end_of_record
TN:
SF:routes/health.js
FN:14,(anonymous_0)
FN:24,(anonymous_1)
FNF:2
FNH:2
FNDA:1,(anonymous_0)
FNDA:1,(anonymous_1)
DA:4,1
DA:5,1
DA:6,1
DA:7,1
DA:14,1
DA:15,1
DA:16,1
DA:24,1
DA:25,1
DA:26,1
DA:27,1
DA:28,1
DA:30,0
DA:31,0
DA:35,1
LF:15
LH:13
BRF:0
BRH:0
end_of_record
TN:
SF:routes/i18n-routes.js
FN:17,(anonymous_0)
FN:48,(anonymous_1)
FN:67,(anonymous_2)
FNF:3
FNH:0
FNDA:0,(anonymous_0)
FNDA:0,(anonymous_1)
FNDA:0,(anonymous_2)
DA:5,0
DA:12,0
DA:14,0
DA:17,0
DA:18,0
DA:19,0
DA:22,0
DA:23,0
DA:31,0
DA:33,0
DA:39,0
DA:48,0
DA:49,0
DA:50,0
DA:52,0
DA:58,0
DA:67,0
DA:68,0
DA:69,0
DA:70,0
DA:71,0
DA:74,0
DA:75,0
DA:83,0
DA:85,0
DA:92,0
DA:100,0
LF:27
LH:0
BRDA:19,0,0,0
BRDA:19,0,1,0
BRDA:22,1,0,0
BRDA:22,1,1,0
BRDA:70,2,0,0
BRDA:70,2,1,0
BRDA:71,3,0,0
BRDA:71,3,1,0
BRDA:74,4,0,0
BRDA:74,4,1,0
BRF:10
BRH:0
end_of_record
TN:
SF:routes/inventory-routes.js
FN:17,(anonymous_0)
FN:35,(anonymous_1)
FN:62,(anonymous_2)
FNF:3
FNH:3
FNDA:1,(anonymous_0)
FNDA:1,(anonymous_1)
FNDA:1,(anonymous_2)
DA:4,2
DA:5,2
DA:6,2
DA:7,2
DA:8,2
DA:9,2
DA:10,2
DA:17,2
DA:18,1
DA:19,1
DA:20,1
DA:22,1
DA:23,1
DA:25,0
DA:26,0
DA:35,2
DA:36,1
DA:37,1
DA:39,1
DA:40,0
DA:43,1
DA:44,1
DA:46,1
DA:47,1
DA:49,0
DA:50,0
DA:59,2
DA:63,1
DA:64,1
DA:66,1
DA:67,0
DA:70,1
DA:71,1
DA:73,1
DA:74,1
DA:76,0
DA:77,0
DA:82,2
LF:38
LH:30
BRDA:39,0,0,0
BRDA:39,0,1,1
BRDA:66,1,0,0
BRDA:66,1,1,1
BRF:4
BRH:2
end_of_record
TN:
SF:routes/invoice-routes.js
FN:14,(anonymous_0)
FN:24,(anonymous_1)
FN:33,(anonymous_2)
FN:46,(anonymous_3)
FN:74,(anonymous_4)
FN:109,(anonymous_5)
FNF:6
FNH:0
FNDA:0,(anonymous_0)
FNDA:0,(anonymous_1)
FNDA:0,(anonymous_2)
FNDA:0,(anonymous_3)
FNDA:0,(anonymous_4)
FNDA:0,(anonymous_5)
DA:4,0
DA:5,0
DA:6,0
DA:7,0
DA:8,0
DA:9,0
DA:10,0
DA:13,0
DA:15,0
DA:17,0
DA:18,0
DA:19,0
DA:21,0
DA:25,0
DA:26,0
DA:30,0
DA:34,0
DA:35,0
DA:37,0
DA:38,0
DA:40,0
DA:46,0
DA:47,0
DA:48,0
DA:51,0
DA:64,0
DA:66,0
DA:74,0
DA:75,0
DA:76,0
DA:77,0
DA:83,0
DA:85,0
DA:86,0
DA:92,0
DA:94,0
DA:99,0
DA:101,0
DA:109,0
DA:110,0
DA:111,0
DA:113,0
DA:114,0
DA:120,0
DA:122,0
DA:127,0
DA:129,0
DA:136,0
LF:48
LH:0
BRDA:37,0,0,0
BRDA:37,0,1,0
BRDA:76,1,0,0
BRDA:76,1,1,0
BRDA:85,2,0,0
BRDA:85,2,1,0
BRDA:113,3,0,0
BRDA:113,3,1,0
BRDA:113,4,0,0
BRDA:113,4,1,0
BRF:10
BRH:0
end_of_record
TN:
SF:routes/invoice-routes.test.js
FN:2,(anonymous_0)
FN:14,(anonymous_1)
FN:15,(anonymous_2)
FN:16,(anonymous_3)
FN:18,(anonymous_4)
FN:26,(anonymous_5)
FN:34,(anonymous_6)
FN:35,(anonymous_7)
FN:51,(anonymous_8)
FN:70,(anonymous_9)
FN:78,(anonymous_10)
FN:83,(anonymous_11)
FN:89,(anonymous_12)
FN:108,(anonymous_13)
FN:114,(anonymous_14)
FN:119,(anonymous_15)
FN:123,(anonymous_16)
FNF:17
FNH:0
FNDA:0,(anonymous_0)
FNDA:0,(anonymous_1)
FNDA:0,(anonymous_2)
FNDA:0,(anonymous_3)
FNDA:0,(anonymous_4)
FNDA:0,(anonymous_5)
FNDA:0,(anonymous_6)
FNDA:0,(anonymous_7)
FNDA:0,(anonymous_8)
FNDA:0,(anonymous_9)
FNDA:0,(anonymous_10)
FNDA:0,(anonymous_11)
FNDA:0,(anonymous_12)
FNDA:0,(anonymous_13)
FNDA:0,(anonymous_14)
FNDA:0,(anonymous_15)
FNDA:0,(anonymous_16)
DA:2,0
DA:3,0
DA:4,0
DA:10,0
DA:14,0
DA:15,0
DA:16,0
DA:18,0
DA:22,0
DA:26,0
DA:34,0
DA:36,0
DA:37,0
DA:45,0
DA:51,0
DA:70,0
DA:78,0
DA:83,0
DA:89,0
DA:90,0
DA:93,0
DA:96,0
DA:97,0
DA:98,0
DA:101,0
DA:102,0
DA:104,0
DA:108,0
DA:111,0
DA:114,0
DA:116,0
DA:119,0
DA:120,0
DA:123,0
DA:125,0
LF:35
LH:0
BRDA:36,0,0,0
BRDA:36,0,1,0
BRF:2
BRH:0
end_of_record
TN:
SF:routes/voice-routes.js
FN:18,(anonymous_0)
FN:28,(anonymous_1)
FN:40,(anonymous_2)
FNF:3
FNH:1
FNDA:0,(anonymous_0)
FNDA:0,(anonymous_1)
FNDA:2,(anonymous_2)
DA:4,1
DA:5,1
DA:6,1
DA:7,1
DA:8,1
DA:9,1
DA:10,1
DA:11,1
DA:12,1
DA:13,1
DA:14,1
DA:17,1
DA:19,0
DA:22,0
DA:23,0
DA:26,0
DA:29,0
DA:33,1
DA:40,1
DA:41,2
DA:42,2
DA:43,0
DA:46,2
DA:47,2
DA:50,2
DA:53,1
DA:54,1
DA:55,1
DA:58,1
DA:65,1
DA:66,1
DA:70,1
LF:32
LH:26
BRDA:19,0,0,0
BRDA:19,0,1,0
BRDA:22,1,0,0
BRDA:22,1,1,0
BRDA:42,2,0,0
BRDA:42,2,1,2
BRDA:53,3,0,1
BRDA:53,3,1,0
BRDA:53,4,0,1
BRDA:53,4,1,1
BRF:10
BRH:4
end_of_record
TN:
SF:routes/voice-routes.test.js
FN:2,(anonymous_0)
FN:14,(anonymous_1)
FN:15,(anonymous_2)
FN:16,(anonymous_3)
FN:18,(anonymous_4)
FN:26,(anonymous_5)
FN:36,(anonymous_6)
FN:41,(anonymous_7)
FN:60,(anonymous_8)
FN:68,(anonymous_9)
FN:73,(anonymous_10)
FN:79,(anonymous_11)
FN:98,(anonymous_12)
FN:104,(anonymous_13)
FN:108,(anonymous_14)
FNF:15
FNH:0
FNDA:0,(anonymous_0)
FNDA:0,(anonymous_1)
FNDA:0,(anonymous_2)
FNDA:0,(anonymous_3)
FNDA:0,(anonymous_4)
FNDA:0,(anonymous_5)
FNDA:0,(anonymous_6)
FNDA:0,(anonymous_7)
FNDA:0,(anonymous_8)
FNDA:0,(anonymous_9)
FNDA:0,(anonymous_10)
FNDA:0,(anonymous_11)
FNDA:0,(anonymous_12)
FNDA:0,(anonymous_13)
FNDA:0,(anonymous_14)
DA:2,0
DA:3,0
DA:4,0
DA:10,0
DA:14,0
DA:15,0
DA:16,0
DA:18,0
DA:22,0
DA:26,0
DA:36,0
DA:41,0
DA:60,0
DA:68,0
DA:73,0
DA:79,0
DA:80,0
DA:83,0
DA:86,0
DA:87,0
DA:88,0
DA:91,0
DA:92,0
DA:94,0
DA:98,0
DA:101,0
DA:104,0
DA:105,0
DA:108,0
DA:109,0
LF:30
LH:0
BRF:0
BRH:0
end_of_record
TN:
SF:utils/database-utils.js
FN:9,findProductByName
FN:42,saveInventoryItems
FN:58,saveUnknownItems
FN:74,saveInvoice
FN:88,addProduct
FN:100,getProducts
FN:116,(anonymous_6)
FN:129,getInventory
FN:150,(anonymous_8)
FN:154,(anonymous_9)
FN:158,(anonymous_10)
FNF:11
FNH:0
FNDA:0,findProductByName
FNDA:0,saveInventoryItems
FNDA:0,saveUnknownItems
FNDA:0,saveInvoice
FNDA:0,addProduct
FNDA:0,getProducts
FNDA:0,(anonymous_6)
FNDA:0,getInventory
FNDA:0,(anonymous_8)
FNDA:0,(anonymous_9)
FNDA:0,(anonymous_10)
DA:2,0
DA:10,0
DA:13,0
DA:14,0
DA:19,0
DA:26,0
DA:28,0
DA:29,0
DA:30,0
DA:34,0
DA:44,0
DA:45,0
DA:47,0
DA:50,0
DA:60,0
DA:61,0
DA:63,0
DA:66,0
DA:76,0
DA:89,0
DA:92,0
DA:101,0
DA:104,0
DA:115,0
DA:116,0
DA:119,0
DA:130,0
DA:133,0
DA:147,0
DA:149,0
DA:150,0
DA:153,0
DA:154,0
DA:157,0
DA:158,0
DA:161,0
DA:164,0
LF:37
LH:0
BRDA:13,0,0,0
BRDA:13,0,1,0
BRDA:29,1,0,0
BRDA:29,1,1,0
BRDA:29,2,0,0
BRDA:29,2,1,0
BRDA:44,3,0,0
BRDA:44,3,1,0
BRDA:44,4,0,0
BRDA:44,4,1,0
BRDA:45,5,0,0
BRDA:45,5,1,0
BRDA:45,6,0,0
BRDA:45,6,1,0
BRDA:60,7,0,0
BRDA:60,7,1,0
BRDA:60,8,0,0
BRDA:60,8,1,0
BRDA:61,9,0,0
BRDA:61,9,1,0
BRDA:61,10,0,0
BRDA:61,10,1,0
BRDA:101,11,0,0
BRDA:101,11,1,0
BRDA:115,12,0,0
BRDA:115,12,1,0
BRDA:130,13,0,0
BRDA:130,13,1,0
BRDA:130,14,0,0
BRDA:130,14,1,0
BRDA:130,15,0,0
BRDA:130,15,1,0
BRDA:149,16,0,0
BRDA:149,16,1,0
BRDA:153,17,0,0
BRDA:153,17,1,0
BRDA:157,18,0,0
BRDA:157,18,1,0
BRF:38
BRH:0
end_of_record
TN:
SF:utils/error-handler.js
FN:10,(anonymous_0)
FN:23,(anonymous_1)
FN:33,(anonymous_2)
FN:42,(anonymous_3)
FN:51,(anonymous_4)
FN:63,(anonymous_5)
FN:72,(anonymous_6)
FN:83,(anonymous_7)
FN:93,asyncHandler
FN:94,(anonymous_9)
FNF:10
FNH:0
FNDA:0,(anonymous_0)
FNDA:0,(anonymous_1)
FNDA:0,(anonymous_2)
FNDA:0,(anonymous_3)
FNDA:0,(anonymous_4)
FNDA:0,(anonymous_5)
FNDA:0,(anonymous_6)
FNDA:0,(anonymous_7)
FNDA:0,asyncHandler
FNDA:0,(anonymous_9)
DA:11,0
DA:12,0
DA:13,0
DA:14,0
DA:15,0
DA:24,0
DA:25,0
DA:34,0
DA:43,0
DA:52,0
DA:53,0
DA:54,0
DA:55,0
DA:64,0
DA:73,0
DA:74,0
DA:75,0
DA:84,0
DA:94,0
DA:95,0
DA:99,0
LF:21
LH:0
BRDA:10,0,0,0
BRDA:23,1,0,0
BRDA:33,2,0,0
BRDA:42,3,0,0
BRDA:51,4,0,0
BRDA:51,5,0,0
BRDA:52,6,0,0
BRDA:52,6,1,0
BRDA:72,7,0,0
BRDA:83,8,0,0
BRF:10
BRH:0
end_of_record
TN:
SF:utils/health.js
FN:15,(anonymous_0)
FN:28,(anonymous_1)
FNF:2
FNH:0
FNDA:0,(anonymous_0)
FNDA:0,(anonymous_1)
DA:3,0
DA:4,0
DA:5,0
DA:6,0
DA:7,0
DA:8,0
DA:9,0
DA:15,0
DA:16,0
DA:28,0
DA:30,0
DA:31,0
DA:43,0
DA:45,0
DA:56,0
DA:62,0
DA:63,0
DA:65,0
DA:66,0
DA:68,0
DA:69,0
DA:71,0
DA:78,0
DA:81,0
DA:84,0
DA:125,0
LF:26
LH:0
BRDA:30,0,0,0
BRDA:30,0,1,0
BRDA:30,1,0,0
BRDA:30,1,1,0
BRDA:43,2,0,0
BRDA:43,2,1,0
BRDA:43,3,0,0
BRDA:43,3,1,0
BRF:8
BRH:0
end_of_record
TN:
SF:utils/i18n.js
FN:111,getCurrentLanguage
FN:136,setLanguage
FN:154,translate
FN:161,(anonymous_3)
FN:172,getAllTranslations
FN:181,getAvailableLanguages
FNF:6
FNH:0
FNDA:0,getCurrentLanguage
FNDA:0,setLanguage
FNDA:0,translate
FNDA:0,(anonymous_3)
FNDA:0,getAllTranslations
FNDA:0,getAvailableLanguages
DA:6,0
DA:7,0
DA:10,0
DA:113,0
DA:115,0
DA:116,0
DA:120,0
DA:121,0
DA:122,0
DA:123,0
DA:128,0
DA:137,0
DA:138,0
DA:141,0
DA:142,0
DA:145,0
DA:155,0
DA:156,0
DA:158,0
DA:161,0
DA:162,0
DA:165,0
DA:173,0
DA:174,0
DA:182,0
DA:185,0
LF:26
LH:0
BRDA:113,0,0,0
BRDA:113,0,1,0
BRDA:115,1,0,0
BRDA:115,1,1,0
BRDA:115,2,0,0
BRDA:115,2,1,0
BRDA:120,3,0,0
BRDA:120,3,1,0
BRDA:122,4,0,0
BRDA:122,4,1,0
BRDA:137,5,0,0
BRDA:137,5,1,0
BRDA:141,6,0,0
BRDA:141,6,1,0
BRDA:154,7,0,0
BRDA:156,8,0,0
BRDA:156,8,1,0
BRDA:158,9,0,0
BRDA:158,9,1,0
BRF:19
BRH:0
end_of_record
TN:
SF:utils/logger.js
FN:7,(anonymous_0)
FN:13,(anonymous_1)
FN:19,(anonymous_2)
FN:25,(anonymous_3)
FNF:4
FNH:0
FNDA:0,(anonymous_0)
FNDA:0,(anonymous_1)
FNDA:0,(anonymous_2)
FNDA:0,(anonymous_3)
DA:6,0
DA:8,0
DA:9,0
DA:14,0
DA:15,0
DA:20,0
DA:21,0
DA:26,0
DA:27,0
DA:32,0
LF:10
LH:0
BRDA:8,0,0,0
BRDA:8,0,1,0
BRDA:14,1,0,0
BRDA:14,1,1,0
BRDA:20,2,0,0
BRDA:20,2,1,0
BRDA:26,3,0,0
BRDA:26,3,1,0
BRDA:26,4,0,0
BRDA:26,4,1,0
BRF:10
BRH:0
end_of_record
TN:
SF:utils/monitoring.js
FN:14,recordApiUsage
FN:27,recordError
FN:37,getSystemHealth
FNF:3
FNH:0
FNDA:0,recordApiUsage
FNDA:0,recordError
FNDA:0,getSystemHealth
DA:4,0
DA:5,0
DA:8,0
DA:15,0
DA:16,0
DA:19,0
DA:30,0
DA:38,0
DA:39,0
DA:44,0
DA:46,0
DA:55,0
LF:12
LH:0
BRDA:15,0,0,0
BRDA:15,0,1,0
BRF:2
BRH:0
end_of_record
TN:
SF:utils/notification.js
FN:3,(anonymous_0)
FN:4,(anonymous_1)
FN:5,(anonymous_2)
FN:6,(anonymous_3)
FN:7,(anonymous_4)
FNF:5
FNH:0
FNDA:0,(anonymous_0)
FNDA:0,(anonymous_1)
FNDA:0,(anonymous_2)
FNDA:0,(anonymous_3)
FNDA:0,(anonymous_4)
DA:2,0
DA:3,0
DA:4,0
DA:5,0
DA:6,0
DA:7,0
LF:6
LH:0
BRF:0
BRH:0
end_of_record
TN:
SF:utils/notifications.js
FN:8,(anonymous_0)
FN:47,(anonymous_1)
FN:99,(anonymous_2)
FN:123,(anonymous_3)
FN:150,(anonymous_4)
FN:167,(anonymous_5)
FNF:6
FNH:0
FNDA:0,(anonymous_0)
FNDA:0,(anonymous_1)
FNDA:0,(anonymous_2)
FNDA:0,(anonymous_3)
FNDA:0,(anonymous_4)
FNDA:0,(anonymous_5)
DA:3,0
DA:4,0
DA:5,0
DA:9,0
DA:12,0
DA:13,0
DA:14,0
DA:17,0
DA:27,0
DA:33,0
DA:34,0
DA:48,0
DA:49,0
DA:53,0
DA:56,0
DA:57,0
DA:58,0
DA:60,0
DA:66,0
DA:73,0
DA:79,0
DA:81,0
DA:88,0
DA:100,0
DA:103,0
DA:113,0
DA:124,0
DA:127,0
DA:140,0
DA:142,0
DA:151,0
DA:153,0
DA:156,0
DA:167,0
DA:168,0
DA:179,0
DA:182,0
DA:193,0
DA:198,0
LF:39
LH:0
BRDA:12,0,0,0
BRDA:12,0,1,0
BRDA:12,1,0,0
BRDA:12,1,1,0
BRDA:47,2,0,0
BRDA:48,3,0,0
BRDA:48,3,1,0
BRDA:57,4,0,0
BRDA:57,4,1,0
BRDA:58,5,0,0
BRDA:58,5,1,0
BRDA:99,6,0,0
BRDA:123,7,0,0
BRDA:140,8,0,0
BRDA:140,8,1,0
BRDA:151,9,0,0
BRDA:151,9,1,0
BRDA:151,10,0,0
BRDA:151,10,1,0
BRDA:171,11,0,0
BRDA:171,11,1,0
BRDA:174,12,0,0
BRDA:174,12,1,0
BRF:23
BRH:0
end_of_record
TN:
SF:utils/retry.js
FN:16,retry
FN:20,(anonymous_1)
FN:56,(anonymous_2)
FNF:3
FNH:0
FNDA:0,retry
FNDA:0,(anonymous_1)
FNDA:0,(anonymous_2)
DA:3,0
DA:4,0
DA:17,0
DA:18,0
DA:19,0
DA:20,0
DA:22,0
DA:23,0
DA:25,0
DA:26,0
DA:27,0
DA:29,0
DA:30,0
DA:33,0
DA:34,0
DA:38,0
DA:44,0
DA:47,0
DA:56,0
DA:62,0
DA:65,0
LF:21
LH:0
BRDA:16,0,0,0
BRDA:17,1,0,0
BRDA:17,1,1,0
BRDA:17,1,2,0
BRDA:18,2,0,0
BRDA:18,2,1,0
BRDA:18,2,2,0
BRDA:19,3,0,0
BRDA:19,3,1,0
BRDA:19,3,2,0
BRDA:20,4,0,0
BRDA:20,4,1,0
BRDA:33,5,0,0
BRDA:33,5,1,0
BRF:14
BRH:0
end_of_record
