TN:
SF:app.js
FN:47,(anonymous_0)
FN:55,(anonymous_1)
FN:64,(anonymous_2)
FN:73,(anonymous_3)
FNF:4
FNH:1
FNDA:0,(anonymous_0)
FNDA:2,(anonymous_1)
FNDA:0,(anonymous_2)
FNDA:0,(anonymous_3)
DA:4,11
DA:5,11
DA:6,11
DA:7,11
DA:8,11
DA:9,11
DA:10,11
DA:11,11
DA:12,11
DA:15,11
DA:18,11
DA:19,11
DA:20,11
DA:21,11
DA:22,11
DA:23,11
DA:27,11
DA:28,11
DA:29,11
DA:30,11
DA:31,11
DA:32,11
DA:35,11
DA:36,11
DA:37,11
DA:38,11
DA:39,11
DA:40,11
DA:41,11
DA:44,11
DA:47,11
DA:48,0
DA:55,11
DA:56,2
DA:64,11
DA:65,0
DA:73,11
DA:74,0
DA:81,11
DA:82,11
DA:84,11
LF:41
LH:38
BRDA:68,0,0,0
BRDA:68,0,1,0
BRF:2
BRH:0
end_of_record
TN:
SF:config.js
FNF:0
FNH:0
DA:4,44
DA:7,44
DA:9,44
DA:57,44
LF:4
LH:4
BRDA:13,0,0,44
BRDA:13,0,1,1
BRDA:16,1,0,44
BRDA:16,1,1,44
BRDA:19,2,0,44
BRDA:19,2,1,0
BRDA:23,3,0,44
BRDA:23,3,1,44
BRDA:24,4,0,44
BRDA:24,4,1,44
BRDA:46,5,0,44
BRDA:46,5,1,44
BRF:12
BRH:11
end_of_record
TN:
SF:middleware/auth.js
FN:10,(anonymous_0)
FN:41,(anonymous_1)
FN:61,(anonymous_2)
FNF:3
FNH:3
FNDA:34,(anonymous_0)
FNDA:4,(anonymous_1)
FNDA:4,(anonymous_2)
DA:4,11
DA:5,11
DA:10,11
DA:12,34
DA:13,22
DA:16,12
DA:18,12
DA:19,4
DA:20,4
DA:27,8
DA:28,7
DA:31,1
DA:32,1
DA:41,11
DA:43,4
DA:44,2
DA:48,2
DA:49,2
DA:55,0
DA:61,11
DA:63,4
DA:64,1
DA:68,3
DA:69,2
DA:75,1
DA:78,11
LF:26
LH:25
BRDA:12,0,0,22
BRDA:12,0,1,12
BRDA:12,1,0,34
BRDA:12,1,1,26
BRDA:16,2,0,12
BRDA:16,2,1,5
BRDA:18,3,0,4
BRDA:18,3,1,8
BRDA:27,4,0,7
BRDA:27,4,1,1
BRDA:27,5,0,8
BRDA:27,5,1,1
BRDA:43,6,0,2
BRDA:43,6,1,2
BRDA:48,7,0,2
BRDA:48,7,1,0
BRDA:48,8,0,2
BRDA:48,8,1,1
BRDA:63,9,0,1
BRDA:63,9,1,3
BRDA:68,10,0,2
BRDA:68,10,1,1
BRDA:68,11,0,3
BRDA:68,11,1,3
BRDA:68,11,2,2
BRF:25
BRH:24
end_of_record
TN:
SF:middleware/common.js
FN:10,(anonymous_0)
FN:27,(anonymous_1)
FN:36,(anonymous_2)
FN:41,(anonymous_3)
FN:63,(anonymous_4)
FN:107,(anonymous_5)
FNF:6
FNH:6
FNDA:37,(anonymous_0)
FNDA:1,(anonymous_1)
FNDA:38,(anonymous_2)
FNDA:38,(anonymous_3)
FNDA:4,(anonymous_4)
FNDA:1,(anonymous_5)
DA:4,12
DA:5,12
DA:10,12
DA:12,37
DA:15,37
DA:21,37
DA:27,12
DA:30,1
DA:36,12
DA:38,38
DA:41,38
DA:43,38
DA:46,38
DA:47,37
DA:51,38
DA:54,38
DA:57,38
DA:63,12
DA:65,4
DA:72,4
DA:75,4
DA:77,3
DA:79,1
DA:83,2
DA:85,1
DA:91,1
DA:99,1
DA:100,1
DA:107,12
DA:108,1
DA:109,1
DA:110,1
DA:113,1
DA:116,12
LF:34
LH:34
BRDA:17,0,0,37
BRDA:17,0,1,1
BRDA:43,1,0,38
BRDA:43,1,1,1
BRDA:46,2,0,37
BRDA:46,2,1,1
BRDA:51,3,0,38
BRDA:51,3,1,0
BRDA:68,4,0,4
BRDA:68,4,1,0
BRDA:75,5,0,3
BRDA:75,5,1,1
BRDA:77,6,0,1
BRDA:77,6,1,2
BRDA:83,7,0,1
BRDA:83,7,1,1
BRDA:99,8,0,1
BRDA:99,8,1,0
BRF:18
BRH:15
end_of_record
TN:
SF:middleware/error-handler.js
FN:8,errorHandler
FNF:1
FNH:1
FNDA:5,errorHandler
DA:10,5
DA:13,5
DA:14,5
DA:17,5
DA:18,1
DA:25,4
DA:31,1
LF:7
LH:7
BRDA:13,0,0,5
BRDA:13,0,1,3
BRDA:14,1,0,5
BRDA:14,1,1,1
BRDA:17,2,0,1
BRDA:17,2,1,4
BRF:6
BRH:6
end_of_record
TN:
SF:middleware/globalErrorHandler.js
FN:1,(anonymous_0)
FNF:1
FNH:1
FNDA:2,(anonymous_0)
DA:1,13
DA:2,2
DA:3,2
LF:3
LH:3
BRDA:3,0,0,2
BRDA:3,0,1,2
BRDA:5,1,0,2
BRDA:5,1,1,0
BRF:4
BRH:3
end_of_record
TN:
SF:middleware/validation.js
FN:12,validateRequestBody
FN:13,(anonymous_1)
FN:27,(anonymous_2)
FN:45,validateQueryParams
FN:46,(anonymous_4)
FN:53,(anonymous_5)
FNF:6
FNH:6
FNDA:16,validateRequestBody
FNDA:7,(anonymous_1)
FNDA:8,(anonymous_2)
FNDA:4,validateQueryParams
FNDA:4,(anonymous_4)
FNDA:4,(anonymous_5)
DA:4,12
DA:5,12
DA:13,16
DA:15,7
DA:16,1
DA:20,6
DA:21,1
DA:22,1
DA:23,1
DA:27,8
DA:29,5
DA:30,2
DA:31,2
DA:32,2
DA:36,3
DA:46,4
DA:48,4
DA:49,1
DA:53,4
DA:55,3
DA:56,1
DA:57,1
DA:58,1
DA:62,2
DA:66,12
LF:25
LH:25
BRDA:12,0,0,0
BRDA:15,1,0,1
BRDA:15,1,1,6
BRDA:15,2,0,7
BRDA:15,2,1,7
BRDA:20,3,0,1
BRDA:20,3,1,5
BRDA:29,4,0,2
BRDA:29,4,1,3
BRDA:45,5,0,0
BRDA:48,6,0,1
BRDA:48,6,1,3
BRDA:48,7,0,4
BRDA:48,7,1,4
BRDA:55,8,0,1
BRDA:55,8,1,2
BRF:16
BRH:14
end_of_record
TN:
SF:modules/google-sheets-service.js
FN:27,initialize
FN:54,getProducts
FN:79,(anonymous_2)
FN:101,getInventory
FN:145,(anonymous_4)
FN:154,(anonymous_5)
FN:181,saveInventoryItems
FN:215,(anonymous_7)
FN:266,saveProduct
FN:325,isConnected
FNF:10
FNH:10
FNDA:5,initialize
FNDA:7,getProducts
FNDA:3,(anonymous_2)
FNDA:3,getInventory
FNDA:2,(anonymous_4)
FNDA:2,(anonymous_5)
FNDA:7,saveInventoryItems
FNDA:12,(anonymous_7)
FNDA:5,saveProduct
FNDA:2,isConnected
DA:5,18
DA:6,18
DA:7,18
DA:10,18
DA:11,18
DA:12,18
DA:13,18
DA:20,18
DA:21,18
DA:28,5
DA:29,5
DA:31,5
DA:33,5
DA:38,5
DA:40,5
DA:41,5
DA:42,5
DA:44,0
DA:45,0
DA:46,0
DA:55,7
DA:56,7
DA:59,7
DA:60,5
DA:66,2
DA:67,1
DA:70,2
DA:71,2
DA:72,0
DA:73,0
DA:76,2
DA:79,3
DA:87,2
DA:88,2
DA:90,0
DA:91,0
DA:102,3
DA:103,3
DA:106,3
DA:107,1
DA:131,2
DA:132,0
DA:135,2
DA:136,2
DA:137,1
DA:138,1
DA:141,1
DA:144,1
DA:146,2
DA:147,2
DA:149,2
DA:154,2
DA:166,1
DA:167,1
DA:169,0
DA:170,0
DA:182,7
DA:183,7
DA:186,7
DA:187,1
DA:194,6
DA:195,0
DA:198,6
DA:201,6
DA:202,2
DA:203,2
DA:206,1
DA:207,1
DA:215,5
DA:217,12
DA:218,12
DA:219,12
DA:221,12
DA:235,5
DA:236,4
DA:237,1
DA:238,1
DA:239,2
DA:243,4
DA:245,4
DA:251,2
DA:252,2
DA:267,5
DA:268,5
DA:271,5
DA:272,1
DA:278,4
DA:279,0
DA:282,4
DA:285,4
DA:286,2
DA:287,2
DA:290,2
DA:291,2
DA:296,3
DA:299,3
DA:300,3
DA:309,3
DA:311,3
DA:316,1
DA:317,1
DA:326,2
DA:330,18
LF:103
LH:91
BRDA:10,0,0,18
BRDA:10,0,1,17
BRDA:10,0,2,16
BRDA:11,1,0,18
BRDA:11,1,1,18
BRDA:11,1,2,17
BRDA:12,2,0,18
BRDA:12,2,1,18
BRDA:12,2,2,17
BRDA:59,3,0,5
BRDA:59,3,1,2
BRDA:66,4,0,1
BRDA:66,4,1,1
BRDA:66,5,0,2
BRDA:66,5,1,1
BRDA:71,6,0,0
BRDA:71,6,1,2
BRDA:80,7,0,3
BRDA:80,7,1,0
BRDA:83,8,0,3
BRDA:83,8,1,1
BRDA:106,9,0,1
BRDA:106,9,1,2
BRDA:131,10,0,0
BRDA:131,10,1,2
BRDA:131,11,0,2
BRDA:131,11,1,2
BRDA:136,12,0,1
BRDA:136,12,1,1
BRDA:146,13,0,2
BRDA:146,13,1,0
BRDA:147,14,0,2
BRDA:147,14,1,0
BRDA:150,15,0,2
BRDA:150,15,1,2
BRDA:150,15,2,2
BRDA:150,15,3,2
BRDA:155,16,0,2
BRDA:155,16,1,0
BRDA:156,17,0,2
BRDA:156,17,1,2
BRDA:158,18,0,2
BRDA:158,18,1,0
BRDA:159,19,0,2
BRDA:159,19,1,0
BRDA:186,20,0,1
BRDA:186,20,1,6
BRDA:194,21,0,0
BRDA:194,21,1,6
BRDA:194,22,0,6
BRDA:194,22,1,6
BRDA:201,23,0,2
BRDA:201,23,1,4
BRDA:206,24,0,1
BRDA:206,24,1,0
BRDA:217,25,0,12
BRDA:217,25,1,11
BRDA:217,25,2,10
BRDA:218,26,0,12
BRDA:218,26,1,10
BRDA:218,26,2,8
BRDA:219,27,0,12
BRDA:219,27,1,3
BRDA:219,27,2,0
BRDA:222,28,0,12
BRDA:222,28,1,9
BRDA:227,29,0,12
BRDA:227,29,1,12
BRDA:228,30,0,12
BRDA:228,30,1,0
BRDA:228,30,2,0
BRDA:229,31,0,12
BRDA:229,31,1,12
BRDA:230,32,0,12
BRDA:230,32,1,0
BRDA:230,32,2,0
BRDA:235,33,0,4
BRDA:235,33,1,1
BRDA:237,34,0,1
BRDA:237,34,1,0
BRDA:271,35,0,1
BRDA:271,35,1,4
BRDA:274,36,0,1
BRDA:274,36,1,1
BRDA:278,37,0,0
BRDA:278,37,1,4
BRDA:278,38,0,4
BRDA:278,38,1,4
BRDA:285,39,0,2
BRDA:285,39,1,2
BRDA:290,40,0,2
BRDA:290,40,1,0
BRDA:296,41,0,3
BRDA:296,41,1,2
BRDA:299,42,0,3
BRDA:299,42,1,0
BRDA:303,43,0,3
BRDA:303,43,1,1
BRDA:304,44,0,3
BRDA:304,44,1,1
BRDA:305,45,0,3
BRDA:305,45,1,3
BRF:102
BRH:83
end_of_record
TN:
SF:modules/google-sheets.js
FN:12,getInventory
FN:30,updateInventory
FN:45,addInventoryItem
FN:60,deleteInventoryItem
FN:75,exportInventory
FN:93,getConfigValue
FN:112,createSpreadsheet
FNF:7
FNH:6
FNDA:0,getInventory
FNDA:1,updateInventory
FNDA:1,addInventoryItem
FNDA:1,deleteInventoryItem
FNDA:1,exportInventory
FNDA:5,getConfigValue
FNDA:3,createSpreadsheet
DA:5,1
DA:6,1
DA:13,0
DA:15,0
DA:20,0
DA:21,0
DA:31,1
DA:32,1
DA:33,0
DA:35,1
DA:36,1
DA:46,1
DA:47,1
DA:48,0
DA:50,1
DA:51,1
DA:61,1
DA:62,1
DA:63,0
DA:65,1
DA:66,1
DA:76,1
DA:77,1
DA:78,0
DA:84,1
DA:85,1
DA:94,5
DA:95,2
DA:101,3
DA:113,3
DA:114,3
DA:115,3
DA:116,1
DA:118,3
DA:119,1
DA:121,2
DA:122,2
DA:125,1
LF:38
LH:30
BRDA:94,0,0,2
BRDA:94,0,1,3
BRDA:102,1,0,3
BRDA:102,1,1,0
BRDA:103,2,0,3
BRDA:103,2,1,1
BRDA:104,3,0,3
BRDA:104,3,1,1
BRDA:115,4,0,1
BRDA:115,4,1,2
BRDA:118,5,0,1
BRDA:118,5,1,2
BRF:12
BRH:11
end_of_record
TN:
SF:modules/invoice-processor.js
FN:16,processInvoice
FN:71,extractInvoiceData
FN:109,parseInvoiceText
FN:299,(anonymous_3)
FN:410,convertToInventoryFormat
FN:419,extractInventoryUpdates
FN:436,(anonymous_6)
FN:462,getProcessingHistory
FNF:8
FNH:7
FNDA:3,processInvoice
FNDA:2,extractInvoiceData
FNDA:29,parseInvoiceText
FNDA:74,(anonymous_3)
FNDA:1,convertToInventoryFormat
FNDA:10,extractInventoryUpdates
FNDA:12,(anonymous_6)
FNDA:0,getProcessingHistory
DA:5,19
DA:6,19
DA:7,19
DA:8,19
DA:9,19
DA:17,3
DA:18,3
DA:21,3
DA:22,3
DA:23,0
DA:24,0
DA:25,0
DA:29,3
DA:33,3
DA:34,3
DA:36,0
DA:40,3
DA:43,3
DA:46,3
DA:47,3
DA:48,0
DA:52,3
DA:61,0
DA:62,0
DA:72,2
DA:73,2
DA:76,2
DA:79,2
DA:83,2
DA:84,2
DA:86,0
DA:90,2
DA:92,2
DA:99,0
DA:100,0
DA:110,29
DA:111,29
DA:112,1
DA:116,28
DA:121,28
DA:122,0
DA:132,28
DA:137,0
DA:138,0
DA:143,0
DA:149,0
DA:152,0
DA:153,0
DA:155,0
DA:160,28
DA:161,28
DA:162,28
DA:166,28
DA:177,28
DA:178,38
DA:179,38
DA:180,28
DA:183,28
DA:185,2
DA:186,2
DA:187,26
DA:189,1
DA:190,1
DA:191,1
DA:193,25
DA:195,2
DA:200,2
DA:201,2
DA:202,2
DA:203,2
DA:204,2
DA:205,2
DA:209,28
DA:210,28
DA:215,28
DA:216,28
DA:217,19
DA:220,19
DA:221,19
DA:223,19
DA:232,19
DA:233,0
DA:234,0
DA:239,28
DA:241,3
DA:247,3
DA:253,3
DA:257,25
DA:258,0
DA:263,0
DA:268,0
DA:272,25
DA:273,0
DA:279,0
DA:285,0
DA:291,0
DA:295,25
DA:298,25
DA:299,74
DA:301,25
DA:303,24
DA:304,57
DA:307,57
DA:308,27
DA:314,30
DA:315,30
DA:316,11
DA:322,11
DA:326,19
DA:327,19
DA:328,18
DA:334,18
DA:338,1
DA:339,1
DA:340,0
DA:346,0
DA:350,1
DA:351,1
DA:352,1
DA:358,1
DA:362,0
DA:363,0
DA:364,0
DA:370,0
DA:376,1
DA:379,1
DA:381,0
DA:383,0
DA:393,25
DA:394,1
DA:397,25
DA:399,0
DA:400,0
DA:411,1
DA:420,10
DA:422,10
DA:430,10
DA:431,9
DA:435,9
DA:436,8
DA:438,12
DA:442,12
DA:451,9
DA:453,1
DA:454,1
DA:465,0
DA:485,19
LF:147
LH:109
BRDA:22,0,0,0
BRDA:22,0,1,3
BRDA:33,1,0,3
BRDA:33,1,1,0
BRDA:47,2,0,0
BRDA:47,2,1,3
BRDA:83,3,0,2
BRDA:83,3,1,0
BRDA:111,4,0,1
BRDA:111,4,1,28
BRDA:111,5,0,29
BRDA:111,5,1,28
BRDA:121,6,0,0
BRDA:121,6,1,28
BRDA:132,7,0,0
BRDA:132,7,1,28
BRDA:132,8,0,28
BRDA:132,8,1,28
BRDA:132,8,2,0
BRDA:137,9,0,0
BRDA:137,9,1,0
BRDA:161,10,0,28
BRDA:161,10,1,0
BRDA:179,11,0,28
BRDA:179,11,1,10
BRDA:183,12,0,2
BRDA:183,12,1,26
BRDA:187,13,0,1
BRDA:187,13,1,25
BRDA:190,14,0,1
BRDA:190,14,1,0
BRDA:193,15,0,2
BRDA:193,15,1,23
BRDA:201,16,0,2
BRDA:201,16,1,0
BRDA:202,17,0,2
BRDA:202,17,1,0
BRDA:216,18,0,19
BRDA:216,18,1,9
BRDA:221,19,0,19
BRDA:221,19,1,0
BRDA:232,20,0,19
BRDA:232,20,1,10
BRDA:233,21,0,0
BRDA:233,21,1,0
BRDA:239,22,0,3
BRDA:239,22,1,25
BRDA:239,23,0,28
BRDA:239,23,1,12
BRDA:257,24,0,0
BRDA:257,24,1,25
BRDA:257,25,0,25
BRDA:257,25,1,25
BRDA:257,25,2,0
BRDA:257,25,3,0
BRDA:272,26,0,0
BRDA:272,26,1,25
BRDA:272,27,0,25
BRDA:272,27,1,8
BRDA:272,27,2,0
BRDA:301,28,0,24
BRDA:301,28,1,1
BRDA:307,29,0,27
BRDA:307,29,1,30
BRDA:307,30,0,57
BRDA:307,30,1,46
BRDA:315,31,0,11
BRDA:315,31,1,19
BRDA:320,32,0,11
BRDA:320,32,1,0
BRDA:327,33,0,18
BRDA:327,33,1,1
BRDA:332,34,0,13
BRDA:332,34,1,5
BRDA:339,35,0,0
BRDA:339,35,1,1
BRDA:344,36,0,0
BRDA:344,36,1,0
BRDA:351,37,0,1
BRDA:351,37,1,0
BRDA:356,38,0,1
BRDA:356,38,1,0
BRDA:363,39,0,0
BRDA:363,39,1,0
BRDA:368,40,0,0
BRDA:368,40,1,0
BRDA:381,41,0,0
BRDA:381,41,1,0
BRDA:387,42,0,0
BRDA:387,42,1,0
BRDA:393,43,0,1
BRDA:393,43,1,24
BRDA:430,44,0,9
BRDA:430,44,1,0
BRDA:435,45,0,8
BRDA:435,45,1,1
BRDA:435,46,0,9
BRDA:435,46,1,8
BRDA:438,47,0,9
BRDA:438,47,1,3
BRDA:445,48,0,12
BRDA:445,48,1,0
BRDA:446,49,0,12
BRDA:446,49,1,0
BRF:104
BRH:66
end_of_record
TN:
SF:modules/invoice-service.js
FN:18,processInvoices
FN:27,(anonymous_1)
FN:63,(anonymous_2)
FN:110,processSingleInvoice
FNF:4
FNH:4
FNDA:5,processInvoices
FNDA:9,(anonymous_1)
FNDA:8,(anonymous_2)
FNDA:14,processSingleInvoice
DA:5,13
DA:6,13
DA:7,13
DA:8,13
DA:9,13
DA:10,13
DA:19,5
DA:21,5
DA:23,5
DA:26,4
DA:27,9
DA:29,4
DA:30,1
DA:31,1
DA:38,3
DA:39,3
DA:42,3
DA:43,7
DA:44,7
DA:46,7
DA:48,7
DA:49,7
DA:52,6
DA:60,6
DA:63,8
DA:70,6
DA:72,6
DA:75,1
DA:79,1
DA:83,3
DA:85,3
DA:92,1
DA:95,1
DA:111,14
DA:113,14
DA:117,12
DA:118,12
DA:121,11
DA:122,16
DA:124,16
DA:125,11
DA:128,11
DA:132,11
DA:142,10
DA:149,4
DA:153,4
DA:157,13
LF:47
LH:47
BRDA:29,0,0,1
BRDA:29,0,1,3
BRDA:62,1,0,6
BRDA:62,1,1,0
BRDA:117,2,0,12
BRDA:117,2,1,0
BRDA:117,3,0,12
BRDA:117,3,1,12
BRDA:124,4,0,11
BRDA:124,4,1,5
BRDA:128,5,0,6
BRDA:128,5,1,5
BRF:12
BRH:10
end_of_record
TN:
SF:modules/ocr-service.js
FN:15,extractTextFromPdf
FN:50,extractTextFromImage
FN:94,cleanup
FNF:3
FNH:3
FNDA:6,extractTextFromPdf
FNDA:6,extractTextFromImage
FNDA:8,cleanup
DA:5,15
DA:6,15
DA:7,15
DA:8,15
DA:16,6
DA:17,6
DA:20,6
DA:21,2
DA:22,2
DA:23,2
DA:28,4
DA:29,2
DA:31,2
DA:35,3
DA:38,2
DA:40,4
DA:41,4
DA:51,6
DA:52,6
DA:55,6
DA:56,2
DA:57,2
DA:58,2
DA:63,4
DA:64,1
DA:66,3
DA:70,3
DA:71,3
DA:72,3
DA:73,3
DA:76,3
DA:79,2
DA:82,2
DA:84,4
DA:85,4
DA:95,8
DA:98,5
DA:104,15
LF:38
LH:38
BRDA:20,0,0,2
BRDA:20,0,1,4
BRDA:28,1,0,2
BRDA:28,1,1,2
BRDA:55,2,0,2
BRDA:55,2,1,4
BRDA:63,3,0,1
BRDA:63,3,1,3
BRDA:95,4,0,3
BRDA:95,4,1,5
BRF:10
BRH:10
end_of_record
TN:
SF:modules/translation-service.js
FN:81,detectLanguage
FN:120,translate
FN:189,batchTranslate
FN:235,(anonymous_3)
FN:249,translateJapaneseToFrench
FN:260,translateItems
FN:268,(anonymous_6)
FN:269,(anonymous_7)
FN:270,(anonymous_8)
FN:320,clearCache
FNF:10
FNH:6
FNDA:5,detectLanguage
FNDA:10,translate
FNDA:3,batchTranslate
FNDA:0,(anonymous_3)
FNDA:1,translateJapaneseToFrench
FNDA:2,translateItems
FNDA:0,(anonymous_6)
FNDA:0,(anonymous_7)
FNDA:0,(anonymous_8)
FNDA:25,clearCache
DA:5,30
DA:6,30
DA:10,30
DA:11,30
DA:12,30
DA:14,30
DA:15,14
DA:16,0
DA:20,0
DA:23,14
DA:24,14
DA:27,16
DA:29,16
DA:32,0
DA:37,30
DA:40,30
DA:82,5
DA:85,4
DA:86,2
DA:87,2
DA:88,1
DA:89,1
DA:91,1
DA:93,1
DA:100,2
DA:101,2
DA:103,2
DA:104,1
DA:105,1
DA:106,1
DA:108,0
DA:121,10
DA:123,7
DA:125,7
DA:127,6
DA:128,6
DA:129,1
DA:133,5
DA:134,5
DA:135,5
DA:139,5
DA:140,4
DA:141,4
DA:143,1
DA:145,1
DA:152,0
DA:153,0
DA:155,0
DA:156,0
DA:157,0
DA:158,0
DA:159,0
DA:161,0
DA:162,0
DA:163,0
DA:164,0
DA:165,0
DA:171,0
DA:172,0
DA:173,0
DA:176,0
DA:177,0
DA:190,3
DA:191,1
DA:194,2
DA:196,2
DA:197,0
DA:201,2
DA:202,2
DA:203,2
DA:208,2
DA:209,1
DA:211,1
DA:213,1
DA:220,0
DA:222,0
DA:227,0
DA:235,0
DA:236,0
DA:238,0
DA:239,0
DA:250,1
DA:261,2
DA:262,2
DA:263,2
DA:267,0
DA:268,0
DA:269,0
DA:270,0
DA:271,0
DA:293,0
DA:294,0
DA:295,0
DA:296,0
DA:297,0
DA:298,0
DA:301,0
DA:302,0
DA:309,0
DA:311,0
DA:312,0
DA:321,25
DA:324,30
LF:103
LH:58
BRDA:11,0,0,30
BRDA:11,0,1,0
BRDA:15,1,0,0
BRDA:15,1,1,14
BRDA:15,2,0,14
BRDA:15,2,1,0
BRDA:82,3,0,1
BRDA:82,3,1,4
BRDA:85,4,0,2
BRDA:85,4,1,2
BRDA:85,5,0,4
BRDA:85,5,1,2
BRDA:88,6,0,0
BRDA:88,6,1,1
BRDA:89,7,0,1
BRDA:89,7,1,0
BRDA:89,8,0,1
BRDA:89,8,1,1
BRDA:103,9,0,1
BRDA:103,9,1,1
BRDA:105,10,0,1
BRDA:105,10,1,0
BRDA:120,11,0,0
BRDA:120,12,0,0
BRDA:121,13,0,3
BRDA:121,13,1,7
BRDA:123,14,0,0
BRDA:123,14,1,7
BRDA:125,15,0,1
BRDA:125,15,1,6
BRDA:128,16,0,1
BRDA:128,16,1,5
BRDA:133,17,0,5
BRDA:133,17,1,0
BRDA:133,18,0,5
BRDA:133,18,1,5
BRDA:153,19,0,0
BRDA:153,19,1,0
BRDA:155,20,0,0
BRDA:155,20,1,0
BRDA:155,21,0,0
BRDA:155,21,1,0
BRDA:156,22,0,0
BRDA:156,22,1,0
BRDA:161,23,0,0
BRDA:161,23,1,0
BRDA:161,24,0,0
BRDA:161,24,1,0
BRDA:162,25,0,0
BRDA:162,25,1,0
BRDA:189,26,0,0
BRDA:189,27,0,0
BRDA:190,28,0,1
BRDA:190,28,1,2
BRDA:190,29,0,3
BRDA:190,29,1,3
BRDA:194,30,0,0
BRDA:194,30,1,2
BRDA:194,31,0,0
BRDA:194,31,1,0
BRDA:196,32,0,0
BRDA:196,32,1,2
BRDA:201,33,0,2
BRDA:201,33,1,0
BRDA:201,34,0,2
BRDA:201,34,1,2
BRDA:209,35,0,1
BRDA:209,35,1,0
BRDA:222,36,0,0
BRDA:222,36,1,0
BRDA:222,37,0,0
BRDA:222,37,1,0
BRDA:222,37,2,0
BRDA:222,37,3,0
BRDA:222,37,4,0
BRDA:260,38,0,2
BRDA:260,39,0,2
BRDA:262,40,0,2
BRDA:262,40,1,0
BRDA:262,41,0,2
BRDA:262,41,1,1
BRDA:267,42,0,0
BRDA:267,42,1,0
BRDA:267,43,0,0
BRDA:267,43,1,0
BRDA:267,43,2,0
BRDA:267,43,3,0
BRDA:267,43,4,0
BRDA:295,44,0,0
BRDA:295,44,1,0
BRDA:295,44,2,0
BRDA:295,44,3,0
BRDA:296,45,0,0
BRDA:296,45,1,0
BRF:94
BRH:41
end_of_record
TN:
SF:modules/voice-processor.js
FN:41,processVoiceFile
FN:89,transcribeAudio
FN:123,extractInventoryItems
FN:133,extractInventoryData
FN:185,capitalizeFirstLetter
FN:194,standardizeUnit
FN:216,textToNumber
FNF:7
FNH:4
FNDA:5,processVoiceFile
FNDA:1,transcribeAudio
FNDA:1,extractInventoryItems
FNDA:1,extractInventoryData
FNDA:0,capitalizeFirstLetter
FNDA:0,standardizeUnit
FNDA:0,textToNumber
DA:5,14
DA:6,14
DA:7,14
DA:8,14
DA:9,14
DA:10,14
DA:11,14
DA:14,14
DA:15,14
DA:18,14
DA:42,5
DA:44,5
DA:45,5
DA:46,5
DA:48,2
DA:49,1
DA:51,1
DA:57,5
DA:58,5
DA:60,2
DA:61,2
DA:65,3
DA:74,0
DA:75,0
DA:82,14
DA:90,1
DA:92,1
DA:95,1
DA:105,1
DA:106,1
DA:108,1
DA:113,0
DA:114,0
DA:124,1
DA:125,0
DA:134,1
DA:135,0
DA:143,1
DA:145,1
DA:146,1
DA:161,0
DA:163,0
DA:170,0
DA:171,0
DA:186,0
DA:196,0
DA:197,0
DA:201,0
DA:208,0
DA:217,0
DA:220,0
DA:221,0
DA:225,0
DA:226,0
DA:230,0
DA:233,14
LF:56
LH:35
BRDA:14,0,0,14
BRDA:14,0,1,14
BRDA:14,0,2,14
BRDA:41,1,0,5
BRDA:48,2,0,1
BRDA:48,2,1,1
BRDA:105,3,0,1
BRDA:105,3,1,0
BRDA:106,4,0,1
BRDA:106,4,1,0
BRDA:124,5,0,1
BRDA:124,5,1,0
BRDA:134,6,0,0
BRDA:134,6,1,1
BRDA:134,7,0,1
BRDA:134,7,1,1
BRDA:134,7,2,1
BRDA:145,8,0,1
BRDA:145,8,1,0
BRDA:196,9,0,0
BRDA:196,9,1,0
BRDA:208,10,0,0
BRDA:208,10,1,0
BRDA:217,11,0,0
BRDA:217,11,1,0
BRDA:220,12,0,0
BRDA:220,12,1,0
BRDA:225,13,0,0
BRDA:225,13,1,0
BRF:29
BRH:14
end_of_record
TN:
SF:modules/voice-workflow.js
FN:17,processVoiceRecording
FN:56,(anonymous_1)
FNF:2
FNH:2
FNDA:4,processVoiceRecording
FNDA:4,(anonymous_1)
DA:5,1
DA:6,1
DA:7,1
DA:8,1
DA:9,1
DA:18,4
DA:20,4
DA:22,4
DA:23,1
DA:27,3
DA:28,1
DA:38,2
DA:41,2
DA:42,0
DA:43,0
DA:53,2
DA:56,4
DA:63,2
DA:64,2
DA:67,2
DA:75,1
DA:76,1
DA:80,1
LF:23
LH:21
BRDA:22,0,0,1
BRDA:22,0,1,3
BRDA:27,1,0,1
BRDA:27,1,1,2
BRDA:41,2,0,0
BRDA:41,2,1,2
BRDA:41,3,0,2
BRDA:41,3,1,2
BRDA:53,4,0,2
BRDA:53,4,1,0
BRDA:57,5,0,4
BRDA:57,5,1,0
BRDA:58,6,0,4
BRDA:58,6,1,0
BRDA:59,7,0,4
BRDA:59,7,1,0
BRDA:63,8,0,2
BRDA:63,8,1,0
BRF:18
BRH:12
end_of_record
TN:
SF:routes/auth-routes.js
FN:24,(anonymous_0)
FN:32,(anonymous_1)
FN:50,(anonymous_2)
FN:74,(anonymous_3)
FNF:4
FNH:4
FNDA:2,(anonymous_0)
FNDA:2,(anonymous_1)
FNDA:2,(anonymous_2)
FNDA:1,(anonymous_3)
DA:4,12
DA:5,12
DA:6,12
DA:7,12
DA:8,12
DA:9,12
DA:12,12
DA:15,12
DA:24,12
DA:25,2
DA:26,2
DA:28,2
DA:29,0
DA:32,2
DA:34,2
DA:35,1
DA:38,1
DA:39,1
DA:41,0
DA:50,12
DA:51,2
DA:52,2
DA:53,2
DA:54,0
DA:57,2
DA:58,2
DA:59,2
DA:60,1
DA:62,1
DA:65,0
DA:74,12
DA:75,1
DA:76,1
DA:78,1
DA:79,0
DA:82,1
DA:83,1
DA:84,1
DA:85,1
DA:87,0
DA:90,0
DA:94,12
LF:42
LH:35
BRDA:12,0,0,12
BRDA:12,0,1,12
BRDA:12,0,2,12
BRDA:28,1,0,0
BRDA:28,1,1,2
BRDA:28,2,0,2
BRDA:28,2,1,2
BRDA:32,3,0,2
BRDA:32,3,1,1
BRDA:34,4,0,1
BRDA:34,4,1,1
BRDA:53,5,0,0
BRDA:53,5,1,2
BRDA:53,6,0,2
BRDA:53,6,1,2
BRDA:78,7,0,0
BRDA:78,7,1,1
BRF:17
BRH:14
end_of_record
TN:
SF:routes/health.js
FN:14,(anonymous_0)
FN:24,(anonymous_1)
FNF:2
FNH:2
FNDA:1,(anonymous_0)
FNDA:1,(anonymous_1)
DA:4,12
DA:5,12
DA:6,12
DA:7,12
DA:14,12
DA:15,1
DA:16,1
DA:24,12
DA:25,1
DA:26,1
DA:32,1
DA:33,1
DA:35,0
DA:36,0
DA:40,12
LF:15
LH:13
BRF:0
BRH:0
end_of_record
TN:
SF:routes/i18n-routes.js
FN:79,(anonymous_0)
FN:114,(anonymous_1)
FN:135,(anonymous_2)
FN:172,(anonymous_3)
FN:220,(anonymous_4)
FN:275,(anonymous_5)
FN:307,(anonymous_6)
FNF:7
FNH:7
FNDA:2,(anonymous_0)
FNDA:1,(anonymous_1)
FNDA:2,(anonymous_2)
FNDA:5,(anonymous_3)
FNDA:5,(anonymous_4)
FNDA:3,(anonymous_5)
FNDA:2,(anonymous_6)
DA:4,12
DA:5,12
DA:6,12
DA:7,12
DA:8,12
DA:11,12
DA:12,12
DA:15,12
DA:79,12
DA:80,2
DA:81,2
DA:84,2
DA:85,1
DA:93,1
DA:95,1
DA:101,0
DA:114,12
DA:115,1
DA:116,1
DA:122,0
DA:135,12
DA:136,2
DA:137,2
DA:138,2
DA:141,2
DA:142,1
DA:150,1
DA:151,1
DA:153,1
DA:160,0
DA:172,12
DA:173,5
DA:174,5
DA:176,5
DA:177,1
DA:183,4
DA:184,1
DA:191,3
DA:192,3
DA:193,1
DA:194,1
DA:197,3
DA:199,2
DA:207,1
DA:208,1
DA:220,12
DA:221,5
DA:222,5
DA:224,5
DA:225,1
DA:231,4
DA:232,1
DA:238,3
DA:239,0
DA:246,3
DA:247,3
DA:248,1
DA:249,1
DA:252,3
DA:254,2
DA:262,1
DA:263,1
DA:275,12
DA:276,3
DA:277,3
DA:279,3
DA:280,1
DA:286,2
DA:288,1
DA:294,1
DA:295,1
DA:307,12
DA:308,2
DA:309,2
DA:311,1
DA:313,1
DA:318,1
DA:319,1
DA:328,12
DA:330,12
DA:331,12
DA:332,12
LF:82
LH:78
BRDA:81,0,0,2
BRDA:81,0,1,0
BRDA:84,1,0,1
BRDA:84,1,1,1
BRDA:93,2,0,1
BRDA:93,2,1,0
BRDA:138,3,0,2
BRDA:138,3,1,0
BRDA:141,4,0,1
BRDA:141,4,1,1
BRDA:150,5,0,1
BRDA:150,5,1,0
BRDA:151,6,0,1
BRDA:151,6,1,0
BRDA:176,7,0,1
BRDA:176,7,1,4
BRDA:183,8,0,1
BRDA:183,8,1,3
BRDA:192,9,0,1
BRDA:192,9,1,2
BRDA:224,10,0,1
BRDA:224,10,1,4
BRDA:231,11,0,1
BRDA:231,11,1,3
BRDA:238,12,0,0
BRDA:238,12,1,3
BRDA:247,13,0,1
BRDA:247,13,1,2
BRDA:247,14,0,3
BRDA:247,14,1,1
BRDA:279,15,0,1
BRDA:279,15,1,2
BRF:32
BRH:26
end_of_record
TN:
SF:routes/inventory-routes.js
FN:17,(anonymous_0)
FN:42,(anonymous_1)
FN:70,(anonymous_2)
FNF:3
FNH:3
FNDA:4,(anonymous_0)
FNDA:6,(anonymous_1)
FNDA:4,(anonymous_2)
DA:4,11
DA:5,11
DA:6,11
DA:7,11
DA:8,11
DA:9,11
DA:10,11
DA:17,11
DA:18,4
DA:19,4
DA:20,4
DA:22,4
DA:23,4
DA:29,0
DA:30,0
DA:42,11
DA:43,6
DA:44,6
DA:46,6
DA:47,1
DA:50,5
DA:51,5
DA:53,5
DA:54,5
DA:60,0
DA:61,0
DA:70,11
DA:71,4
DA:72,4
DA:74,4
DA:75,1
DA:82,3
DA:83,4
DA:84,0
DA:91,3
DA:92,3
DA:94,3
DA:95,3
DA:97,0
DA:98,0
DA:105,11
LF:41
LH:34
BRDA:46,0,0,1
BRDA:46,0,1,5
BRDA:74,1,0,1
BRDA:74,1,1,3
BRDA:83,2,0,0
BRDA:83,2,1,4
BRDA:83,3,0,4
BRDA:83,3,1,4
BRDA:83,3,2,4
BRF:9
BRH:8
end_of_record
TN:
SF:routes/invoice-routes.js
FN:28,(anonymous_0)
FN:70,(anonymous_1)
FN:96,(anonymous_2)
FN:119,(anonymous_3)
FNF:4
FNH:3
FNDA:3,(anonymous_0)
FNDA:1,(anonymous_1)
FNDA:0,(anonymous_2)
FNDA:1,(anonymous_3)
DA:4,11
DA:5,11
DA:6,11
DA:7,11
DA:8,11
DA:9,11
DA:10,11
DA:11,11
DA:12,11
DA:13,11
DA:14,11
DA:17,11
DA:28,11
DA:29,3
DA:31,3
DA:32,1
DA:38,2
DA:39,1
DA:45,1
DA:47,1
DA:52,1
DA:57,0
DA:58,0
DA:70,11
DA:71,1
DA:72,1
DA:74,1
DA:76,1
DA:78,1
DA:83,0
DA:84,0
DA:96,11
DA:97,0
DA:99,0
DA:101,0
DA:106,0
DA:107,0
DA:119,11
DA:120,1
DA:121,1
DA:122,1
DA:124,0
DA:129,1
DA:135,0
DA:143,11
DA:144,11
DA:145,11
DA:146,11
DA:149,11
DA:150,11
LF:50
LH:39
BRDA:31,0,0,1
BRDA:31,0,1,2
BRDA:38,1,0,1
BRDA:38,1,1,1
BRDA:45,2,0,1
BRDA:45,2,1,0
BRDA:122,3,0,0
BRDA:122,3,1,1
BRF:8
BRH:6
end_of_record
TN:
SF:routes/voice-routes.js
FN:24,(anonymous_0)
FN:74,(anonymous_1)
FNF:2
FNH:2
FNDA:5,(anonymous_0)
FNDA:2,(anonymous_1)
DA:4,10
DA:5,10
DA:6,10
DA:7,10
DA:8,10
DA:9,10
DA:10,10
DA:11,10
DA:14,10
DA:15,10
DA:21,10
DA:25,5
DA:26,5
DA:29,5
DA:30,1
DA:31,1
DA:38,4
DA:39,0
DA:40,0
DA:47,4
DA:53,4
DA:55,4
DA:58,4
DA:64,0
DA:65,0
DA:74,10
DA:75,2
DA:82,10
LF:28
LH:24
BRDA:29,0,0,1
BRDA:29,0,1,4
BRDA:38,1,0,0
BRDA:38,1,1,4
BRF:4
BRH:3
end_of_record
TN:
SF:utils/database-utils.js
FN:22,(anonymous_0)
FN:31,(anonymous_1)
FN:48,(anonymous_2)
FN:54,(anonymous_3)
FN:72,(anonymous_4)
FN:116,(anonymous_5)
FN:118,(anonymous_6)
FN:166,(anonymous_7)
FN:195,(anonymous_8)
FN:206,(anonymous_9)
FN:216,(anonymous_10)
FN:229,(anonymous_11)
FN:234,(anonymous_12)
FN:247,(anonymous_13)
FN:251,(anonymous_14)
FN:262,(anonymous_15)
FNF:16
FNH:14
FNDA:1,(anonymous_0)
FNDA:1,(anonymous_1)
FNDA:2,(anonymous_2)
FNDA:2,(anonymous_3)
FNDA:6,(anonymous_4)
FNDA:3,(anonymous_5)
FNDA:4,(anonymous_6)
FNDA:2,(anonymous_7)
FNDA:7,(anonymous_8)
FNDA:4,(anonymous_9)
FNDA:8,(anonymous_10)
FNDA:2,(anonymous_11)
FNDA:0,(anonymous_12)
FNDA:1,(anonymous_13)
FNDA:0,(anonymous_14)
FNDA:12,(anonymous_15)
DA:6,13
DA:12,13
DA:22,13
DA:23,1
DA:31,13
DA:32,1
DA:34,1
DA:35,1
DA:36,1
DA:38,0
DA:39,0
DA:48,13
DA:49,2
DA:50,2
DA:52,2
DA:53,2
DA:54,2
DA:55,2
DA:58,2
DA:60,0
DA:61,0
DA:72,13
DA:73,6
DA:75,6
DA:76,6
DA:79,6
DA:81,6
DA:82,2
DA:85,6
DA:88,6
DA:89,2
DA:96,4
DA:97,4
DA:98,0
DA:105,4
DA:106,4
DA:107,4
DA:111,4
DA:113,4
DA:114,4
DA:116,4
DA:117,3
DA:118,4
DA:119,3
DA:120,0
DA:127,3
DA:130,0
DA:135,4
DA:136,4
DA:137,2
DA:140,0
DA:145,4
DA:153,0
DA:154,0
DA:166,13
DA:167,2
DA:168,2
DA:169,0
DA:170,0
DA:176,2
DA:177,2
DA:179,2
DA:185,0
DA:186,0
DA:195,13
DA:196,7
DA:198,7
DA:200,7
DA:201,7
DA:202,7
DA:203,7
DA:204,7
DA:205,4
DA:206,4
DA:211,0
DA:215,3
DA:216,8
DA:219,0
DA:220,0
DA:229,13
DA:230,2
DA:232,2
DA:233,2
DA:234,0
DA:237,0
DA:238,0
DA:247,13
DA:248,1
DA:250,1
DA:251,1
DA:253,0
DA:254,0
DA:262,13
DA:263,12
DA:266,13
LF:95
LH:73
BRDA:22,0,0,0
BRDA:31,1,0,1
BRDA:50,2,0,0
BRDA:50,2,1,2
BRDA:55,3,0,2
BRDA:55,3,1,2
BRDA:55,3,2,0
BRDA:55,3,3,0
BRDA:58,4,0,2
BRDA:58,4,1,0
BRDA:75,5,0,4
BRDA:75,5,1,2
BRDA:75,6,0,2
BRDA:75,6,1,0
BRDA:76,7,0,2
BRDA:76,7,1,4
BRDA:81,8,0,2
BRDA:81,8,1,4
BRDA:81,9,0,6
BRDA:81,9,1,4
BRDA:81,9,2,4
BRDA:85,10,0,0
BRDA:85,10,1,6
BRDA:88,11,0,2
BRDA:88,11,1,4
BRDA:97,12,0,0
BRDA:97,12,1,4
BRDA:97,13,0,4
BRDA:97,13,1,0
BRDA:105,14,0,4
BRDA:105,14,1,0
BRDA:117,15,0,3
BRDA:117,15,1,0
BRDA:119,16,0,0
BRDA:119,16,1,3
BRDA:136,17,0,2
BRDA:136,17,1,2
BRDA:136,18,0,4
BRDA:136,18,1,4
BRDA:168,19,0,0
BRDA:168,19,1,2
BRDA:176,20,0,2
BRDA:176,20,1,1
BRDA:177,21,0,2
BRDA:177,21,1,1
BRDA:196,22,0,4
BRDA:196,22,1,3
BRDA:202,23,0,7
BRDA:202,23,1,0
BRDA:204,24,0,4
BRDA:204,24,1,3
BRDA:204,25,0,7
BRDA:204,25,1,5
BRDA:205,26,0,2
BRDA:205,26,1,2
BRDA:215,27,0,2
BRDA:215,27,1,1
BRDA:230,28,0,2
BRDA:230,28,1,0
BRDA:233,29,0,2
BRDA:233,29,1,0
BRDA:251,30,0,1
BRDA:251,30,1,1
BRF:63
BRH:47
end_of_record
TN:
SF:utils/error-handler.js
FN:10,(anonymous_0)
FN:22,(anonymous_1)
FN:32,(anonymous_2)
FN:41,(anonymous_3)
FN:50,(anonymous_4)
FN:59,(anonymous_5)
FN:68,(anonymous_6)
FN:77,(anonymous_7)
FN:87,(anonymous_8)
FN:96,(anonymous_9)
FN:108,createValidationError
FN:117,createAuthenticationError
FN:126,createAuthorizationError
FN:135,createNotFoundError
FN:144,createConflictError
FN:153,createRateLimitError
FN:163,createExternalServiceError
FN:172,createInternalError
FN:183,errorMiddleware
FN:207,asyncHandler
FN:208,(anonymous_20)
FNF:21
FNH:7
FNDA:15,(anonymous_0)
FNDA:9,(anonymous_1)
FNDA:0,(anonymous_2)
FNDA:0,(anonymous_3)
FNDA:2,(anonymous_4)
FNDA:0,(anonymous_5)
FNDA:0,(anonymous_6)
FNDA:4,(anonymous_7)
FNDA:0,(anonymous_8)
FNDA:1,(anonymous_9)
FNDA:1,createValidationError
FNDA:0,createAuthenticationError
FNDA:0,createAuthorizationError
FNDA:0,createNotFoundError
FNDA:0,createConflictError
FNDA:0,createRateLimitError
FNDA:0,createExternalServiceError
FNDA:0,createInternalError
FNDA:1,errorMiddleware
FNDA:0,asyncHandler
FNDA:0,(anonymous_20)
DA:4,24
DA:11,15
DA:12,15
DA:13,15
DA:14,15
DA:23,9
DA:24,9
DA:33,0
DA:42,0
DA:51,2
DA:60,0
DA:69,0
DA:78,4
DA:79,4
DA:88,0
DA:97,1
DA:98,1
DA:109,1
DA:118,0
DA:127,0
DA:136,0
DA:145,0
DA:154,0
DA:164,0
DA:173,0
DA:184,1
DA:185,1
DA:188,1
DA:196,1
DA:208,0
DA:209,0
DA:213,24
LF:32
LH:18
BRDA:22,0,0,9
BRDA:184,1,0,1
BRDA:184,1,1,0
BRDA:185,2,0,1
BRDA:185,2,1,0
BRF:5
BRH:3
end_of_record
TN:
SF:utils/logger.js
FN:8,(anonymous_0)
FN:12,(anonymous_1)
FN:16,(anonymous_2)
FN:20,(anonymous_3)
FNF:4
FNH:4
FNDA:90,(anonymous_0)
FNDA:18,(anonymous_1)
FNDA:8,(anonymous_2)
FNDA:4,(anonymous_3)
DA:7,33
DA:9,90
DA:13,18
DA:17,8
DA:21,4
DA:22,1
DA:27,33
LF:7
LH:7
BRDA:8,0,0,55
BRDA:12,1,0,17
BRDA:16,2,0,8
BRDA:20,3,0,4
BRDA:21,4,0,1
BRDA:21,4,1,3
BRF:6
BRH:6
end_of_record
TN:
SF:utils/monitoring.js
FN:20,recordApiUsage
FN:32,recordError
FN:50,recordResponseTime
FN:63,getMetrics
FN:64,(anonymous_4)
FN:65,(anonymous_5)
FN:67,(anonymous_6)
FN:85,getSystemHealth
FN:106,resetMetrics
FN:116,shutdown
FNF:10
FNH:6
FNDA:50,recordApiUsage
FNDA:3,recordError
FNDA:0,recordResponseTime
FNDA:2,getMetrics
FNDA:4,(anonymous_4)
FNDA:2,(anonymous_5)
FNDA:0,(anonymous_6)
FNDA:1,getSystemHealth
FNDA:0,resetMetrics
FNDA:0,shutdown
DA:4,14
DA:5,14
DA:8,14
DA:21,50
DA:22,29
DA:24,50
DA:33,3
DA:34,3
DA:36,3
DA:38,3
DA:39,2
DA:41,3
DA:43,3
DA:51,0
DA:54,0
DA:55,0
DA:64,4
DA:65,2
DA:66,2
DA:67,0
DA:70,2
DA:86,1
DA:87,1
DA:92,1
DA:94,1
DA:107,0
DA:108,0
DA:109,0
DA:110,0
DA:117,0
DA:120,14
LF:31
LH:22
BRDA:21,0,0,29
BRDA:21,0,1,21
BRDA:32,1,0,0
BRDA:33,2,0,3
BRDA:33,2,1,0
BRDA:34,3,0,3
BRDA:34,3,1,0
BRDA:34,3,2,0
BRDA:38,4,0,2
BRDA:38,4,1,1
BRDA:54,5,0,0
BRDA:54,5,1,0
BRDA:66,6,0,0
BRDA:66,6,1,2
BRDA:74,7,0,2
BRDA:74,7,1,0
BRF:16
BRH:8
end_of_record
